Trying 192.168.1.90...
Connected to 192.168.1.90.
Escape character is '^]'.

User Name : apap
Password  : ap**


American Power Conversion               Network Management Card AOS      v3.5.8
(c) Copyright 2007 All Rights Reserved  Rack PDU APP                     v3.5.7
-------------------------------------------------------------------------------
Name      : RackPDU                                   Date : 05/25/2008
Contact   : XXL                                       Time : 00:57:38
Location  : TestLab                                   User : Outlet User
Up Time   : 40 Days 19 Hours 19 Minutes               Stat : P+ N+ A+

Switched Rack PDU: Communication Established

------- Control Console -------------------------------------------------------

     1- Device Manager
     2- Network
     3- System
     4- Logout

     <ESC>- Main Menu, <ENTER>- Refresh
> 

------- Control Console -------------------------------------------------------

     1- Device Manager
     2- Network
     3- System
     4- Logout

     <ESC>- Main Menu, <ENTER>- Refresh
> 1

------- Control Console -------------------------------------------------------

     1- Device Manager
     2- Network
     3- System
     4- Logout

     <ESC>- Main Menu, <ENTER>- Refresh
> 21

------- Device Manager --------------------------------------------------------

     1- Phase Monitor
     2- Outlet Management
     3- Power Supply Status

     <ESC>- Back, <ENTER>- Refresh
> 12

------- Outlet Management -----------------------------------------------------

     1- Outlet Control/Configuration

     <ESC>- Back, <ENTER>- Refresh
> 11

------- Outlet Control/Configuration ------------------------------------------

     1- Outlet 1                 ON
     2- Outlet 2                 ON
     3- Outlet 3                 ON
     4- Outlet 4                 ON
     5- Outlet 5                 ON
     6- Outlet 6                 ON
     7- Outlet 7                 ON
     8- Outlet 8                 ON
     9- ALL Accessible Outlets

     <ESC>- Back, <ENTER>- Refresh
> 