
[!p[?3;4l[4l>[0m(B[?1h=[H[2J[?12l[?25h
Welcome to minicom 2.7

OPTIONS: I18n 
Compiled on Jan  1 2014, 17:13:19.
Port /dev/ttyUSB0, 15:31:44

Press CTRL-A Z for help on special keys


root@dm816x:~# reboot

reboot

Broadcast message from root@dm816x (console) (Mon Jul 13 19:18:19 2015):

The system is going down for reboot NOW!
INIT: Switching to runINIT: Sending processes the TERM signal
Ctrl +C received---------------------------------
SIGTERM Signal number = 15, Signal errno = 0
-------------Begin exit xz_nvs_exe.bin  ----------------------
1-------------------------------------------
msgnum = 1
src = 675
cmd = 38
Get message WEBEXIT
[23;80H [24;1Hroot@dm816x:~# 3-------------------------------------------
[23;80H [24;1Hxz_stop_rtsp Exit Completed 
[23;80H [24;1HEricDebug: success release rtsp
[23;80H [24;1H
[23;80H [24;1H [host]  AVSERVER UI: Stopping Streaming Server...
[23;80H [24;1Hkillall: wis-streamer: no process killed
[23;80H [24;1HStopping telnet daemon.
[23;80H [24;1HStopping system message bus: dbus.
[23;80H [24;1HStopping syslogd/klogd: stopped syslogd (pid 572)
[23;80H [24;1Hstopped klogd (pid 574)
[23;80H [24;1Hdone
[23;80H [24;1HALSA: Storing mixer settings...
[23;80H [24;1HDeconfiguring network interfaces... done.
[23;80H [24;1HSending all processes the TERM signal...
[23;80H [24;1HCtrl +C received---------------------------------
[23;80H [24;1HSIGTERM Signal number = 15, Signal errno = 0
[23;80H [24;1H
[23;80H [24;1H [host]  AVSERVER UI: Stopping Streaming Server...DONE
[23;80H [24;1Hxz_stop_rtsp AVSERVER_rtspServerStop finish
[23;80H [24;1Hxz_stop_rtsp AVSERVER_stop finish
[23;80H [24;1H
[23;80H [24;1H [host] OSA_tskDelete:In progress...xz_stop_rtsp AVSERVER_exit finish
[23;80H [24;1Hxz_stop_rtsp Exit Completed 
[23;80H [24;1HEricDebug: repeat release rtsp
[23;80H [24;1H
[23;80H [24;1H [host]  49428: IPC_BITS_IN   : Stop Done !!!
[23;80H [24;1H
[23;80H [24;1H [host] 49448: IPCBITSIN:Link[3000001a]:
[23;80H [24;1H [host] RECV:1120[24;25HFREE:1115,DROPPED:0,AVGLATENCY:10,AVG_APP_CB_TIME:0
[23;80H [24;1H [host]  49448: IPC_BITS_IN   : Delete in progress 