
[!p[?3;4l[4l>[0m(B[?1h=[H[2J[?12l[?25h
Welcome to minicom 2.7

OPTIONS: I18n 
Compiled on Jan  1 2014, 17:13:19.
Port /dev/ttyUSB1, 10:24:56

Press CTRL-A Z for help on special keys


bootcmd=if mmc rescan 0; then if run loadbootscript; then run bootscript; else e[11;80Hc[11;80Hh[11;80Ho[11;80H [11;80HI[11;80Hn[11;80H [11;80Hc[11;80Ha[11;80Hs[11;80He[11;80H [11;80HE[11;80HN[11;80HV[11;80H [11;80Ho[11;80Hn[11;80H [11;80HM[11;80HM[11;80HC[11;80H/[11;80HS[11;80HD[11;80H [11;80Hi[11;80Hs[11;80H [11;80Hr[11;80He[11;80Hq[11;80Hu[11;80Hi[11;80Hr[11;80He[11;80Hd[11;80H;[11;80H [11;80He[11;80Hc[11;80Hh[11;80Ho[11;80H [11;80HP[11;80Hl[11;80He[11;80Ha[11;80Hs[11;80He[11;80H [11;80Hp[11;80Hu[11;80Ht[11;80H [11;80Ha[11;80H [11;80Hv[11;80Ha[11;80Hl[11;80Hi[11;80Hd[11;80H [11;80Hs[11;80Hc[11;80Hr[11;80Hi[11;80Hp[11;80Ht[11;80H [11;80Hn[11;80Ha[11;80Hm[11;80He[11;80Hd[11;80H [11;80Hb[11;80Ho[11;80Ho[11;80Ht[11;80H.[11;80Hs[11;80Hc[11;80Hr[11;80H [11;80Ho[11;80Hn[11;80H [11;80Ht[11;80Hh[11;80He[11;80H [11;80Hc[11;80Ha[11;80Hr[11;80Hd[11;80H;[11;80H [11;80He[11;80Hc[11;80Hh[11;80Ho[11;80H [11;80HR[11;80He[11;80Hf[11;80He[11;80Hr[11;80H [11;80Ht[11;80Ho[11;80H [11;80Ht[11;80Hh[11;80He[11;80H [11;80HU[11;80Hs[11;80He[11;80Hr[11;80H [11;80HG[11;80Hu[11;80Hi[11;80Hd[11;80He[11;80H [11;80Ho[11;80Hn[11;80H [11;80Hh[11;80Ho[11;80Hw[11;80H [11;80Ht[11;80Ho[11;80H [11;80Hg[11;80He[11;80Hn[11;80He[11;80Hr[11;80Ha[11;80Ht[11;80He[11;80H [11;80Ht[11;80Hh[11;80He[11;80H [11;80Hi[11;80Hm[11;80Ha[11;80Hg[11;80He[11;80H;[11;80H [11;80Hf[11;80Hi[11;80H;[11;80H [11;80He[11;80Hl[11;80Hs[11;80He[11;80H [11;80He[11;80Hc[11;80Hh[11;80Ho[11;80H [11;80HP[11;80Hl[11;80He[11;80Ha[11;80Hs[11;80He[11;80H [11;80Hs[11;80He[11;80Ht[11;80H [11;80Hb[11;80Ho[11;80Ho[11;80Ht[11;80Ha[11;80Hr[11;80Hg[11;80Hs[11;80H [11;80Ha[11;80Hn[11;80Hd[11;80H [11;80Hb[11;80Ho[11;80Ho[11;80Ht[11;80Hc[11;80Hm[11;80Hd[11;80H [11;80Hb[11;80He[11;80Hf[11;80Ho[11;80Hr[11;80He[11;80H [11;80Hb[11;80Ho[11;80Ho[11;80Ht[11;80Hi[11;80Hn[11;80Hg[11;80H [11;80Ht[11;80Hh[11;80He[11;80H [11;80Hk[11;80He[11;80Hr[11;80Hn[11;80He[11;80Hl[11;80H;[11;80H [11;80He[11;80Hc[11;80Hh[11;80Ho[11;80H [11;80HI[11;80Hf[11;80H [11;80Ht[11;80Hh[11;80Ha[11;80Ht[11;80H [11;80Hh[11;80Ha[11;80Hs[11;80H [11;80Ha[11;80Hl[11;80Hr[11;80He[11;80Ha[11;80Hd[11;80Hy[11;80H [11;80Hb[11;80He[11;80He[11;80Hn[11;80H [11;80Hd[11;80Ho[11;80Hn[11;80He[11;80H [11;80Hp[11;80Hl[11;80He[11;80Ha[11;80Hs[11;80He[11;80H [11;80Hi[11;80Hg[11;80Hn[11;80Ho[11;80Hr[11;80He[11;80H [11;80Ht[11;80Hh[11;80Hi[11;80Hs[11;80H [11;80Hm[11;80He[11;80Hs[11;80Hs[11;80Ha[11;80Hg[11;80He[11;80H;[11;80H [11;80Hf[11;80Hi[11;80H
bootdelay=3
baudrate=115200
autoload=no
verify=yes
bootfile=uImage
ramdisk_file=ramdisk.gz
loadaddr=0x81000000
script_addr=0x80900000
loadbootscript=fatload mmc 0 ${script_addr} boot.scr
bootscript= echo Running bootscript from MMC/SD to set the ENV...; source ${scri[21;80Hp[21;80Ht[21;80H_[21;80Ha[21;80Hd[21;80Hd[21;80Hr[21;80H}[21;80H
stdin=serial
stdout=serial
stderr=serial
[23;80H [24;1Hethaddr=d0:ff:50:ab:1c:4c
[23;80H [24;1Hethact=DaVinci EMAC
[23;80H [24;1Hver=U-Boot 2010.06 (Jul 30 2014 - 21:17:05)
[23;80H [24;1H
[23;80H [24;1HEnvironment size: 783/8188 bytes
[23;80H [24;1HXZ_8168#