
[!p[?3;4l[4l>[0m(B[?1h=[H[2J[?12l[?25h
Welcome to minicom 2.7

OPTIONS: I18n 
Compiled on Jan  1 2014, 17:13:19.
Port /dev/ttyUSB3, 14:36:00

Press CTRL-A Z for help on special keys


bootargs=mem=256M console=ttyO2,115200n8
noinitrd rw ubi.mtd=4,2048 rootfstype=ubifs root=ubi0:rootfs
ip=off vram=20M notifyk.vpssm3_sva=0xBEE00000
bootcmd=nand read 0x81000000 0x00580000 0x300000; bootm 0x81000000
bootdelay=1
baudrate=115200
ipaddr=10.1.1.21
serverip=10.1.1.50
autoload=no
gatewayip=10.1.1.1
netmask=255.255.255.0
ntpserverip=192.168.1.231
timeoffset=32400
uboottimeout=600
[23;80H [24;1Hstdin=serial
[23;80H [24;1Hstdout=serial
[23;80H [24;1Hstderr=serial
[23;80H [24;1Hethaddr=44:aa:27:00:df:b2
[23;80H [24;1Heth1addr=44:aa:27:00:df:b3
[23;80H [24;1Hethact=DaVinci EMAC
[23;80H [24;1Hver=U-Boot 2010.06 (Feb 25 2016 - 01:51:26)
[23;80H [24;1H
[23;80H [24;1HEnvironment size: 550/8188 bytes
[23;80H [24;1HXZ-UBOOT # 

[23;80H [24;1Hbootargs=mem=256M console=ttyO2,115200n8
[23;80H [24;1Hnoinitrd rw ubi.mtd=4,2048 rootfstype=ubifs root=ubi0:rootfs
[23;80H [24;1Hip=off vram=20M notifyk.vpssm3_sva=0xBEE00000
[23;80H [24;1Hbootcmd=nand read 0x81000000 0x00580000 0x300000; bootm 0x81000000
[23;80H [24;1Hbootdelay=1
[23;80H [24;1Hbaudrate=115200
[23;80H [24;1Hipaddr=10.1.1.21
[23;80H [24;1Hserverip=10.1.1.50
[23;80H [24;1Hautoload=no
[23;80H [24;1Hgatewayip=10.1.1.1
[23;80H [24;1Hnetmask=255.255.255.0
[23;80H [24;1Hntpserverip=192.168.1.231
[23;80H [24;1Htimeoffset=32400
[23;80H [24;1Huboottimeout=600
[23;80H [24;1Hstdin=serial
[23;80H [24;1Hstdout=serial
[23;80H [24;1Hstderr=serial
[23;80H [24;1Hethaddr=44:aa:27:00:df:b2
[23;80H [24;1Heth1addr=44:aa:27:00:df:b3
[23;80H [24;1Hethact=DaVinci EMAC
[23;80H [24;1Hver=U-Boot 2010.06 (Feb 25 2016 - 01:51:26)
[23;80H [24;1H
[23;80H [24;1HEnvironment size: 550/8188 bytes
[23;80H [24;1HXZ-UBOOT # reset
reset
[23;80H [24;1Hresetting ...
[23;80H [24;1H
[23;80H [24;1H
[23;80H [24;1HU-Boot 2010.06 (Feb 25 2016 - 01:51:26)
[23;80H [24;1H
[23;80H [24;1HCDXZRS-GP rev 1.0
[23;80H [24;1H
[23;80H [24;1HI2C:   ready
[23;80H [24;1HDRAM:  2 GiB
[23;80H [24;1HNAND:  HW ECC BCH8 Selected
[23;80H [24;1H256 MiB
[23;80H [24;1HMMC:   OMAP SD/MMC: 0
[23;80H [24;1H*** Warning - bad CRC or NAND, using default environment
[23;80H [24;1H
[23;80H [24;1H:,;;:;:;;;;;;;;r;;:,;;:;:;;;;;;;;:,;;:;:;;;;;;;;:,;;:;:;;;;;;;;:;;;;;;;;:,;;:;:
[23;80H [24;1H;,;:::;;;;r;;;rssiSiS552X5252525259GX2X9hX9X9XX2325S55252i5:,;;:;:;;;;;;;;:,;;:
[23;80H [24;1H;:;;;;;;;rrssSsS52S22h52299GGAAMHMM#BBH#B#HMM#HMBA&&XX2255S2S5Si:,;;:;:;;;;;;;;
[23;80H [24;1H;:;;r;;rsrrriiXS5S329&A&MH#BMB#A&9XXA252GXiSXX39AAMMMBB&G22S5i2SSiiiisi:,;;:;:;
[23;80H [24;1H;;;;;r;rr2iisiih393HB#B#AA99i22irrrX3X52AGsisss2Xii2299HBMA&X2S5S5iSiisSsi:,;;:
[23;80H [24;1Hr:r;rrsrsihXSi2&##MHB&Ahh3AGHGA9G9h&#H##@@@##MAMMXXX9SSS29&&HGGX2i5iisiiisisi:,
[23;80H [24;1H;;rrrrsSiiiA&ABH&A9GAGhAhBAMHA9HM@@@@@@@@@@@@@@@@@@@HHhAh2S2SX9&Gh22SSiisiiisii
[23;80H [24;1Hr:rrssisiS2XM##&h3AGAX&3GG3Ssr5H@M#HM2; ;2X&&&MHMB###GBB#B&XXSSs529XX55iSsisisi
[23;80H [24;1Hr;rsrisSi2XHAhX99A3XXG&&XS;:,rH#HGhAS   @@@@3rs2XBM@@A552&&AHA2XiisSS252SSsisSs
[23;80H [24;1Hr;issi5S22&&3iSSX292&hXsr;;:;h@&G339&S9@@@@2@MA&9&HB##Xris29ABMAAX2ir;rsSi5iss5
[23;80H [24;1HrrsSi2XhG&9GXh399&X99i;;;;;;r#H&293H9X#@@@@@@@B&9GhAH@XrrsrsiXABHB&HG2rr;rrSiSi
[23;80H [24;1H;:rsisS599&AA9XG&3A35r;:::;,;BMh&&2iX5A@@@@@@@&392X5GB2;;;r;iSX393A##A&Xi:::rsi
[23;80H [24;1H;:rss552222X553&XHMhir;;::,:,h#HhGSXhG3#@@@@#AXXS2XAHA;::;;;;ss55XShBA3239r:,;;
[23;80H [24;1Hr;ii2S5SSi2i53hirsh2srr::,,,,;MMXX359&Ah3h&Si59SX99A#i:,::::;;sri2,.2r;:SGAr;,:
[23;80H [24;1H;:;rrrrssiriXGSi::shs;;;,,,:,,rBBA9h5s5h5iS5isi2SAHB5:,,,:::;rrs5&SrisSX5Srrr:,
[23;80H [24;1H;,r;;;;rsriSSrrrr;;5Xrr;;,:,,.,;9AA2SsisS5323XXXG9&i:.,,::;;r;;;srrrrrr;;:;::::
[23;80H [24;1H:,;r;r;rrissrrr;:;::;s;;;;,:,,..,r293h222hXXAAGGGX;:,,,:,:,::;:;::,:,,,,...,,,,
[23;80H [24;1H;,;;;;rrrrrrrrirr;,.,,:::::::,,,,.,;SX&ABAB2hhXir:,,.,,.,,:,,,,..,,,..,..,,,..:
[23;80H [24;1H:.:;:;;;:;;;;r;rrs;:.. ,,:::::,:,:,,.::rrsrr;;,,.......,..,....,,,,,,,...,.,,:,
[23;80H [24;1H:.:::,::::::;;r;rrr;:.......,.,.,,:::,,...............,,::.,,,,:,::,,:,:,,,:,;:
[23;80H [24;1H,.::,:,,,,,;;;;;;;;r;;::,..............................;;;:;::::,:::::::,:,:,,,
[23;80H [24;1H: ,,:,,,,,,,,,,,,,:;rrr;;:;,,,,,,,::,.,.:.,.,;s,:;;;;:;:;;;;;::::,:::,:::,:,:,:
[23;80H [24;1H,.,,,,,,,...,,.,,....................................:,............:,,,:,:,,,,,
[23;80H [24;1H
[23;80H [24;1HEricDebug uboot WDT timeout is 600 seconds 
[23;80H [24;1HNet:   set mac addr : b2:df: 0:27:aa:44
[23;80H [24;1Hset mac addr1 : b3:df: 0:27:aa:44
[23;80H [24;1HEthernet PHY: GENERIC @ 0x01
[23;80H [24;1HDaVinci EMAC
[23;80H [24;1HHit any key to stop autoboot
:  1  0 
[23;80H [24;1HXZ-UBOOT # setenv ipaddr 192.168.1.146
setenv ipaddr 192.168.1.146
[23;80H [24;1HXZ-UBOOT #setenv gatewayip 192.168.1.9
 setenv gatewayip 192.168.1.9
[23;80H [24;1HXZ-UBOOT # setenv netmask 255.255.255.0
setenv netmask 255.255.255.0
[23;80H [24;1HXZ-UBOOT #setenv serverip 192.168.1.9
 setenv serverip 192.168.1.9
[23;80H [24;1HXZ-UBOOT # setenv bootargs 'mem=512M console=ttyO2,115200n8 rootwait=1 rw ubi.mtd=4,2048 rootfstype=ubifs root=ubi0:rootfs ip=192.168.1.146 vram=20M notifyk.vpssm3_sva=0xbfb00000 vmalloc=476M ddr_mem=2048M'
setenv bootargs 'mem=512M console=ttyO2,115200n8 rootwait=1 rw ubi.m[24;80H[24;80H[24;80H[24;80H[24;80H[24;80H[24;80H[24;80H[24;80H[24;80H[24;80H[24;80H[24;80H[24;80H[24;80H[24;80H[24;80H[24;80H[24;80H[24;80H[24;80H[24;80H[24;80H[24;80H[24;80H[24;80H[24;80H[24;80H[24;80H[24;80H[24;80H[24;80H[24;80H[24;80H[24;80H[24;80H[24;80H[24;80H[24;80H[24;80H[24;80H[24;80H[24;80H[24;80H[24;80H[24;80H[24;80H[24;80H[24;80H[24;80H[24;80H[24;80H[24;80H[24;80H[24;80H[24;80H[24;80H[24;80H[24;80H[24;80H[24;80H[24;80H[24;80H[24;80H[24;80H[24;80H[24;80H[24;80H[24;80H[24;80H[24;80H[24;80H[24;80H[24;80H[24;80H[24;80H[24;80H[24;80H[24;80H[24;80H[24;80H[24;80H[24;80H[24;80H[24;80H[24;80H[24;80H[24;80H[24;80H[24;80H[24;80H[24;80H[24;80H[24;80H[24;80H[24;80H[24;80H[24;80H[24;80H[24;80H[24;80H[24;80H[24;80H[24;80H[24;80H[24;80H[24;80H[24;80H[24;80H[24;80H[24;80H[24;80H[24;80H[24;80H[24;80H[24;80H[24;80H[24;80H[24;80H[24;80H[24;80H[24;80H[24;80H[24;80H[24;80H[24;80H[24;80H
[23;80H'[24;1HXZ-UBOOT #setenv bootcmd 'nand read 0x81000000 0x00580000 0x300000; bootm 0x81000000'
 setenv bootcmd 'nand read 0x81000000 0x00580000 0x300000; bootm 0x81[24;80H[24;80H[24;80H[24;80H[24;80H[24;80H[24;80H
[23;80H'[24;1HXZ-UBOOT # sntp 192.168.1.9
sntp 192.168.1.9
[23;80H [24;1HConnect speed 100M Full
[23;80H [24;1HWARN: emac_send_packet: No link
[23;80H [24;1HTimeout
[23;80H [24;1HSNTP failed: host 192.168.1.9 not responding
[23;80H [24;1HXZ-UBOOT # 