
[!p[?3;4l[4l>[0m(B[?1h=[H[2J[?12l[?25h
Welcome to minicom 2.7

OPTIONS: I18n 
Compiled on Jan  1 2014, 17:13:19.
Port /dev/ttyUSB1, 13:16:56

Press CTRL-A Z for help on special keys


root@xzrs:~#
 
root@xzrs:~#reboot
 reboot
INIT:åINIT: Sending processes the TERM signal

Broadcast message from root@xzrs (ttyO2) (Tue Mar 22 15:02:39 2016):

The system is going down for reboot NOW!
root@xzrs:~# INIT: Stopping telnet daemon.
Stopping system message bus: dbus.
Stopping syslogd/klogd: stopped syslogd (pid 519)
stopped klogd (pid 521)
done
ALSA: Storing mixer settings...
/usr/sbin/alsactl: save_state:1580: No soundcards found...
[23;80H [24;1HDeconfiguring network interfaces... done.
[23;80H [24;1HGroupsockHelper.cpp,writeSocket 364, sendto error -1, Network is unreachable
[23;80H [24;1HGroupsockHelper.cpp,writeSocket 364, sendto error -1, Network is unreachable
[23;80H [24;1HGroupsockHelper.cpp,writeSocket 364, sendto error -1, Network is unreachable
[23;80H [24;1HGroupsockHelper.cpp,writeSocket 364, sendto error -1, Network is unreachable
[23;80H [24;1HGroupsockHelper.cpp,writeSocket 364, sendto error -1, Network is unreachable
[23;80H [24;1HGroupsockHelper.cpp,writeSocket 364, sendto error -1, Network is unreachable
[23;80H [24;1HGroupsockHelper.cpp,writeSocket 364, sendto error -1, Network is unreachable
[23;80H [24;1HGroupsockHelper.cpp,writeSocket 364, sendto error -1, Network is unreachable
[23;80H [24;1HGroupsockHelper.cpp,writeSocket 364, sendto error -1, Network is unreachable
[23;80H [24;1HGroupsockHelper.cpp,writeSocket 364, sendto error -1, Network is unreachable
[23;80H [24;1HGroupsockHelper.cpp,writeSocket 364, sendto error -1, Network is unreachable
[23;80H [24;1HGroupsockHelper.cpp,writeSocket 364, sendto error -1, Network is unreachable
[23;80H [24;1HGroupsockHelper.cpp,writeSocket 364, sendto error -1, Network is unreachable
[23;80H [24;1HGroupsockHelper.cpp,writeSocket 364, sendto error -1, Network is unreachable
[23;80H [24;1HGroupsockHelper.cpp,writeSocket 364, sendto error -1, Network is unreachable
[23;80H [24;1HGroupsockHelper.cpp,writeSocket 364, sendto error -1, Network is unreachable
[23;80H [24;1HGroupsockHelper.cpp,writeSocket 364, sendto error -1, Network is unreachable
[23;80H [24;1HGroupsockHelper.cpp,writeSocket 364, sendto error -1, Network is unreachable
[23;80H [24;1HGroupsockHelper.cpp,writeSocket 364, sendto error -1, Network is unreachable
[23;80H [24;1HGroupsockHelper.cpp,writeSocket 364, sendto error -1, Network is unreachable
[23;80H [24;1HGroupsockHelper.cpp,writeSocket 364, sendto error -1, Network is unreachable
[23;80H [24;1HGroupsockHelper.cpp,writeSocket 364, sendto error -1, Network is unreachable
[23;80H [24;1HGroupsockHelper.cpp,writeSocket 364, sendto error -1, Network is unreachable
[23;80H [24;1HGroupsockHelper.cpp,writeSocket 364, sendto error -1, Network is unreachable
[23;80H [24;1HGroupsockHelper.cpp,writeSocket 364, sendto error -1, Network is unreachable
[23;80H [24;1HGroupsockHelper.cpp,writeSocket 364, sendto error -1, Network is unreachable
[23;80H [24;1HGroupsockHelper.cpp,writeSocket 364, sendto error -1, Network is unreachable
[23;80H [24;1HGroupsockHelper.cpp,writeSocket 364, sendto error -1, Network is unreachable
[23;80H [24;1HGroupsockHelper.cpp,writeSocket 364, sendto error -1, Network is unreachable
[23;80H [24;1HGroupsockHelper.cpp,writeSocket 364, sendto error -1, Network is unreachable
[23;80H [24;1HGroupsockHelper.cpp,writeSocket 364, sendto error -1, Network is unreachable
[23;80H [24;1HGroupsockHelper.cpp,writeSocket 364, sendto error -1, Network is unreachable
[23;80H [24;1HGroupsockHelper.cpp,writeSocket 364, sendto error -1, Network is unreachable
[23;80H [24;1HGroupsockHelper.cpp,writeSocket 364, sendto error -1, Network is unreachable
[23;80H [24;1HGroupsockHelper.cpp,writeSocket 364, sendto error -1, Network is unreachable
[23;80H [24;1HGroupsockHelper.cpp,writeSocket 364, sendto error -1, Network is unreachable
[23;80H [24;1HGroupsockHelper.cpp,writeSocket 364, sendto error -1, Network is unreachable
[23;80H [24;1HGroupsockHelper.cpp,writeSocket 364, sendto error -1, Network is unreachable
[23;80H [24;1HGroupsockHelper.cpp,writeSocket 364, sendto error -1, Network is unreachable
[23;80H [24;1HGroupsockHelper.cpp,writeSocket 364, sendto error -1, Network is unreachable
[23;80H [24;1HGroupsockHelper.cpp,writeSocket 364, sendto error -1, Network is unreachable
[23;80H [24;1HGroupsockHelper.cpp,writeSocket 364, sendto error -1, Network is unreachable
[23;80H [24;1HGroupsockHelper.cpp,writeSocket 364, sendto error -1, Network is unreachable
[23;80H [24;1HGroupsockHelper.cpp,writeSocket 364, sendto error -1, Network is unreachable
[23;80H [24;1HGroupsockHelper.cpp,writeSocket 364, sendto error -1, Network is unreachable
[23;80H [24;1HGroupsockHelper.cpp,writeSocket 364, sendto error -1, Network is unreachable
[23;80H [24;1HGroupsockHelper.cpp,writeSocket 364, sendto error -1, Network is unreachable
[23;80H [24;1HGroupsockHelper.cpp,writeSocket 364, sendto error -1, Network is unreachable
[23;80H [24;1HGroupsockHelper.cpp,writeSocket 364, sendto error -1, Network is unreachable
[23;80H [24;1HGroupsockHelper.cpp,writeSocket 364, sendto error -1, Network is unreachable
[23;80H [24;1HGroupsockHelper.cpp,writeSocket 364, sendto error -1, Network is unreachable
[23;80H [24;1HGroupsockHelper.cpp,writeSocket 364, sendto error -1, Network is unreachable
[23;80H [24;1HGroupsockHelper.cpp,writeSocket 364, sendto error -1, Network is unreachable
[23;80H [24;1HGroupsockHelper.cpp,writeSocket 364, sendto error -1, Network is unreachable
[23;80H [24;1HGroupsockHelper.cpp,writeSocket 364, sendto error -1, Network is unreachable
[23;80H [24;1HGroupsockHelper.cpp,writeSocket 364, sendto error -1, Network is unreachable
[23;80H [24;1HGroupsockHelper.cpp,writeSocket 364, sendto error -1, Network is unreachable
[23;80H [24;1HGroupsockHelper.cpp,writeSocket 364, sendto error -1, Network is unreachable
[23;80H [24;1HGroupsockHelper.cpp,writeSocket 364, sendto error -1, Network is unreachable
[23;80H [24;1HGroupsockHelper.cpp,writeSocket 364, sendto error -1, Network is unreachable
[23;80H [24;1HGroupsockHelper.cpp,writeSocket 364, sendto error -1, Network is unreachable
[23;80H [24;1HGroupsockHelper.cpp,writeSocket 364, sendto error -1, Network is unreachable
[23;80H [24;1HSending all processes the TERM signal...
[23;80H [24;1HGroupsockHelper.cpp,writeSocket 364, sendto error -1, Network is unreachable
[23;80H [24;1HGroupsockHelper.cpp,writeSocket 364, sendto error -1, Network is unreachable
[23;80H [24;1HGroupsockHelper.cpp,writeSocket 364, sendto error -1, Network is unreachable
[23;80H [24;1HGroupsockHelper.cpp,writeSocket 364, sendto error -1, Network is unreachable
[23;80H [24;1HGroupsockHelper.cpp,writeSocket 364, sendto error -1, Network is unreachable
[23;80H [24;1HGroupsockHelper.cpp,writeSocket 364, sendto error -1, Network is unreachable
[23;80H [24;1HGroupsockHelper.cpp,writeSocket 364, sendto error -1, Network is unreachable
[23;80H [24;1HGroupsockHelper.cpp,writeSocket 364, sendto error -1, Network is unreachable
[23;80H [24;1HGroupsockHelper.cpp,writeSocket 364, sendto error -1, Network is unreachable
[23;80H [24;1HGroupsockHelper.cpp,writeSocket 364, sendto error -1, Network is unreachable
[23;80H [24;1HGroupsockHelper.cpp,writeSocket 364, sendto error -1, Network is unreachable
[23;80H [24;1HGroupsockHelper.cpp,writeSocket 364, sendto error -1, Network is unreachable
[23;80H [24;1HGroupsockHelper.cpp,writeSocket 364, sendto error -1, Network is unreachable
[23;80H [24;1HGroupsockHelper.cpp,writeSocket 364, sendto error -1, Network is unreachable
[23;80H [24;1HGroupsockHelper.cpp,writeSocket 364, sendto error -1, Network is unreachable
[23;80H [24;1HGroupsockHelper.cpp,writeSocket 364, sendto error -1, Network is unreachable
[23;80H [24;1HGroupsockHelper.cpp,writeSocket 364, sendto error -1, Network is unreachable
[23;80H [24;1HGroupsockHelper.cpp,writeSocket 364, sendto error -1, Network is unreachable
[23;80H [24;1H[xz_sig_exit_cb]-13: Ctrl +C received---------------------------------
[23;80H [24;1HSIGTERM Signal number = 15, Signal errno = 0
[23;80H [24;1HStream Debug: qid = 65538,Receive msg fail 
[23;80H [24;1H[xz_sig_exit_cb]-13: Ctrl +C received---------------------------------
[23;80H [24;1HSIGTERM Signal number = 15, Signal errno = 0
[23;80H [24;1H-------------Begin exit xz_nvs_exe.bin  ----------------------
[23;80H [24;1H1-------------------------------------------
[23;80H [24;1H[web_msg_module_session]-953: msgnum = 11
[23;80H [24;1H[web_msg_module_session]-954: src = 629
[23;80H [24;1H[web_msg_module_session]-955: cmd = 40
[23;80H [24;1H[web_msg_module_session]-1680: Get message WEBEXIT
[23;80H [24;1Hwdg module, wdg_main_exit_cb , signo = 15,SIGINT = 2,SIGTERM = 15
[23;80H [24;1H[main]-216: +++++++++++++++++++++++main,216++++++++++++++++++++++++
[23;80H [24;1H[xz_release_timer_list]-346: Have release resource.
[23;80H [24;1H2-------------------------------------------
[23;80H [24;1H3-------------------------------------------
[23;80H [24;1HKill queue id:65538
[23;80H [24;1Hxz_stream_send_main xz_tcp_send_data_to_peer_2 failed delete task
[23;80H [24;1H[net_task_release]-92: task:0xb648e8,ref[0] .
[23;80H [24;1Hkillall: wis-streamer: no process killed
[23;80H [24;1H 
[23;80H [24;1H [host]  4237053: IPC_BITS_IN   : Stop Done !!!
[23;80H [24;1H
[23;80H [24;1H [host] 4237074: IPCBITSIN:Link[3000001a]:
[23;80H [24;1H [host] RECV:102692[24;25HFREE:102687,DROPPED:0,AVGLATENCY:11,AVG_APP_CB_TIME:0
[23;80H [24;1H [host]  4237074: IPC_BITS_IN   : Delete in progress !!!
[23;80H [24;1H
[23;80H [24;1H [host]  4237075: IPC_BITS_IN   : Delete Done !!!
[23;80H [24;1H
[23;80H [24;1H [host] 4237083: IPCBITSIN:Link[3000001b]:
[23;80H [24;1H [host] RECV:179328[24;25HFREE:179320,DROPPED:0,AVGLATENCY:59,AVG_APP_CB_TIME:47
[23;80H [24;1H [host]  4237083: IPC_BITS_IN   : Delete in progress !!!
[23;80H [24;1H
[23;80H [24;1H [host]  4237084: IPC_BITS_IN   : Delete Done !!!
[23;80H [24;1H 4237087: SYSTEM: System Common De-Init in progress !!!
[23;80H [24;1H
[23;80H [24;1H [host] OSA_tskDelete:In progress...
[23;80H [24;1H [host] OSA_tskDelete:In progress...
[23;80H [24;1H [host] OSA_tskDelete:In progress...
[23;80H [24;1H [host] OSA_tskDelete:In progress...
[23;80H [24;1H [host] OSA_tskDelete:In progress...
[23;80H [24;1H [host] OSA_tskDelete:In progress...
[23;80H [24;1H [host] OSA_tskDelete:In progress...
[23;80H [24;1H [host] OSA_tskDelete:In progress...
[23;80H [24;1H [host] OSA_tskDelete:In progress...
[23;80H [24;1H [host] OSA_tskDelete:In progress... 4237093: SYSTEM: IPC de-init in progress ![24;80H[24;80H
[23;80H![24;1H 4237110: SYSTEM: IPC de-init DONE !!!
[23;80H [24;1H 4237110: SYSTEM: System Common De-Init Done !!!
[23;80H [24;1H[xz_app_mgt_thr]-465: file:{xz_enc_priv.c},func:[xz_app_mgt_thr],line:-465.
[23;80H [24;1H4-------------------------------------------
[23;80H [24;1H5-------------------------------------------
[23;80H [24;1H6-------------------------------------------
[23;80H [24;1H7-------------------------------------------
[23;80H [24;1H8-------------------------------------------
[23;80H [24;1H[main]-222: +++++++++++++++++++++++main,222++++++++++++++++++++++++
[23;80H [24;1H[xz_release_watchdog_service]-729: +++++++++++++++++++++++xz_release_watchdog_s[24;80H[24;80H[24;80H[24;80H[24;80H[24;80H[24;80H[24;80H[24;80H[24;80H[24;80H[24;80H[24;80H[24;80H[24;80H[24;80H[24;80H[24;80H[24;80H[24;80H[24;80H[24;80H[24;80H[24;80H[24;80H[24;80H[24;80H[24;80H[24;80H[24;80H[24;80H[24;80H[24;80H[24;80H
[23;80H+[24;1H[wdg_cli_session_thr_cb]-494: +++++++++++++++++++++++wdg_cli_session_thr_cb,494[24;80H[24;80H[24;80H[24;80H[24;80H[24;80H[24;80H[24;80H[24;80H[24;80H[24;80H[24;80H[24;80H[24;80H[24;80H[24;80H[24;80H[24;80H[24;80H[24;80H[24;80H[24;80H[24;80H[24;80H
[23;80H+[24;1H[wdg_cli_session_thr_cb]-498: +++++++++++++wdg_cli_session_thr_cb,498will _exit[24;80H[24;80H[24;80H[24;80H[24;80H[24;80H[24;80H[24;80H[24;80H[24;80H[24;80H[24;80H[24;80H[24;80H[24;80H[24;80H[24;80H[24;80H[24;80H[24;80H[24;80H[24;80H[24;80H[24;80H
[23;80H+[24;1H[create_wdg_server]-669: +++++++++++++++++++++++create_wdg_server,669++++++++++[24;80H[24;80H[24;80H[24;80H[24;80H[24;80H[24;80H[24;80H[24;80H[24;80H[24;80H[24;80H[24;80H[24;80H
[23;80H+[24;1Hxz_sdk_read time out 
[23;80H [24;1H[xz_sdk_client_process]-99: xz_sdk_client_process, 99 
[23;80H [24;1H[xz_sdk_client_process]-344: exit sdk client server ip:192.168.1.56, port_49835
[23;80H [24;1Hxz_sdk_read time out 
[23;80H [24;1H[xz_sdk_client_process]-99: xz_sdk_client_process, 99 
[23;80H [24;1H[xz_sdk_client_process]-344: exit sdk client server ip:192.168.1.77, port_52922
[23;80H [24;1HSending all processes the KILL signal...
[23;80H [24;1HUnmounting remote filesystems...
[23;80H [24;1HDeactivating swap...
[23;80H [24;1HUnmounting local filesystems...
[23;80H [24;1HRebooting... Restarting system.
[23;80H [24;1H
[23;80H [24;1H
[23;80H [24;1HU-Boot 2010.06 (Feb 25 2016 - 01:51:26)
[23;80H [24;1H
[23;80H [24;1HCDXZRS-GP rev 1.0
[23;80H [24;1H
[23;80H [24;1HI2C:   ready
[23;80H [24;1HDRAM:  2 GiB
[23;80H [24;1HNAND:  HW ECC BCH8 Selected
[23;80H [24;1H256 MiB
[23;80H [24;1HMMC:   OMAP SD/MMC: 0
[23;80H [24;1H:,;;:;:;;;;;;;;r;;:,;;:;:;;;;;;;;:,;;:;:;;;;;;;;:,;;:;:;;;;;;;;:;;;;;;;;:,;;:;:
[23;80H [24;1H;,;:::;;;;r;;;rssiSiS552X5252525259GX2X9hX9X9XX2325S55252i5:,;;:;:;;;;;;;;:,;;:
[23;80H [24;1H;:;;;;;;;rrssSsS52S22h52299GGAAMHMM#BBH#B#HMM#HMBA&&XX2255S2S5Si:,;;:;:;;;;;;;;
[23;80H [24;1H;:;;r;;rsrrriiXS5S329&A&MH#BMB#A&9XXA252GXiSXX39AAMMMBB&G22S5i2SSiiiisi:,;;:;:;
[23;80H [24;1H;;;;;r;rr2iisiih393HB#B#AA99i22irrrX3X52AGsisss2Xii2299HBMA&X2S5S5iSiisSsi:,;;:
[23;80H [24;1Hr:r;rrsrsihXSi2&##MHB&Ahh3AGHGA9G9h&#H##@@@##MAMMXXX9SSS29&&HGGX2i5iisiiisisi:,
[23;80H [24;1H;;rrrrsSiiiA&ABH&A9GAGhAhBAMHA9HM@@@@@@@@@@@@@@@@@@@HHhAh2S2SX9&Gh22SSiisiiisii
[23;80H [24;1Hr:rrssisiS2XM##&h3AGAX&3GG3Ssr5H@M#HM2; ;2X&&&MHMB###GBB#B&XXSSs529XX55iSsisisi
[23;80H [24;1Hr;rsrisSi2XHAhX99A3XXG&&XS;:,rH#HGhAS   @@@@3rs2XBM@@A552&&AHA2XiisSS252SSsisSs
[23;80H [24;1Hr;issi5S22&&3iSSX292&hXsr;;:;h@&G339&S9@@@@2@MA&9&HB##Xris29ABMAAX2ir;rsSi5iss5
[23;80H [24;1HrrsSi2XhG&9GXh399&X99i;;;;;;r#H&293H9X#@@@@@@@B&9GhAH@XrrsrsiXABHB&HG2rr;rrSiSi
[23;80H [24;1H;:rsisS599&AA9XG&3A35r;:::;,;BMh&&2iX5A@@@@@@@&392X5GB2;;;r;iSX393A##A&Xi:::rsi
[23;80H [24;1H;:rss552222X553&XHMhir;;::,:,h#HhGSXhG3#@@@@#AXXS2XAHA;::;;;;ss55XShBA3239r:,;;
[23;80H [24;1Hr;ii2S5SSi2i53hirsh2srr::,,,,;MMXX359&Ah3h&Si59SX99A#i:,::::;;sri2,.2r;:SGAr;,:
[23;80H [24;1H;:;rrrrssiriXGSi::shs;;;,,,:,,rBBA9h5s5h5iS5isi2SAHB5:,,,:::;rrs5&SrisSX5Srrr:,
[23;80H [24;1H;,r;;;;rsriSSrrrr;;5Xrr;;,:,,.,;9AA2SsisS5323XXXG9&i:.,,::;;r;;;srrrrrr;;:;::::
[23;80H [24;1H:,;r;r;rrissrrr;:;::;s;;;;,:,,..,r293h222hXXAAGGGX;:,,,:,:,::;:;::,:,,,,...,,,,
[23;80H [24;1H;,;;;;rrrrrrrrirr;,.,,:::::::,,,,.,;SX&ABAB2hhXir:,,.,,.,,:,,,,..,,,..,..,,,..:
[23;80H [24;1H:.:;:;;;:;;;;r;rrs;:.. ,,:::::,:,:,,.::rrsrr;;,,.......,..,....,,,,,,,...,.,,:,
[23;80H [24;1H:.:::,::::::;;r;rrr;:.......,.,.,,:::,,...............,,::.,,,,:,::,,:,:,,,:,;:
[23;80H [24;1H,.::,:,,,,,;;;;;;;;r;;::,..............................;;;:;::::,:::::::,:,:,,,
[23;80H [24;1H: ,,:,,,,,,,,,,,,,:;rrr;;:;,,,,,,,::,.,.:.,.,;s,:;;;;:;:;;;;;::::,:::,:::,:,:,:
[23;80H [24;1H,.,,,,,,,...,,.,,....................................:,............:,,,:,:,,,,,
[23;80H [24;1H
[23;80H [24;1HEricDebug uboot WDT timeout is 600 seconds 
[23;80H [24;1HNet:   set mac addr : ee:c2: 0:27:aa:44
[23;80H [24;1Hset mac addr1 : ef:c2: 0:27:aa:44
[23;80H [24;1HEthernet PHY: GENERIC @ 0x01
[23;80H [24;1HDaVinci EMAC
[23;80H [24;1HHit any key to stop autoboot:

  1  0 
[23;80H [24;1HXZ-UBOOT # setenv ipaddr 192.168.1.146

[23;80H [24;1HXZ-UBOOT # setenv ipaddr 192.168.1.146setenv gatewayip 192.168.1.9

[23;80H [24;1HXZ-UBOOT # setenv gatewayip 192.168.1.9setenv netmask 255.255.255.0

[23;80H [24;1HXZ-UBOOT # setenv netmask 255.255.255.0setenv serverip 192.168.1.9

[23;80H [24;1HXZ-UBOOT # setenv serverip 192.168.1.9setenv bootargs 'mem=512M console=ttyO2,115200n8 rootwait=1 rw ubi.mtd=4,2048 rootfstype=ubifs root=ubi0:rootfs ip=192.168.1.146 vram=20M notifyk.vpssm3_sva=0xbfb00000 vmalloc=476M ddr_mem=2048M'

[23;80H [24;1HXZ-UBOOT # setenv bootargs 'mem=512M console=ttyO2,115200n8 rootwait=1 rw ubi.m[24;80H[24;80H[24;80H[24;80H[24;80H[24;80H[24;80H[24;80H[24;80H[24;80H[24;80H[24;80H[24;80H[24;80H[24;80H[24;80H[24;80H[24;80H[24;80H[24;80H[24;80H[24;80H[24;80H[24;80H[24;80H[24;80H[24;80H[24;80H[24;80H[24;80H[24;80H[24;80H[24;80H[24;80H[24;80H[24;80H[24;80H[24;80H[24;80H[24;80H[24;80H[24;80H[24;80H[24;80H[24;80H[24;80H[24;80H[24;80H[24;80H[24;80H[24;80H[24;80H[24;80H[24;80H[24;80H[24;80H[24;80H[24;80H[24;80H[24;80H[24;80H[24;80H[24;80H[24;80H[24;80H[24;80H[24;80H[24;80H[24;80H[24;80H[24;80H[24;80H[24;80H[24;80H[24;80H[24;80H[24;80H[24;80H[24;80H[24;80H[24;80H[24;80H[24;80H[24;80H[24;80H[24;80H[24;80H[24;80H[24;80H[24;80H[24;80H[24;80H[24;80H[24;80H[24;80H[24;80H[24;80H[24;80H[24;80H[24;80H[24;80H[24;80H[24;80H[24;80H[24;80H[24;80H[24;80H[24;80H[24;80H[24;80H[24;80H[24;80H[24;80H[24;80H[24;80H[24;80H[24;80H[24;80H[24;80H[24;80H[24;80H[24;80H[24;80H[24;80H[24;80H[24;80H[24;80Hsetenv bootcmd 'nand read 0x81000000 0x00580000 0x300000; bootm 0x81000000'

[23;80H'[24;1HXZ-UBOOT # setenv bootcmd 'nand read 0x81000000 0x00580000 0x300000; bootm 0x81[24;80H[24;80H[24;80H[24;80H[24;80H[24;80H[24;80Hsntp 192.168.1.9

[23;80H'[24;1HXZ-UBOOT # sntp 192.168.1.9
[23;80H [24;1HConnect speed 100M Half
[23;80H [24;1HTimeout
[23;80H [24;1HSNTP failed: host 192.168.1.9 not responding
[23;80H [24;1HXZ-UBOOT # 