
[!p[?3;4l[4l>[0m(B[?1h=[H[2J[?12l[?25h
Welcome to minicom 2.7

OPTIONS: I18n 
Compiled on Jan  1 2014, 17:13:19.
Port /dev/ttyUSB1, 13:11:20

Press CTRL-A Z for help on special keys


root@dm814x:~# 

root@dm814x:~#reboot
 reboot

Broadcast message from root@dm814x (ttyO0) (Fri May 27 06:01:55 2016):

The system is going down foòINIT: Sending processes the TERM signal
root@dm814x:~# ...Connection to server failed: No route to host
Opening connection to 192.168.1.65, port 554...
...Connection to server failed: No route to host
Opening connection to 192.168.1.65, port 554...
INIT: Stopping telnet daemon.
Stopping system message bus: dbus.
Stopping syslogd/klogd: stopped syslogd (pid 519)
stopped klogd (pid 521)
[23;80H [24;1Hdone
[23;80H [24;1HALSA: Storing mixer settings...
[23;80H [24;1H/usr/sbin/alsactl: save_state:1580: No soundcards found...
[23;80H [24;1HDeconfiguring network interfaces... done.
[23;80H [24;1HSending all processes the TERM signal...
[23;80H [24;1H[xz_sig_exit_cb]-14: Ctrl +C received---------------------------------
[23;80H [24;1H[wdg_main_exit_cb]-59: wdg module, wdg_main_exit_cb , signo = 15,SIGINT = 2,SIG[24;80H[24;80H[24;80H[24;80H[24;80H[24;80H[24;80H[24;80H[24;80H
[23;80H5[24;1H[main]-187: +++++++++++++++++++++++main,187++++++++++++++++++++++++
[23;80H [24;1H[main]-188: +++++++++++++++++++++++main,188++++++++++++++++++++++++
[23;80H [24;1H[xz_release_watchdog_service]-678: +++++++++++++++++++++++xz_release_watchdog_s[24;80H[24;80H[24;80H[24;80H[24;80H[24;80H[24;80H[24;80H[24;80H[24;80H[24;80H[24;80H[24;80H[24;80H[24;80H[24;80H[24;80H[24;80H[24;80H[24;80H[24;80H[24;80H[24;80H[24;80H[24;80H[24;80H[24;80H[24;80H[24;80H[24;80H[24;80H[24;80H[24;80H[24;80H
[23;80H+[24;1H[xz_sig_exit_cb]-14: Ctrl +C received---------------------------------
[23;80H [24;1H