
[!p[?3;4l[4l>[0m(B[?1h=[H[2J[?12l[?25h
Welcome to minicom 2.7

OPTIONS: I18n 
Compiled on Jan  1 2014, 17:13:19.
Port /dev/ttyUSB0, 14:46:56

Press CTRL-A Z for help on special keys


root@xzrs:~#
 
root@xzrs:~#reboot
 reboot

Broadcast message from root@xzrs (ttyO2) (Fri Aug 26 15:47:11 2016):

The system is going down for reboot NOW!
INIT:INIT: Sending processes the TERM signal
root@xzrs:~# INIT: Stopping telnet daemon.
Stopping system message bus: dbus.
Stopping syslogd/klogd: stopped syslogd (pid 533)
stopped klogd (pid 535)
done
ALSA: Storing mixer settings...
/usr/sbin/alsactl: save_state:1580: No soundcards found...
[23;80H [24;1HDeconfiguring network interfaces... done.
[23;80H [24;1HSending all processes the TERM signal...
[23;80H [24;1Hwdg module, wdg_main_exit_cb , signo = 15,SIGINT = 2,SIGTERM = 15
[23;80H [24;1H[xz_sig_exit_cb]-18: Ctrl +C received---------------------------------
[23;80H [24;1H[main]-242: +++++++++++++++++++++++main,242++++++++++++++++++++++++
[23;80H [24;1H[main]-252: +++++++++++++++++++++++main,252++++++++++++++++++++++++
[23;80H [24;1H[xz_release_watchdog_service]-730: +++++++++++++++++++++++xz_release_watchdog_s[24;80H[24;80H[24;80H[24;80H[24;80H[24;80H[24;80H[24;80H[24;80H[24;80H[24;80H[24;80H[24;80H[24;80H[24;80H[24;80H[24;80H[24;80H[24;80H[24;80H[24;80H[24;80H[24;80H[24;80H[24;80H[24;80H[24;80H[24;80H[24;80H[24;80H[24;80H[24;80H[24;80H[24;80H
[23;80H+[24;1HSIGTERM Signal number = 15, Signal errno = 0
[23;80H [24;1H