
[!p[?3;4l[4l>[0m(B[?1h=[H[2J[?12l[?25h
Welcome to minicom 2.7

OPTIONS: I18n 
Compiled on Jan  1 2014, 17:13:19.
Port /dev/ttyUSB1, 12:41:28

Press CTRL-A Z for help on special keys


                         #####    ###     ###
 #    #     #    #    # #     #  #   #   #   #
  #  #      #    ##   #       # # #   # # #   #
   ##       #    # #  #  #####  #  #  # #  #  #
   ##       #    #  # #       # #   # # #   # #
  #  #      #    #   ## #     #  #   #   #   #
 #    #     #    #    #  #####    ###     ###

XZRS http://cdxzrs.com xzrs ttyO2

xzrs login: 

                         #####    ###     ###
 #    #     #    #    # #     #  #   #   #   #
  #  #      #    ##   #       # # #   # # #   #
[23;80H [24;1H   ##       #    # #  #  #####  #  #  # #  #  #
[23;80H [24;1H   ##       #    #  # #       # #   # # #   # #
[23;80H [24;1H  #  #      #    #   ## #     #  #   #   #   #
[23;80H [24;1H #    #     #    #    #  #####    ###     ###
[23;80H [24;1H
[23;80H [24;1HXZRS http://cdxzrs.com xzrs ttyO2
[23;80H [24;1H
[23;80H [24;1Hxzrs login: root
root
[23;80H [24;17HP·ÛÛwor‰:†