
[0m(B)0[?1h=[H[J
Welcome to minicom 2.7

OPTIONS: I18n 
Compiled on Jan  1 2014, 17:13:19.
Port /dev/ttyUSB2, 15:44:08

Press CTRL-A Z for help on special keys

bio: create slab <bio-0> at 0
SCSI subsystem initialized
usbcore: registered new interface driver usbfs
usbcore: registered new interface driver hub
usbcore: registered new device driver usb
omap_i2c omap_i2c.1: bus 1 rev4.0 at 400 kHz
pcf857x: probe of 1-0021 failed with error -121
tps65910 1-002d: read from reg 3f failed
tps65910 1-002d: read from reg 1e failed
set_machine_constraints: failed to enable VRTC
tps65910 1-002d: failed to register tps65910-pmic regulator
tps65910-pmic: probe of tps65910-pmic failed with error -121
tps65910 1-002d: No interrupt support, no core IRQ
omap_i2c omap_i2c.3: bus 3 rev4.0 at 400 kHz
Advanced Linux Sound Architecture Driver Version 1.0.23.
[23;80H [24;1HSwitching to clocksource gp timer
[23;80H [24;1Hmusb-hdrc: version 6.0, host, debug=0
[23;80H [24;1HNET: Registered protocol family 2
[23;80H [24;1HIP route cache hash table entries: 1024 (order: 0, 4096 bytes)
[23;80H [24;1HTCP established hash table entries: 4096 (order: 3, 32768 bytes)
[23;80H [24;1HTCP bind hash table entries: 4096 (order: 2, 16384 bytes)
[23;80H [24;1HTCP: Hash tables configured (established 4096 bind 4096)
[23;80H [24;1HTCP reno registered
[23;80H [24;1HUDP hash table entries: 256 (order: 0, 4096 bytes)
[23;80H [24;1HUDP-Lite hash table entries: 256 (order: 0, 4096 bytes)
[23;80H [24;1HNET: Registered protocol family 1
[23;80H [24;1HRPC: Registered udp transport module.
[23;80H [24;1HRPC: Registered tcp transport module.
[23;80H [24;1HRPC: Registered tcp NFSv4.1 backchannel transport module.
[23;80H [24;1HNetWinder Floating Point Emulator V0.97 (double precision)
[23;80H [24;1HPMU: registered new PMU device of type 0
[23;80H [24;1Homap-iommu omap-iommu.0: ducati registered
[23;80H [24;1Homap-iommu omap-iommu.1: sys registered
[23;80H [24;1HJFFS2 version 2.2. (NAND) ÂÂ© 2001-2006 Red Hat, Inc.
[23;80H [24;1Hmsgmni has been set to 200
[23;80H [24;1Halg: No test for stdrng (krng)
[23;80H [24;1Hio scheduler noop registered
[23;80H [24;1Hio scheduler deadline registered
[23;80H [24;1Hio scheduler cfq registered (default)
[23;80H [24;1Hnss_rng nss_rng: NSS Random Number Generator ver. 2.0
[23;80H [24;1HSerial: 8250/16550 driver, 4 ports, IRQ sharing enabled
[23;80H [24;1Homap_uart.0: ttyO0 at MMIO 0x48020000 (irq = 72) is a OMAP UART0
[23;80H [24;1Hconsole [ttyO0] enabled, bootconsole disabled
[23;80H [24;1Hconsole [ttyO0] enabled, bootconsole disabled
[23;80H [24;1Homap_uart.1: ttyO1 at MMIO 0x48022000 (irq = 73) is a OMAP UART1
[23;80H [24;1Homap_uart.2: ttyO2 at MMIO 0x48024000 (irq = 74) is a OMAP UART2
[23;80H [24;1Homap_uart.3: ttyO3 at MMIO 0x481a6000 (irq = 44) is a OMAP UART3
[23;80H [24;1Homap_uart.4: ttyO4 at MMIO 0x481a8000 (irq = 45) is a OMAP UART4
[23;80H [24;1Homap_uart.5: ttyO5 at MMIO 0x481aa000 (irq = 46) is a OMAP UART5
[23;80H [24;1Hbrd: module loaded
[23;80H [24;1Hloop: module loaded
[23;80H [24;1Homap2-nand driver initializing
[23;80H [24;1HONFI param page 0 valid
[23;80H [24;1HONFI flash detected
[23;80H [24;1HNAND device: Maf ID: 0x2c, Chip ID: 0xca (Micron, NAND 256MiB 3,3V 16-bit)
[23;80H [24;1H erasesize: 0x20000, writesize: 2048, oobsize: 64
[23;80H [24;1Homap2-nand: detected x16 NAND flash 
[23;80H [24;1HCreating 7 MTD partitions on "omap2-nand.0":
[23;80H [24;1H0x000000000000-0x000000020000 : "U-Boot-min"
[23;80H [24;1H0x000000020000-0x000000260000 : "U-Boot"
[23;80H [24;1H0x000000260000-0x000000280000 : "U-Boot Env"
[23;80H [24;1H0x000000280000-0x000000580000 : "U-Boot Logo"
[23;80H [24;1H0x000000580000-0x0000009c0000 : "Kernel"
[23;80H [24;1H0x0000009c0000-0x00000d1e0000 : "File System"
[23;80H [24;1H0x00000d1e0000-0x000010000000 : "Reserved"
[23;80H [24;1HUBI: attaching mtd5 to ubi0
[23;80H [24;1HUBI: physical eraseblock size:   131072 bytes (128 KiB)
[23;80H [24;1HUBI: logical eraseblock size:    126976 bytes
[23;80H [24;1HUBI: smallest flash I/O unit:    2048
[23;80H [24;1HUBI: sub-page size:              512
[23;80H [24;1HUBI: VID header offset:          2048 (aligned 2048)
[23;80H [24;1HUBI: data offset:                4096
[23;80H [24;1HUBI: max. sequence number:       334
[23;80H [24;1HUBI warning: print_rsvd_warning: cannot reserve enough PEBs for bad PEB handlin[24;80H[24;80H[24;80H[24;80H[24;80H[24;80H[24;80H[24;80H[24;80H[24;80H[24;80H[24;80H[24;80H[24;80H[24;80H[24;80H[24;80H[24;80H[24;80H[24;80H[24;80H[24;80H[24;80H
[23;80H6[24;1HUBI: attached mtd5 to ubi0
[23;80H [24;1HUBI: MTD device name:            "File System"
[23;80H [24;1HUBI: MTD device size:            200 MiB
[23;80H [24;1HUBI: number of good PEBs:        1601
[23;80H [24;1HUBI: number of bad PEBs:         0
[23;80H [24;1HUBI: number of corrupted PEBs:   0
[23;80H [24;1HUBI: max. allowed volumes:       128
[23;80H [24;1HUBI: wear-leveling threshold:    4096
[23;80H [24;1HUBI: number of internal volumes: 1
[23;80H [24;1HUBI: number of user volumes:     1
[23;80H [24;1HUBI: available PEBs:             0
[23;80H [24;1HUBI: total number of reserved PEBs: 1601
[23;80H [24;1HUBI: number of PEBs reserved for bad PEB handling: 11
[23;80H [24;1HUBI: max/mean erase counter: 2/0
[23;80H [24;1HUBI: image sequence number:  1172865586
[23;80H [24;1HUBI: background thread "ubi_bgt0d" started, PID 45
[23;80H [24;1Hdavinci_mdio davinci_mdio.0: davinci mdio revision 1.6
[23;80H [24;1Hdavinci_mdio davinci_mdio.0: detected phy mask fffffffe
[23;80H [24;1Hdavinci_mdio.0: probed
[23;80H [24;1Hdavinci_mdio davinci_mdio.0: phy[0]: device 0:00, driver unknown
[23;80H [24;1Husbcore: registered new interface driver cdc_ether
[23;80H [24;1Husbcore: registered new interface driver dm9601
[23;80H [24;1Husbcore: registered new interface driver cdc_acm
[23;80H [24;1Hcdc_acm: v0.26:USB Abstract Control Model driver for USB modems and ISDN adapte[24;80H[24;80H
[23;80Hs[24;1HInitializing USB Mass Storage driver...
[23;80H [24;1Husbcore: registered new interface driver usb-storage
[23;80H [24;1HUSB Mass Storage support registered.
[23;80H [24;1Hmice: PS/2 mouse device common for all mice
[23;80H [24;1Hqt602240_ts 1-004a: __qt602240_read_reg: i2c transfer failed
[23;80H [24;1Hqt602240_ts: probe of 1-004a failed with error -5
[23;80H [24;1Hrtc-ds1307 1-0068: rtc core: registered ds1337 as rtc0
[23;80H [24;1Homap_rtc omap_rtc: rtc core: registered omap_rtc as rtc1
[23;80H [24;1Hi2c /dev entries driver
[23;80H [24;1HLinux video capture interface: v2.00
[23;80H [24;1Husbcore: registered new interface driver uvcvideo
[23;80H [24;1HUSB Video Class driver (v1.0.0)
[23;80H [24;1Hlm75 1-0048: hwmon0: sensor 'tmp175'
[23;80H [24;1Homap_i2c omap_i2c.3: controller timed out
[23;80H [24;1Homap_i2c omap_i2c.3: controller timed out
[23;80H [24;1Homap_i2c omap_i2c.3: controller timed out
[23;80H [24;1Homap_i2c omap_i2c.3: controller timed out
[23;80H [24;1Homap_i2c omap_i2c.3: controller timed out
[23;80H [24;1Homap_i2c omap_i2c.3: controller timed out
[23;80H [24;1Homap_i2c omap_i2c.3: controller timed out
[23;80H [24;1Homap_i2c omap_i2c.3: controller timed out
[23;80H [24;1HOMAP Watchdog Timer Rev 0x00: initial timeout 0 sec
[23;80H [24;1Hnss_aes_mod_init: loading NSS AES driver
[23;80H [24;1Hnss-aes nss-aes: NSS AES hw accel rev: 3.2 (context 0 @0x41140000)
[23;80H [24;1Hnss-aes nss-aes: NSS AES hw accel rev: 3.2 (context 1 @0x41141000)
[23;80H [24;1Hnss-aes nss-aes: NSS AES hw accel rev: 3.2 (context 2 @0x411a0000)
[23;80H [24;1Hnss-aes nss-aes: NSS AES hw accel rev: 3.2 (context 3 @0x411a1000)
[23;80H [24;1Hnss_aes_probe: probe() done
[23;80H [24;1Hnss_des_mod_init: loading NSS DES driver
[23;80H [24;1Hnss-des nss-des: NSS DES hw accel rev: 2.2 (context 0 @0x41160000)
[23;80H [24;1Hnss-des nss-des: NSS DES hw accel rev: 2.2 (context 1 @0x41161000)
[23;80H [24;1Hnss_des_probe: probe() done
[23;80H [24;1Hnss_sham_mod_init: loading NSS SHA/MD5 driver
[23;80H [24;1Hnss-sham nss-sham: NSS SHA/MD5 hw accel rev: 4.03 (context 0 @0x41100000)
[23;80H [24;1Hnss-sham nss-sham: NSS SHA/MD5 hw accel rev: 4.03 (context 1 @0x41101000)
[23;80H [24;1Hnss-sham nss-sham: NSS SHA/MD5 hw accel rev: 4.03 (context 2 @0x411c0000)
[23;80H [24;1Hnss-sham nss-sham: NSS SHA/MD5 hw accel rev: 4.03 (context 3 @0x411c1000)
[23;80H [24;1Hnss_sham_probe: probe() done
[23;80H [24;1Husbcore: registered new interface driver usbhid
[23;80H [24;1Husbhid: USB HID core driver
[23;80H [24;1Hnotify_init : notify drivercreated  for  remote proc id 2 at physical Address 0[24;80H[24;80H[24;80H[24;80H[24;80H[24;80H[24;80H[24;80H[24;80H
[23;80H0[24;1Husbcore: registered new interface driver snd-usb-audio
[23;80H [24;1HALSA device list:
[23;80H [24;1H  No soundcards found.
[23;80H [24;1HTCP cubic registered
[23;80H [24;1HNET: Registered protocol family 17
[23;80H [24;1HRegistering the dns_resolver key type
[23;80H [24;1HVFP support v0.3: implementor 41 architecture 3 part 30 variant c rev 3
[23;80H [24;1Homap_voltage_late_init: Voltage driver support not added
[23;80H [24;1HPower Management for TI81XX.
[23;80H [24;1HDetected MACID=d0:b5:c2:3f:7:f8
[23;80H [24;1Hrtc-ds1307 1-0068: setting system clock to 2017-03-27 17:20:49 UTC (1490635249)
[23;80H [24;1HUBIFS: mounted UBI device 0, volume 0, name "rootfs"
[23;80H [24;1HUBIFS: file system size:   199225344 bytes (194556 KiB, 189 MiB, 1569 LEBs)
[23;80H [24;1HUBIFS: journal size:       9023488 bytes (8812 KiB, 8 MiB, 72 LEBs)
[23;80H [24;1HUBIFS: media format:       w4/r0 (latest is w4/r0)
[23;80H [24;1HUBIFS: default compressor: lzo
[23;80H [24;1HUBIFS: reserved for root:  0 bytes (0 KiB)
[23;80H [24;1HVFS: Mounted root (ubifs filesystem) on device 0:13.
[23;80H [24;1Hdevtmpfs: mounted
[23;80H [24;1HFreeing init memory: 216K
[23;80H [24;1HFailed to execute /init.  Attempting defaults...
[23;80H [24;1Hmmc0: host does not support reading read-only switch. assuming write-enable.
[23;80H [24;1Hmmc0: new high speed SDHC card at address aaaa
[23;80H [24;1Hmmcblk0: mmc0:aaaa SS08G 7.40 GiB 
[23;80H [24;1H mmcblk0: p1
[23;80H [24;1HINIT: version 2.88 booting
[23;80H [24;1H Mounting /dev/shm              :  Mounting /dev/pts          :  Mounting other[24;80H[24;80H[24;80H[24;80H[24;80H[24;80H[24;80H[24;80H[24;80H[24;80H[24;80H[24;80H[24;80H[24;80H[24;80H[24;80H[24;80H[24;80H[24;80H[24;80H[24;80H[24;80H[24;80H[24;80H[24;80H[24;80H[24;80H[24;80H[24;80H[24;80H[24;80H[24;80H[24;80H[24;80H[24;80H[24;80H[24;80H[24;80H[24;80H[24;80H[24;80H[24;80H[24;80H[24;80H[24;80H[24;80H[24;80H[24;80H[24;80H[24;80H[24;80H[24;80H[24;80H[24;80H[24;80H[24;80H[24;80H[24;80H[24;80H[24;80H[24;80H[24;80H[24;80H[24;80H[24;80H[24;80H[24;80H[24;80H[24;80H[24;80H[24;80H[24;80H[24;80H[24;80H[24;80H[24;80H[24;80H[24;80H[24;80H[24;80H[24;80H[24;80H[24;80H[24;80H[24;80H[24;80H[24;80H[24;80H[24;80H[24;80H[24;80H[24;80H[24;80H[24;80H[24;80H[24;80H[24;80H[24;80H[24;80H[24;80H[24;80H[24;80H[24;80H[24;80H[24;80H[24;80H[24;80H[24;80H[24;80H[24;80H[24;80H[24;80H[24;80H[24;80H[24;80H[24;80H[24;80H[24;80H[24;80H[24;80H[24;80H[24;80H[24;80H[24;80H
[23;80Hy[24;1HSync command ...Error opening /dev/fb0: No such file or directory
[23;80H [24;1HStarting udev
[23;80H [24;1Hudev[110]: starting version 164
[23;80H [24;1HEXT3-fs: barriers not enabled
[23;80H [24;1Hkjournald starting.  Commit interval 5 seconds
[23;80H [24;1HEXT3-fs (mmcblk0p1): using internal journal
[23;80H [24;1HEXT3-fs (mmcblk0p1): mounted filesystem with writeback data mode
[23;80H [24;1HStarting Bootlog daemon: 
[23;80H [24;1HCPSW phy found : id is : 0x4dd074
[23;80H [24;1HPHY 0:01 not found
[23;80H [24;1Hbootlogd.
[23;80H [24;1HApplying sync command
[23;80H [24;1H/dev/mmcblk0p1 on /media/mmcblk0p1 type ext3 (rw,relatime,errors=continue,user_[24;80H[24;80H[24;80H[24;80H[24;80H[24;80H[24;80H[24;80H[24;80H[24;80H[24;80H[24;80H[24;80H[24;80H[24;80H[24;80H[24;80H[24;80H[24;80H[24;80H[24;80H[24;80H[24;80H[24;80H[24;80H[24;80H[24;80H[24;80H[24;80H[24;80H[24;80H[24;80H[24;80H[24;80H[24;80H
[23;80H)[24;1Hsystem SDcard exist !
[23;80H [24;1H-------------------Start XZRS application-------------
[23;80H [24;1H*** Bootargs Validated for mem param ***
[23;80H [24;1H*** Bootargs Validated for notifyk.vpssm3 params ***
[23;80H [24;1HKernel bootargs validated
[23;80H [24;1H+++++++++++++++++++++++main,122++++++++++++++++++++++++
[23;80H [24;1H[main]-137: 
[23;80H [24;1HCurrent timeout value is : 0 seconds
[23;80H [24;1H[main]-147: 
[23;80H [24;1HNew timeout value is : 30 seconds[main]-155: 
[23;80H [24;1HCurrent timeout value is : 30 seconds
[23;80H [24;1H[init_wdg_server]-648: Create init_net_wdg_sess thread sucess .
[23;80H [24;1H[create_wdg_server]-505: create_wdg_server, fd = 7
[23;80H [24;1HPHY: 0:00 - Link is Up - 100/Full
[23;80H [24;1H [c6xdsp ] Remote Debug Shared Memory @ 0xbff00000
[23;80H [24;1H [m3video] Remote Debug Shared Memory @ 0xbff10820
[23;80H [24;1H [m3vpss ] Remote Debug Shared Memory @ 0xbff21040
[23;80H [24;1HSysLink version : 2.20.02.20
[23;80H [24;1HSysLink module created on Date:Mar 27 2017 Time:16:37:15
[23;80H [24;1HTrace enabled
[23;80H [24;1HTrace SetFailureReason enabled
[23;80H [24;1H Setting DMM priority for [DUCATI  ] to [0] ( 0x4e000624 = 0x08000000 )
[23;80H [24;1H Setting DMM priority for [HDVICP0 ] to [2] ( 0x4e000634 = 0x0000000a )
[23;80H [24;1H/dev/mmcblk0p1 on /media/mmcblk0p1 type ext3 (rw,relatime,errors=continue,user_[24;80H[24;80H[24;80H[24;80H[24;80H[24;80H[24;80H[24;80H[24;80H[24;80H[24;80H[24;80H[24;80H[24;80H[24;80H[24;80H[24;80H[24;80H[24;80H[24;80H[24;80H[24;80H[24;80H[24;80H[24;80H[24;80H[24;80H[24;80H[24;80H[24;80H[24;80H[24;80H[24;80H[24;80H[24;80H
[23;80H)[24;1HAttached to slave procId 2.
[23;80H [24;1HLoaded file ../firmware/dvr_rdk_fw_m3vpss_512M_128M.xem3 on slave procId 2.
[23;80H [24;1HStarted slave procId 2.
[23;80H [24;1HAfter Ipc_loadcallback status [0x00000000]
[23;80H [24;1H [m3vpss ] [24;17HISS Freq  : 480 MHz
[23;80H [24;1HAfter Ipc_startcallback status [0x00000000]
[23;80H [24;1H [m3vpss ] ***** VPSS Firmware build time 15:14:45 Feb 28 2017  EDG gcc 3.0 mod[24;80H
[23;80He[24;1H [m3vpss ] ***** SYSTEM  : Frequency <ORG> - 200000000, <NEW> - 240000000
[23;80H [24;1H [m3vpss ] notify_attach  rtnVal  0
[23;80H [24;1H [m3vpss ] initProxyServer  rtnVal  0
[23;80H [24;1H [m3vpss ]  
[23;80H [24;1H [m3vpss ]  *** UTILS: CPU KHz = 480000 Khz ***
[23;80H [24;1H [m3vpss ]  
[23;80H [24;1H [m3vpss ]  44: SYSTEM  : System Common Init in progress !!!
[23;80H [24;1H [m3vpss ]  44: SYSTEM: IPC init in progress !!!
[23;80H [24;1H [m3vpss ]  44: SYSTEM: Attaching to [HOST] ... 
[23;80H [24;1H [m3vpss ]  46: SYSTEM: Attaching to [HOST] ... SUCCESS !!!
[23;80H [24;1HAttached to slave procId 1.
[23;80H [24;1HLoaded file ../firmware/dvr_rdk_fw_m3video_512M_128M.xem3 on slave procId 1.
[23;80H [24;1HStarted slave procId 1.
[23;80H [24;1HAfter Ipc_loadcallback status [0x00000000]
[23;80H [24;1H [m3video] [24;17HISS Freq  : 480 MHz
[23;80H [24;1HAfter Ipc_startcallback status [0x00000000]
[23;80H [24;1H [m3video] ***** VIDEO Firmware build time 15:15:20 Feb 28 2017  EDG gcc 3.0 mo[24;80H[24;80H
[23;80He[24;1H [m3video] ***** SYSTEM  : Frequency <ORG> - 200000000, <NEW> - 240000000
[23;80H [24;1H [m3video]  
[23;80H [24;1H [m3video]  *** UTILS: CPU KHz = 480000 Khz ***
[23;80H [24;1H [m3video]  
[23;80H [24;1H [m3video]  771: SYSTEM  : System Common Init in progress !!!
[23;80H [24;1H [m3video]  772: SYSTEM: IPC init in progress !!!
[23;80H [24;1H [m3video]  772: SYSTEM: Attaching to [HOST] ... 
[23;80H [24;1H [m3video]  775: SYSTEM: Attaching to [HOST] ... SUCCESS !!!
[23;80H [24;1HAttached to slave procId 0.
[23;80H [24;1H [m3vpss ]  1046: SYSTEM: Attaching to [DSP] ... 
[23;80H [24;1HLoaded file ../firmware/dvr_rdk_fw_c6xdsp_512M_128M.xe674 on slave procId 0.
[23;80H [24;1HStarted slave procId 0.
[23;80H [24;1HAfter Ipc_loadcallback status [0x00000000]
[23;80H [24;1H [c6xdsp ] [24;17HDSP Freq  : 750 MHz
[23;80H [24;1HAfter Ipc_startcallback status [0x00000000]
[23;80H [24;1H [m3video]  1584: SYSTEM: Attaching to [DSP] ... SUCCESS !!!
[23;80H [24;1H [m3vpss ]  1587: SYSTEM: Attaching to [DSP] ... SUCCESS !!!
[23;80H [24;1H [c6xdsp ] ***** VIDEO Firmware build time 15:13:57 Feb 28 2017  EDG gcc 3.0 mo[24;80H[24;80H
[23;80He[24;1H [m3video]  1589: SYSTEM: Attaching to [VPSS-M3] ... SUCCESS !!!
[23;80H [24;1H [m3vpss ]  1589: SYSTEM: Attaching to [VIDEO-M3] ... SUCCESS !DMA: Module inst[24;80H[24;80H[24;80H[24;80H[24;80H[24;80H[24;80H[24;80H[24;80H[24;80H[24;80H[24;80H[24;80H[24;80H[24;80H[24;80H[24;80H[24;80H[24;80H[24;80H[24;80H[24;80H[24;80H[24;80H[24;80H[24;80H[24;80H[24;80H[24;80H[24;80H[24;80H[24;80H[24;80H[24;80H[24;80H[24;80H[24;80H[24;80H[24;80H
[23;80H [24;1H!!
[23;80H [24;1H [c6xdsp ] *DRV: Module install successful
[23;80H [24;1H**** SYSTEM  : FDRV: Module built on Mar 27 2017 16:37:33 
[23;80H [24;1Hrequency <ORG> - 500000000, <NEW> - 750000000
[23;80H [24;1H [m3video]  1589: SYSTEM: Creating MsgQ Heap [IPC_MSGQ_MSG_HEAP_1] ...
[23;80H [24;1H [m3vpss ]  1589: SYSTEM: Creating MsgQ Heap [IPC_MSGQ_MSG_HEAP_2] ...
[23;80H [24;1H [c6xdsp ]  
[23;80H [24;1H [m3video]  1590: SYSTEM: Creating MsgQ [VIDEO-M3_MSGQ] ...
[23;80H [24;1H [m3vpss ]  1589: SYSTEM: Creating MsgQ [VPSS-M3_MSGQ] ...
[23;80H [24;1H [c6xdsp ]  *** UTILS: CPU KHz = 750000 Khz ***
[23;80H [24;1H [m3video]  1590: SYSTEM: Creating MsgQ [VIDEO-M3_ACK_MSGQ] ...
[23;80H [24;1H [m3vpss ]  1590: SYSTEM: Creating MsgQ [VPSS-M3_ACK_MSGQ] ...
[23;80H [24;1H [c6xdsp ]  
[23;80H [24;1H [m3video]  1592: SYSTEM: Notify register to [HOST] line 0, event 15 ... 
[23;80H [24;1H [m3vpss ]  1592: SYSTEM: Notify register to [HOST] line 0, event 15 ... 
[23;80H [24;1H [c6xdsp ]  1: SYSTEM  : System Common Init in progress !!!
[23;80H [24;1H [m3video]  1592: SYSTEM: Notify register to [DSP] line 0, event 15 ... 
[23;80H [24;1H [m3vpss ]  1592: SYSTEM: Notify register to [DSP] line 0, event 15 ... 
[23;80H [24;1H [c6xdsp ]  1: SYSTEM: IPC init in progress !!!
[23;80H [24;1H [m3video]  1592: SYSTEM: Notify register to [VPSS-M3] line 0, event 15 ... 
[23;80H [24;1H [m3vpss ]  1592: SYSTEM: Notify register to [VIDEO-M3] line 0, event 15 ... 
[23;80H [24;1H [c6xdsp ]  1: SYSTEM: Attaching to [HOST] ... 
[23;80H [24;1H [m3video]  1592: SYSTEM: IPC init DONE !!!
[23;80H [24;1H [m3vpss ]  1592: SYSTEM: IPC init DONE !!!
[23;80H [24;1H [c6xdsp ]  4: SYSTEM: Attaching to [HOST] ... SUCCESS !!!
[23;80H [24;1H [c6xdsp ]  6: SYSTEM: Attaching to [VIDEO-M3] ... SUCCESS !!!
[23;80H [24;1H [c6xdsp ]  9: SYSTEM: Attaching to [VPSS-M3] ... SUCCESS !!!
[23;80H [24;1H [c6xdsp ]  9: SYSTEM: Creating MsgQ Heap [IPC_MSGQ_MSG_HEAP_0] ...
[23;80H [24;1H [c6xdsp ]  9: SYSTEM: Creating MsgQ [DSP_MSGQ] ...
[23;80H [24;1H [c6xdsp ]  9: SYSTEM: Creating MsgQ [DSP_ACK_MSGQ] ...
[23;80H [24;1H [c6xdsp ]  10: SYSTEM: Notify register to [HOST] line 0, event 15 ... 
[23;80H [24;1H [c6xdsp ]  10: SYSTEM: Notify register to [VIDEO-M3] line 0, event 15 ... 
[23;80H [24;1H [c6xdsp ]  10: SYSTEM: Notify register to [VPSS-M3] line 0, event 15 ... 
[23;80H [24;1H [c6xdsp ]  10: SYSTEM: IPC init DONE !!!
[23;80H [24;1H [c6xdsp ]  12: MEM: Shared Region 2: Base = 0xb8000000, Length = 0x07000000 (1[24;80H[24;80H[24;80H[24;80H[24;80H[24;80H[24;80H
[23;80H [24;1H [c6xdsp ]  12: MEM: Shared Region 1: Base = 0x88000000, Length = 0x05bfa000 (9[24;80H[24;80H[24;80H[24;80H[24;80H[24;80H
[23;80H [24;1H [c6xdsp ]  13: SYSTEM  : System Common Init Done !!!
[23;80H [24;1H [c6xdsp ]  12: SYSTEM  : System DSP Init in progress !!!
[23;80H [24;1H [c6xdsp ]  12: SYSTEM  : RpeServer_init() done... Ret Val 0!!!
[23;80H [24;1H [c6xdsp ]  17: SYSTEM: Creating ListMP [DSP_IPC_OUT_19] in region 0 ...
[23;80H [24;1H [m3video]  1600: MEM: Shared Region 2: Base = 0xb8000000, Length = 0x07000000 [24;80H[24;80H[24;80H[24;80H[24;80H[24;80H[24;80H[24;80H[24;80H
[23;80H [24;1H [m3vpss ]  1599: MEM: Shared Region 2: Base = 0xb8000000, Length = 0x07000000 [24;80H[24;80H[24;80H[24;80H[24;80H[24;80H[24;80H[24;80H[24;80H
[23;80H [24;1H [c6xdsp ]  17: SYSTEM: Creating ListMP [DSP_IPC_IN_19] in region 0 ...
[23;80H [24;1H [m3video]  1600: MEM: Shared Region 1: Base = 0x88000000, Length = 0x05bfa000 [24;80H[24;80H[24;80H[24;80H[24;80H[24;80H[24;80H[24;80H
[23;80H [24;1H [m3vpss ]  1600: MEM: Shared Region 1: Base = 0x88000000, Length = 0x05bfa000 [24;80H[24;80H[24;80H[24;80H[24;80H[24;80H[24;80H[24;80H
[23;80H [24;1H [c6xdsp ]  17: SYSTEM: ListElem Shared Addr = 0xbf173e00
[23;80H [24;1H [m3video]  1602: SYSTEM  : System Common Init Done !!!
[23;80H [24;1H [m3vpss ]  1602: SYSTEM  : System Common Init Done !!!
[23;80H [24;1H [c6xdsp ]  18: SYSTEM: Creating ListMP [DSP_IPC_OUT_20] in region 0 ...
[23;80H [24;1H [m3video]  1602: SYSTEM  : System Video Init in progress !!!
[23;80H [24;1H [m3vpss ]  1602: SYSTEM  : System VPSS Init in progress !!!
[23;80H [24;1H [c6xdsp ]  18: SYSTEM: Creating ListMP [DSP_IPC_IN_20] in region 0 ...
[23;80H [24;1H [m3video]  1602: SYSTEM  : System Video Init Done !!!
[23;80H [24;1H [c6xdsp ]  18: SYSTEM: ListElem Shared Addr = 0xbf199600
[23;80H [24;1H [m3video]  1603: SYSTEM: Creating ListMP [VIDEO-M3_IPC_OUT_0] in region 0 ...
[23;80H [24;1H [c6xdsp ]  19: SYSTEM: Creating ListMP [DSP_IPC_OUT_21] in region 0 ...
[23;80H [24;1H [m3video]  1603: SYSTEM: Creating ListMP [VIDEO-M3_IPC_IN_0] in region 0 ...
[23;80H [24;1H [c6xdsp ]  19: SYSTEM: Creating ListMP [DSP_IPC_IN_21] in region 0 ...
[23;80H [24;1H [m3video]  1603: SYSTEM: ListElem Shared Addr = 0xbf221b00
[23;80H [24;1H [c6xdsp ]  19: SYSTEM: ListElem Shared Addr = 0xbf1bee00
[23;80H [24;1H [c6xdsp ]  20: SYSTEM: Creating ListMP [DSP_IPC_OUT_24] in region 0 ...
[23;80H [24;1H [c6xdsp ]  20: SYSTEM: Creating ListMP [DSP_IPC_IN_24] in region 0 ...
[23;80H [24;1H [c6xdsp ]  20: SYSTEM: ListElem Shared Addr = 0xbf1e4600
[23;80H [24;1H [m3video]  1606: SYSTEM: Creating ListMP [VIDEO-M3_IPC_OUT_1] in region 0 ...
[23;80H [24;1H [m3vpss ] === I2C0/2 Clk is active ===
[23;80H [24;1H [c6xdsp ]  21: SYSTEM: Creating ListMP [DSP_IPC_OUT_25] in region 0 ...
[23;80H [24;1H [m3video]  1606: SYSTEM: Creating ListMP [VIDEO-M3_IPC_IN_1] in region 0 ...
[23;80H [24;1H [m3vpss ] PLATFORM: UNKNOWN CPU detected, defaulting to VPS_PLATFORM_CPU_REV_2[24;80H[24;80H[24;80H[24;80H[24;80H[24;80H[24;80H[24;80H[24;80H[24;80H[24;80H[24;80H[24;80H
[23;80H4[24;1H [c6xdsp ]  21: SYSTEM: Creating ListMP [DSP_IPC_IN_25] in region 0 ...
[23;80H [24;1H [m3video]  1606: SYSTEM: ListElem Shared Addr = 0xbf225000
[23;80H [24;1H [m3vpss ]  1624: SYSTEM: Creating ListMP [VPSS-M3_IPC_OUT_0] in region 0 ...
[23;80H [24;1H [c6xdsp ]  21: SYSTEM: ListElem Shared Addr = 0xbf203080
[23;80H [24;1H [m3video]  1614: SYSTEM: Creating ListMP [VIDEO-M3_IPC_OUT_19] in region 0 ...
[23;80H [24;1H [m3vpss ]  1625: SYSTEM: Creating ListMP [VPSS-M3_IPC_IN_0] in region 0 ...
[23;80H [24;1H [c6xdsp ] !!WARNING.Resource already registered:2
[23;80H [24;1H [c6xdsp ]  21: SYSTEM  : Initializing Links !!! 
[23;80H [24;1H [m3video]  1614: SYSTEM: Creating ListMP [VIDEO-M3_IPC_IN_19] in region 0 ...
[23;80H [24;1H [m3vpss ]  1625: SYSTEM: ListElem Shared Addr = 0xbf298d00
[23;80H [24;1H [m3video]  1614: SYSTEM: ListElem Shared Addr = 0xbf228500
[23;80H [24;1H [m3vpss ]  1628: SYSTEM: Creating ListMP [VPSS-M3_IPC_OUT_1] in region 0 ...
[23;80H [24;1H [c6xdsp ]  22: SYSTEM  : FREE SPACE : System Heap      = 50310784 B, Mbx = 102[24;80H[24;80H[24;80H[24;80H[24;80H[24;80H[24;80H[24;80H[24;80H
[23;80H [24;1H [m3video]  1617: SYSTEM: Creating ListMP [VIDEO-M3_IPC_OUT_20] in region 0 ...
[23;80H [24;1H [m3vpss ]  1628: SYSTEM: Creating ListMP [VPSS-M3_IPC_IN_1] in region 0 ...
[23;80H [24;1H [m3video]  1617: SYSTEM: Creating ListMP [VIDEO-M3_IPC_IN_20] in region 0 ...
[23;80H [24;1H [m3vpss ]  1628: SYSTEM: ListElem Shared Addr = 0xbf29c200
[23;80H [24;1H [c6xdsp ]  23: SYSTEM  : Initializing Links ... DONE !!! 
[23;80H [24;1H [m3video]  1617: SYSTEM: ListElem Shared Addr = 0xbf24dd00
[23;80H [24;1H [m3vpss ]  1646: SYSTEM: Creating ListMP [VPSS-M3_IPC_OUT_19] in region 0 ...
[23;80H [24;1H [m3video]  1620: SYSTEM: Creating ListMP [VIDEO-M3_IPC_OUT_21] in region 0 ...
[23;80H [24;1H [m3vpss ]  1646: SYSTEM: Creating ListMP [VPSS-M3_IPC_IN_19] in region 0 ...
[23;80H [24;1H [c6xdsp ]  23: SYSTEM  : System DSP Init Done !!!
[23;80H [24;1H [m3video]  1621: SYSTEM: Creating ListMP [VIDEO-M3_IPC_IN_21] in region 0 ...
[23;80H [24;1H [m3vpss ]  1647: SYSTEM: ListElem Shared Addr = 0xbf2dcc00
[23;80H [24;1H [m3video]  1621: SYSTEM: ListElem Shared Addr = 0xbf273500
[23;80H [24;1H [m3vpss ]  1650: SYSTEM: Creating ListMP [VPSS-M3_IPC_OUT_20] in region 0 ...
[23;80H [24;1H [m3video]  1638: SYSTEM: Creating ListMP [VIDEO-M3_IPC_OUT_24] in region 0 ...
[23;80H [24;1H [m3vpss ]  1650: SYSTEM: Creating ListMP [VPSS-M3_IPC_IN_20] in region 0 ...
[23;80H [24;1H [m3video]  1638: SYSTEM: Creating ListMP [VIDEO-M3_IPC_IN_24] in region 0 ...
[23;80H [24;1H [m3vpss ]  1650: SYSTEM: ListElem Shared Addr = 0xbf302400
[23;80H [24;1H [m3video]  1638: SYSTEM: ListElem Shared Addr = 0xbf29f700
[23;80H [24;1H [m3vpss ]  1653: SYSTEM: Creating ListMP [VPSS-M3_IPC_OUT_21] in region 0 ...
[23;80H [24;1H [m3video]  1641: SYSTEM: Creating ListMP [VIDEO-M3_IPC_OUT_25] in region 0 ...
[23;80H [24;1H [m3vpss ]  1653: SYSTEM: Creating ListMP [VPSS-M3_IPC_IN_21] in region 0 ...
[23;80H [24;1H [m3video]  1641: SYSTEM: Creating ListMP [VIDEO-M3_IPC_IN_25] in region 0 ...
[23;80H [24;1H [m3vpss ]  1653: SYSTEM: ListElem Shared Addr = 0xbf327c00
[23;80H [24;1H [m3video]  1642: SYSTEM: ListElem Shared Addr = 0xbf2be180
[23;80H [24;1H [m3vpss ]  1655: SYSTEM : HDVPSS Drivers Version: HDVPSS_01_00_01_37
[23;80H [24;1H [m3video]  1644: HDVICP: Doing PRCM for IVAHD[0] ... 
[23;80H [24;1H [m3vpss ]  1656: SYSTEM  : FVID2 Init in progress !!!
[23;80H [24;1H [m3video]  1644: HDVICP: PRCM for IVAHD[0] ... DONE.
[23;80H [24;1H [m3video]  1645: UTILS: DMA: HWI Create for INT62 !!!
[23;80H [24;1H [m3video]  1646: SYSTEM  : ISS Init in progress !!!
[23;80H [24;1H [m3video]  1646: SYSTEM  : ISS Power-ON in progress !!!
[23;80H [24;1H [m3video]  1656: SYSTEM  : ISS Power-ON in progress DONE !!!
[23;80H [24;1H [m3vpss ] TILER_STATS: CNT :8BIT
[23;80H [24;1H [m3video]  1656: SYSTEM  : ISS Init in progress DONE !!!
[23;80H [24;1H [m3video]  1656: VCOP BOOST BIT is Set
[23;80H [24;1H [m3vpss ] TILER_STATS: CNT RESOLUTION:    16384 x 2688
[23;80H [24;1H [m3video]  1656: SYSTEM  : VCOP Init in progress !!!
[23;80H [24;1H [m3video]  1656: SYSTEM  : VCOP needs 172 B of memory !!!
[23;80H [24;1H [m3vpss ] TILER_STATS: BUCKET RESOLUTION: 16384 x 2684
[23;80H [24;1H [m3video]  1658: SYSTEM  : VCOP Init in progress DONE !!!
[23;80H [24;1H [m3video]  1658: SYSTEM  : Initializing Links !!! 
[23;80H [24;1H [m3vpss ] TILER_STATS: NUM FREE BUCKETS:  1
[23;80H [24;1H [c6xdsp ] Remote Debug Shared Memory @ 0xbff00000
[23;80H [24;1H [m3video] Remote Debug Shared Memory @ 0xbff10820
[23;80H [24;1H [m3vpss ] Remote Debug Shared Memory @ 0xbff21040
[23;80H [24;1H [m3vpss ] Received character 's'
[23;80H [24;1H [m3video]  1658: SYSTEM  : FREE SPACE : System Heap      = 6263296 B, Mbx = 10[24;80H[24;80H[24;80H[24;80H[24;80H[24;80H[24;80H[24;80H[24;80H[24;80H
[23;80H [24;1H [m3vpss ] TILER_STATS: NUM USED BUCKETS:  0
[23;80H [24;1H [c6xdsp ] Remote Debug Shared Memory @ 0xbff00000
[23;80H [24;1H [m3video] Remote Debug Shared Memory @ 0xbff108[module] vpss probe done.
[23;80H [24;1H20
[23;80H [24;1H [m3vpss ] Remote Debug Shared Memory @ 0xbff21040
[23;80H [24;1H [m3video] Received character 's'
[23;80H [24;1H [c6xdsp ] Remote Debug Shared Memory @ 0xbff00000
[23;80H [24;1H [m3video] Remote Debug Shared Memory @ 0xbff10820
[23;80H [24;1H [m3vpss ] Remote Debug Shared Memory @ 0xbff21040
[23;80H [24;1H [c6xdsp ] Received chara[module] ti81xxfb probe done.
[23;80H [24;1Hcter 's'
[23;80H [24;1H/opt/dvr_rdk/ti814x
[23;80H [24;1H [m3video]  1658: SYSTEM  : FREE SPACE : SR0 Heap         = 5714432 B (5 MB) 
[23;80H [24;1H [m3vpss ] TILER_STATS: TOTAL FREE AREA:   43974656 (99 %)
[23;80H [24;1H [m3video]  1658: SYSTEM  : FREE SPACE : Frame Buffer     = 117440384 B (111 MB[24;80H[24;80H
[23;80H [24;1H [m3vpss ] TILER_STATS: TOTAL USED HDMI W1 rev 4.0
[23;80H [24;1HAREA:   0 (0 %)HDMI CEC Spec version 1.2
[23;80H [24;1H
[23;80H [24;1H [m3video]  1658: SYSTEM  : FREE SPACE : Bitstream Buffer = 96444288 B (91 MB) 
[23;80H [24;1H [m3video]  1659: SYSTEM: Opening MsgQ [VPSS-M3_MSGQ] ...
[23;80H [24;1H [m3video]  1661: SYSTEM  : FREE SPACE : Tiler 8-bit      = 43974656 B (41 MB) [24;80H[24;80H[24;80H[24;80H[24;80H[24;80H[24;80H[24;80H[24;80H[24;80H[24;80H[24;80H
[23;80H [24;1H [m3vpss ] TILER_STATS: CNT :16BIT
[23;80H [24;1H [m3video]  1661: SYSTEM  : FREE SPACE : Tiler 16-bit     = 22020096 B (21 MB) [24;80H[24;80H[24;80H[24;80H[24;80H[24;80H[24;80H[24;80H[24;80H[24;80H[24;80H[24;80H
[23;80H [24;1H [m3vpss ] TILER_STATS: CNT RESOLUTION:    32768 x 672
[23;80H [24;1H [m3video]  1721: SYSTEM  : Initializing Links ... DONE !!! 
[23;80H [24;1H [m3vpss ] TILER_STATS: BUCKET RESOLUTION: 32768 x 672
[23;80H [24;1H [m3vpss ] TILER_STATS: NUM FREE BUCKETS:  1
[23;80H [24;1H [m3vpss ] TILER_STATS: NUM USED BUCKETS:  0
[23;80H [24;1H [m3vpss ] TILER_STATS: TOTAL FREE AREA:   22020096 (100 %)
[23;80H [24;1H [m3vpss ] TILER_STATS: TOTAL USED AREA:   0 (0 %)
[23;80H [24;1H [m3vpss ] PLATFORM: UNKNOWN CPU detected, defaulting to VPS_PLATFORM_CPU_REV_2[24;80H[24;80H[24;80H[24;80H[24;80H[24;80H[24;80H[24;80H[24;80H[24;80H[24;80H[24;80H[24;80H
[23;80H4[24;1H [m3vpss ]  1738: SYSTEM  : FVID2 Init in progress DONE !!!
[23;80H [24;1H [m3vpss ]  1738: SYSTEM  : Device Init in progress !!!
[23;80H [24;1H [m3vpss ]  Vps_deviceInit Daughter card not detected/connected!
[23;80H [24;1H [m3vpss ]                     
[23;80H [24;1H [m3vpss ]  1907: SYSTEM  : Device Init in progress DONE !!!
[23;80H [24;1H [m3vpss ] [24;17HHDVPSS Freq  : 220 MHz
[23;80H [24;1H [m3vpss ]  1953: SYSTEM  : System VPSS Init Done !!!
[23;80H [24;1H [m3vpss ]  1954: UTILS: DMA: HWI Create for INT63 !!!
[23;80H [24;1H [m3vpss ]  1954: SYSTEM  : Initializing Links !!! 
[23;80H [24;1H [m3vpss ]  1955: SYSTEM  : FREE SPACE : System Heap      = 249808 B, Mbx = 102[24;80H[24;80H[24;80H[24;80H[24;80H[24;80H[24;80H[24;80H[24;80H
[23;80H [24;1H [m3vpss ]  1955: SYSTEM  : FREE SPACE : SR0 Heap         = 5714432 B (5 MB) 
[23;80H [24;1H [m3vpss ]  1955: SYSTEM  : FREE SPACE : Frame Buffer     = 113130368 B (107 MB[24;80H[24;80H
[23;80H [24;1H [m3vpss ]  1955: SYSTEM  : FREE SPACE : Bitstream Buffer = 96444288 B (91 MB) 
[23;80H [24;1H [m3vpss ] TILER_STATS: CNT :8BIT
[23;80H [24;1H [m3vpss ] TILER_STATS: CNT RESOLUTION:    16384 x 2688
[23;80H [24;1H [m3vpss ] TILER_STATS: BUCKET RESOLUTION: 16384 x 2684
[23;80H [24;1H [m3vpss ] TILER_STATS: NUM FREE BUCKETS:  1
[23;80H [24;1H [m3vpss ] TILER_STATS: NUM USED BUCKETS:  0
[23;80H [24;1H [m3vpss ] TILER_STATS: TOTAL FREE AREA:   43974656 (99 %)
[23;80H [24;1H [m3vpss ] TILER_STATS: TOTAL USED AREA:   0 (0 %)
[23;80H [24;1H [m3vpss ] TILER_STATS: CNT :16BIT
[23;80H [24;1H [m3vpss ] TILER_STATS: CNT RESOLUTION:    32768 x 672
[23;80H [24;1H [m3vpss ] TILER_STATS: BUCKET RESOLUTION: 32768 x 672
[23;80H [24;1HI2C No Ack
[23;80H [24;1H
[23;80H [24;1HHDMI failed to read E-EDID
[23;80H [24;1H [m3vpss ] TILER_STATS: NUM FREE BUCKETS:  1
[23;80H [24;1H [m3vpss ] TILER_STATS: NUM USED BUCKETS:  0
[23;80H [24;1H [m3vpss ] TILER_STATS: TOTAL FREE AREA:   22020096 (100 %)
[23;80H [24;1H [m3vpss ] TILER_STATS: TOTAL USED AREA:   0 (0 %)
[23;80H [24;1H [m3vpss ]  1956: SYSTEM  : FREE SPACE : Tiler 8-bit      = 43974656 B (41 MB) [24;80H[24;80H[24;80H[24;80H[24;80H[24;80H[24;80H[24;80H[24;80H[24;80H[24;80H[24;80H
[23;80H [24;1H [m3vpss ]  1957: SYSTEM  : FREE SPACE : Tiler 16-bit     = 22020096 B (21 MB) [24;80H[24;80H[24;80H[24;80H[24;80H[24;80H[24;80H[24;80H[24;80H[24;80H[24;80H[24;80H
[23;80H [24;1H [m3vpss ]  2106: SYSTEM  : Initializing Links ... DONE !!! 
[23;80H [24;1H [m3vpss ]  2107: SYSTEM  : Set Static L3 pressure for HDVPSS as High
[23;80H [24;1H 
[23;80H [24;1H ORG 0x46c00524: 0
[23;80H [24;1H NEW 0x46c00524: 2
[23;80H [24;1H 
[23;80H [24;1H[main]-676: ----start xz_alarm_thread----
[23;80H [24;42H[check_upgrade]-893: ----------------f[24;80H[24;80H[24;80H[24;80H[24;80H[24;80H[24;80H[24;80H[24;80H[24;80H[24;80H[24;80H[24;80H[24;80H[24;80H[24;80H[24;80H[24;80H[24;80H[24;80H[24;80H[24;80H[24;80H[24;80H[24;80H[24;80H[24;80H[24;80H[24;80H[24;80H[24;80H[24;80H[24;80H[24;80H[24;80H[24;80H
[23;80H-[24;80H[24;80H[24;80H[24;80H[24;80H[24;80H[24;80H[24;80H[24;80H[24;80H[24;80H[24;80H[24;80H[24;80H[24;80H[24;80H[24;80H[24;80H[24;80H[24;80H[24;80H[24;80H[24;80H[24;80H[24;80H[24;80H[24;80H[24;80H[24;80H[24;80H[24;80H[24;80H[24;80H[24;80H[24;80H[24;80H[24;80H[24;80H[24;80H[24;80H[24;80H[24;80H[24;80H[24;80H[24;80H[24;80H[24;80H[24;80H[24;80H[24;80H[24;80H[24;80H[24;80H[24;80H[24;80H[24;80H[24;80H[24;80H[24;80H[24;80H[24;80H[24;80H[24;80H[24;80H[24;80H[24;80H[24;80H[24;80H[24;80H
[23;80H2[24;80H[24;80H[24;80H[24;80H[24;80H[24;80H[24;80H[24;80H[24;80H[24;80H[24;80H[24;80H[24;80H[24;80H[24;80H[24;80H[24;80H[24;80H[24;80H[24;80H[24;80H[24;80H[24;80H[24;80H[24;80H[24;80H[24;80H[24;80H[24;80H[24;80H[24;80H[24;80H[24;80H[24;80H[24;80H[24;80H[24;80H[24;80H[24;80H[24;80H[24;80H[24;80H[24;80H[24;80H[24;80H[24;80H[24;80H[24;80H[24;80H[24;80H[24;80H[24;80H[24;80H[24;80H[24;80H[24;80H[24;80H
[23;80Hs[24;80H[24;80H[24;80H[24;80H[24;80H[24;80H[24;80H[24;80H[24;80H[24;80H[24;80H[24;80H[24;80H[24;80H[24;80H[24;80H[24;80H[24;80H[24;80H[24;80H[24;80H[24;80H[24;80H[24;80H[24;80H[24;80H[24;80H[24;80H[24;80H[24;80H[24;80H[24;80H
[23;80H0[24;80H[24;80H[24;80H[24;80H[24;80H[24;80H[24;80H[24;80H[24;80H[24;80H[24;80H[24;80H[24;80H[24;80H[24;80H[24;80H[24;80H[24;80H[24;80H[24;80H[24;80H[24;80H[24;80H[24;80H[24;80H[24;80H
[23;80H0[24;80H[24;80H[24;80H[24;80H[24;80H[24;80H[24;80H[24;80H[24;80H[24;80H[24;80H[24;80H[24;80H[24;80H[24;80H[24;80H[24;80H[24;80H[24;80H[24;80H[24;80H[24;80H[24;80H[24;80H[24;80H[24;80H[24;80H[24;80H[24;80H[24;80H[24;80H[24;80H[24;80H[24;80H[24;80H[24;80H[24;80H[24;80H[24;80H[24;80H[24;80H[24;80H
[23;80H1[24;80H[24;80H[24;80H[24;80H[24;80H[24;80H[24;80H[24;80H[24;80H[24;80H[24;80H[24;80H[24;80H[24;80H[24;80H[24;80H[24;80H[24;80H[24;80H[24;80H[24;80H[24;80H[24;80H[24;80H[24;80H[24;80H[24;80H[24;80H[24;80H[24;80H[24;80H[24;80H[24;80H[24;80H[24;80H[24;80H[24;80H[24;80H[24;80H[24;80H[24;80H[24;80H[24;80H[24;80H[24;80H[24;80H[24;80H[24;80H[24;80H[24;80H[24;80H[24;80H[24;80H[24;80H[24;80H[24;80H[24;80H[24;80H[24;80H[24;80H[24;80H[24;80H[24;80H[24;80H[24;80H[24;80H[24;80H[24;80H[24;80H[24;80H[24;80H[24;80H[24;80H[24;80H[24;80H[24;80H[24;80H[24;80H[24;80H[24;80H[24;80H
[23;80H [24;80H[24;80H[24;80H[24;80H[24;80H[24;80H[24;80H[24;80H[24;80H[24;80H[24;80H[24;80H[24;80H[24;80H[24;80H[24;80H[24;80H[24;80H[24;80H[24;80H[24;80H[24;80H[24;80H[24;80H[24;80H[24;80H[24;80H[24;80H[24;80H[24;80H[24;80H[24;80H[24;80H[24;80H[24;80H[24;80H[24;80H[24;80H[24;80H[24;80H[24;80H[24;80H[24;80H[24;80H[24;80H[24;80H
[23;80H9[24;80H[24;80H[24;80H[24;80H[24;80H[24;80H[24;80H[24;80H[24;80H[24;80H[24;80H[24;80H[24;80H[24;80H[24;80H[24;80H[24;80H[24;80H[24;80H[24;80H[24;80H[24;80H[24;80H[24;80H[24;80H[24;80H[24;80H[24;80H[24;80H[24;80H[24;80H[24;80H[24;80H[24;80H[24;80H[24;80H[24;80H[24;80H[24;80H[24;80H[24;80H[24;80H[24;80H[24;80H[24;80H[24;80H[24;80H[24;80H[24;80H[24;80H[24;80H[24;80H
[23;80H0[24;80H[24;80H[24;80H[24;80H[24;80H[24;80H[24;80H[24;80H[24;80H[24;80H[24;80H[24;80H[24;80H[24;80H[24;80H[24;80H[24;80H[24;80H[24;80H[24;80H[24;80H[24;80H[24;80H[24;80H[24;80H[24;80H[24;80H[24;80H[24;80H[24;80H[24;80H[24;80H[24;80H[24;80H[24;80H[24;80H[24;80H[24;80H[24;80H[24;80H[24;80H[24;80H[24;80H[24;80H[24;80H[24;80H[24;80H[24;80H[24;80H
[23;80H1[24;80H[24;80H[24;80H[24;80H[24;80H[24;80H[24;80H[24;80H[24;80H[24;80H[24;80H[24;80H[24;80H[24;80H[24;80H[24;80H[24;80H[24;80H[24;80H[24;80H[24;80H[24;80H[24;80H[24;80H[24;80H[24;80H[24;80H[24;80H[24;80H[24;80H[24;80H[24;80H[24;80H[24;80H[24;80H[24;80H[24;80H[24;80H[24;80H[24;80H[24;80H[24;80H[24;80H[24;80H[24;80H[24;80H[24;80H[24;80H[24;80H[24;80H[24;80H[24;80H[24;80H[24;80H[24;80H[24;80H[24;80H[24;80H
[23;80H8[24;80H[24;80H[24;80H[24;80H[24;80H[24;80H[24;80H[24;80H[24;80H[24;80H[24;80H[24;80H[24;80H[24;80H[24;80H[24;80H[24;80H[24;80H[24;80H[24;80H[24;80H[24;80H[24;80H[24;80H[24;80H[24;80H[24;80H[24;80H[24;80H[24;80H[24;80H[24;80H[24;80H[24;80H[24;80H[24;80H[24;80H[24;80H[24;80H[24;80H[24;80H[24;80H
[23;80H0[24;80H[24;80H[24;80H[24;80H[24;80H[24;80H[24;80H[24;80H[24;80H[24;80H[24;80H[24;80H[24;80H[24;80H[24;80H[24;80H[24;80H[24;80H[24;80H[24;80H[24;80H[24;80H[24;80H[24;80H[24;80H[24;80H[24;80H[24;80H[24;80H[24;80H[24;80H[24;80H[24;80H[24;80H[24;80H[24;80H[24;80H[24;80H[24;80H[24;80H
[23;80H0[24;80H[24;80H[24;80H[24;80H[24;80H[24;80H[24;80H[24;80H[24;80H[24;80H[24;80H[24;80H[24;80H[24;80H[24;80H[24;80H[24;80H[24;80H[24;80H[24;80H[24;80H[24;80H[24;80H[24;80H[24;80H[24;80H[24;80H[24;80H[24;80H[24;80H[24;80H[24;80H[24;80H[24;80H[24;80H[24;80H[24;80H[24;80H[24;80H[24;80H[24;80H[24;80H[24;80H[24;80H[24;80H[24;80H[24;80H[24;80H[24;80H[24;80H[24;80H[24;80H[24;80H[24;80H[24;80H[24;80H[24;80H[24;80H[24;80H[24;80H[24;80H[24;80H[24;80H[24;80H[24;80H[24;80H[24;80H[24;80H[24;80H[24;80H[24;80H[24;80H[24;80H[24;80H[24;80H[24;80H[24;80H[24;80H[24;80H[24;80H[24;80H[24;80H[24;80H
[23;80H [24;80H[24;80H[24;80H[24;80H[24;80H[24;80H[24;80H[24;80H[24;80H[24;80H[24;80H[24;80H[24;80H[24;80H[24;80H[24;80H[24;80H[24;80H[24;80H[24;80H[24;80H[24;80H[24;80H[24;80H[24;80H[24;80H[24;80H[24;80H[24;80H[24;80H[24;80H[24;80H[24;80H[24;80H[24;80H[24;80H[24;80H[24;80H[24;80H[24;80H[24;80H[24;80H[24;80H[24;80H[24;80H[24;80H[24;80H
[23;80H9[24;80H[24;80H[24;80H[24;80H[24;80H[24;80H[24;80H[24;80H[24;80H[24;80H[24;80H[24;80H[24;80H[24;80H[24;80H[24;80H[24;80H[24;80H[24;80H[24;80H[24;80H[24;80H[24;80H[24;80H[24;80H[24;80H[24;80H[24;80H[24;80H[24;80H[24;80H[24;80H[24;80H[24;80H[24;80H[24;80H[24;80H[24;80H[24;80H[24;80H[24;80H[24;80H[24;80H[24;80H[24;80H[24;80H[24;80H[24;80H[24;80H[24;80H[24;80H[24;80H[24;80H
[23;80H0[24;80H[24;80H[24;80H[24;80H[24;80H[24;80H[24;80H[24;80H[24;80H[24;80H[24;80H[24;80H[24;80H[24;80H[24;80H[24;80H[24;80H[24;80H[24;80H[24;80H[24;80H[24;80H[24;80H[24;80H[24;80H[24;80H[24;80H[24;80H[24;80H[24;80H[24;80H[24;80H[24;80H[24;80H[24;80H[24;80H[24;80H[24;80H[24;80H[24;80H[24;80H[24;80H[24;80H[24;80H[24;80H[24;80H[24;80H[24;80H[24;80H[24;80H
[23;80H1[24;80H[24;80H[24;80H[24;80H[24;80H[24;80H[24;80H[24;80H[24;80H[24;80H[24;80H[24;80H[24;80H[24;80H[24;80H[24;80H[24;80H[24;80H[24;80H[24;80H[24;80H[24;80H[24;80H[24;80H[24;80H[24;80H[24;80H[24;80H[24;80H[24;80H[24;80H[24;80H[24;80H[24;80H[24;80H[24;80H[24;80H[24;80H[24;80H[24;80H[24;80H[24;80H[24;80H[24;80H[24;80H[24;80H[24;80H[24;80H[24;80H[24;80H[24;80H[24;80H[24;80H[24;80H[24;80H[24;80H[24;80H[24;80H[24;80H
[23;80H8[24;80H[24;80H[24;80H[24;80H[24;80H[24;80H[24;80H[24;80H[24;80H[24;80H[24;80H[24;80H[24;80H[24;80H[24;80H[24;80H[24;80H[24;80H[24;80H[24;80H[24;80H[24;80H[24;80H[24;80H[24;80H[24;80H[24;80H[24;80H[24;80H[24;80H[24;80H[24;80H[24;80H[24;80H[24;80H[24;80H[24;80H[24;80H[24;80H[24;80H[24;80H[24;80H[24;80H
[23;80H0[24;80H[24;80H[24;80H[24;80H[24;80H[24;80H[24;80H[24;80H[24;80H[24;80H[24;80H[24;80H[24;80H[24;80H[24;80H[24;80H[24;80H[24;80H[24;80H[24;80H[24;80H[24;80H[24;80H[24;80H[24;80H[24;80H[24;80H[24;80H[24;80H[24;80H[24;80H[24;80H[24;80H[24;80H[24;80H[24;80H[24;80H[24;80H[24;80H[24;80H[24;80H
[23;80H0[24;80H[24;80H[24;80H[24;80H[24;80H[24;80H[24;80H[24;80H[24;80H[24;80H[24;80H[24;80H[24;80H[24;80H[24;80H[24;80H[24;80H[24;80H[24;80H[24;80H[24;80H[24;80H[24;80H[24;80H[24;80H[24;80H[24;80H[24;80H[24;80H[24;80H[24;80H[24;80H[24;80H[24;80H[24;80H[24;80H[24;80H[24;80H[24;80H[24;80H[24;80H[24;80H[24;80H[24;80H[24;80H[24;80H[24;80H[24;80H
[23;80H0[24;80H[24;80H[24;80H[24;80H[24;80H[24;80H[24;80H[24;80H[24;80H[24;80H[24;80H[24;80H[24;80H[24;80H[24;80H[24;80H[24;80H[24;80H[24;80H[24;80H[24;80H[24;80H[24;80H[24;80H[24;80H[24;80H[24;80H[24;80H[24;80H[24;80H[24;80H[24;80H[24;80H[24;80H[24;80H[24;80H[24;80H[24;80H[24;80H[24;80H[24;80H[24;80H[24;80H[24;80H[24;80H[24;80H[24;80H[24;80H[24;80H[24;80H[24;80H[24;80H[24;80H[24;80H[24;80H[24;80H[24;80H[24;80H[24;80H[24;80H[24;80H[24;80H[24;80H[24;80H[24;80H[24;80H[24;80H[24;80H[24;80H[24;80H[24;80H[24;80H[24;80H[24;80H[24;80H[24;80H[24;80H[24;80H[24;80H[24;80H[24;80H[24;80H[24;80H
[23;80H [24;80H[24;80H[24;80H[24;80H[24;80H[24;80H[24;80H[24;80H[24;80H[24;80H[24;80H[24;80H[24;80H[24;80H[24;80H[24;80H[24;80H[24;80H[24;80H[24;80H[24;80H[24;80H[24;80H[24;80H[24;80H[24;80H[24;80H[24;80H[24;80H[24;80H[24;80H[24;80H[24;80H[24;80H[24;80H[24;80H[24;80H[24;80H[24;80H[24;80H[24;80H
[23;80H0[24;80H
[23;80H [24;1H _____                    _____           _         _   
[23;80H [24;1H|  _  |___ ___ ___ ___   |  _  |___ ___  |_|___ ___| |_ 
[23;80H [24;1H|     |  _| .'| . | . |  |   __|  _| . | | | -_|  _|  _|
[23;80H [24;1H|__|__|_| |__,|_  |___|  |__|  |_| |___|_| |___|___|_|  
[23;80H [24;1H              |___|                    |___|            
[23;80H [24;1H
[23;80H [24;1HArago Project http://arago-project.org dm814x ttyO0
[23;80H [24;1H
[23;80H [24;1HArago 2012.10 dm814x ttyO0
[23;80H [24;1H
[23;80H [24;1Hdm814x login: 
[xz_alarm_start]-671: xz_alarm_start
[23;80H [24;51H[msg_open]-68: queue id:0
[23;80H [24;76H
[23;80H [24;1H _____                    _____           _         _   
[23;80H [24;1H|  _  |___ ___ ___ ___   |  _  |___ ___  |_|___ ___| |_ 
[23;80H [24;1H|     |  _| .'| . | . |  |   __|  _| . | | | -_|  _|  _|
[23;80H [24;1H|__|__|_| |__,|_  |___|  |__|  |_| |___|_| |___|___|_|  
[23;80H [24;1H              |___|                    |___|            
[23;80H [24;1H
[23;80H [24;1HArago Project http://arago-project.org dm814x ttyO0
[23;80H [24;1H
[23;80H [24;1HArago 2012.10 dm814x ttyO0
[23;80H [24;1H
[23;80H [24;1Hdm814x login:root
 root
[23;80H [24;19HPassword: xzrsP@ssw0rd

[23;80H [24;1H[system_monitor_run]-1055: Create system_monitor_thr_cb thread sucess .
[23;80H [24;1H[xz_authorize_check]-558: **************check ret = 0 ****************
[23;80H [24;1H[xz_authorize_check]-561: **************check ret = 0 ****************
[23;80H [24;1H[xz_connect]-1739: xz_connect, 1739
[23;80H [24;1H[create_wdg_server]-555: create_wdg_server, clientFd = 8
[23;80H [24;1H[create_wdg_server]-556: -------wdg accept--------
[23;80H [24;1H[create_wdg_server]-571: Data:accept clientFd:8 ,pos[0]succeed g_wdg_c_con_inf_[24;80H[24;80H[24;80H[24;80H[24;80H[24;80H[24;80H[24;80H[24;80H[24;80H
[23;80H.[24;1H[create_wdg_server]-579: Create client thread sucess .
[23;80H [24;1H[create_wdg_server]-596: 
[23;80H [24;1HCurrent timeout value is : 30 seconds
[23;80H [24;1H[create_wdg_server]-606: 
[23;80H [24;1HNew timeout value is : 30 seconds[create_wdg_server]-614: 
[23;80H [24;1HCurrent timeout value is : 30 seconds
[23;80H [24;1H[send_sys_inf_to_wdg]-578: process path /opt/dvr_rdk/ti814x/xz_nvs_exe.bin
[23;80H [24;1H[wdg_get_client_resp]-223: +++++++++++++++++++++++wdg_get_client_resp,223++++++[24;80H[24;80H[24;80H[24;80H[24;80H[24;80H[24;80H[24;80H[24;80H[24;80H[24;80H[24;80H[24;80H[24;80H[24;80H[24;80H[24;80H[24;80H
[23;80H+[24;1H[wdg_get_client_resp]-234: proc path ,pid 676.
[23;80H [24;1H[ptz_module_session]-1012: Didn't Start the guard_point_timer timer 
[23;80H [24;1H[xz_priv_sdk_init]-627: xz_priv_sdk_init, 627 
[23;80H [24;1H[xz_priv_sdk_init]-633: xz_priv_sdk_init, 633 
[23;80H [24;1H[xz_sdk_thread]-481: xz_sdk_thread, 481 
[23;80H [24;1H[msg_open]-66: Creat queue id:32769
[23;80H [24;1H[msg_open]-68: queue id:32769
[23;80H [24;1H[xz_sdk_thread]-507: xz_sdk_thread, 507 
[23;80H [24;1H[xz_sdk_thread]-507: xz_sdk_thread, 507 
[23;80H [24;1H[xz_sdk_thread]-507: xz_sdk_thread, 507 
[23;80H [24;1H[xz_sdk_thread]-507: xz_sdk_thread, 507 
[23;80H [24;1H[xz_sdk_thread]-519: xz_sdk_thread, 519 
[23;80H [24;1H 0: SYSTEM: System Common Init in progress !!!
[23;80H [24;1H 0: SYSTEM: IPC init in progress !!!
[23;80H [24;1H 49: SYSTEM: CPU [DSP] syslink proc ID is [0] !!!
[23;80H [24;1H 49: SYSTEM: CPU [VIDEO-M3] syslink proc ID is [1] !!!
[23;80H [24;1H 49: SYSTEM: CPU [VPSS-M3] syslink proc ID is [2] !!!
[23;80H [24;1H 49: SYSTEM: CPU [HOST] syslink proc ID is [3] !!!
[23;80H [24;1H 52: SYSTEM: Creating MsgQ Heap [IPC_MSGQ_MSG_HEAP_3] ...
[23;80H [24;1H 59: SYSTEM: Creating MsgQ [HOST_MSGQ] ...
[23;80H [24;1H 61: SYSTEM: Creating MsgQ [HOST_ACK_MSGQ] ...
[23;80H [24;1H 62: SYSTEM: Opening MsgQ [DSP_MSGQ] ...
[23;80H [24;1H 62: SYSTEM: Opening MsgQ [VIDEO-M3_MSGQ] ...
[23;80H [24;1H 63: SYSTEM: Opening MsgQ [VPSS-M3_MSGQ] ...
[23;80H [24;1H 65: SYSTEM: Notify register to [DSP] line 0, event 15 ... 
[23;80H [24;1H 65: SYSTEM: Notify register to [VIDEO-M3] line 0, event 15 ... 
[23;80H [24;1H 66: SYSTEM: Notify register to [VPSS-M3] line 0, event 15 ... 
[23;80H [24;1H 66: SYSTEM: IPC init DONE !!!
[23;80H [24;1H 75: SYSTEM: Creating ListMP [HOST_IPC_OUT_24] in region 0 ...
[23;80H [24;1H 76: SYSTEM: Creating ListMP [HOST_IPC_IN_24] in region 0 ...
[23;80H [24;1H 78: SYSTEM: ListElem Shared Addr = 0x48a25680
[23;80H [24;1H 79: SYSTEM: Creating ListMP [HOST_IPC_OUT_25] in region 0 ...
[23;80H [24;1H 80: SYSTEM: Creating ListMP [HOST_IPC_IN_25] in region 0 ...
[23;80H [24;1H 82: SYSTEM: ListElem Shared Addr = 0x48a5c480
[23;80H [24;1H 85: SYSTEM: Creating ListMP [HOST_IPC_OUT_19] in region 0 ...
[23;80H [24;1H 87: SYSTEM: Creating ListMP [HOST_IPC_IN_19] in region 0 ...
[23;80H [24;1H 88: SYSTEM: ListElem Shared Addr = 0x48a93280
[23;80H [24;1H 89: SYSTEM: Creating ListMP [HOST_IPC_OUT_20] in region 0 ...
[23;80H [24;1H 91: SYSTEM: Creating ListMP [HOST_IPC_IN_20] in region 0 ...
[23;80H [24;1H 92: SYSTEM: ListElem Shared Addr = 0x48ad6580
[23;80H [24;1H 93: SYSTEM: Creating ListMP [HOST_IPC_OUT_21] in region 0 ...
[23;80H [24;1H 95: SYSTEM: Creating ListMP [HOST_IPC_IN_21] in region 0 ...
[23;80H [24;1H 96: SYSTEM: ListElem Shared Addr = 0x48b19880
[23;80H [24;1H 116: SYSTEM: System Common Init Done !!!
[23;80H [24;1HCreat queue id:65538
[23;80H [24;1Hqueue id:65538
[23;80H [24;1HStream Debug:  Init_Msg_Func 
[23;80H [24;1H
[23;80H [24;1H [host] XZ_IPNC_WAC_IPC  Xzrs_IpncWacIpcCreateChain
[23;80H [24;1H 206: MCFW  : CPU Revision [ES2.1] !!! 
[23;80H [24;1H[HOST] 
[23;80H [24;1HThreadName:IpcBitsOutLink_tskMain_30000018,ThreadID:710
[23;80H [24;1H
[23;80H [24;1H [host]  212: IPC_BITS_OUT   : Create in progress !!!
[23;80H [24;1H
[23;80H [24;1H [host] IPC_BITSOUT:BitBuffer Alloc.ChID:0,Size:0x9E3400
[23;80H [24;1H [host] 
[23;80H [24;1H******* RingBuf 0 created ********
[23;80H [24;1H
[23;80H [24;1H [host] IPCBITSOUTLINK:Translated Addr Virt:0x4b392b00 To Phy:0x8a40eb00
[23;80H [24;1H [host] 
[23;80H [24;1H###Bit buff of size from the SR # 1 : 10368000 / bufsize 2073600, maxQueueDepth[24;80H[24;80H[24;80H[24;80H
[23;80H [24;1H
[23;80H [24;1H [host] ###Bit buff BasePtr: 4B392B00 / PhyAddr 8A40EB00
[23;80H [24;1H
[23;80H [24;1H [host]  215: IPC_BITS_OUT   : Create Done !!!
[23;80H [24;1H[HOST] 
[23;80H [24;1HThreadName:IpcBitsOutLink_periodicTaskFxn_30000018,ThreadID:720
[23;80H [24;1H [m3video]  6207: IPC_BITS_IN   : Create in progress !!!
[23;80H [24;1H [m3video]  6207: SYSTEM: Opening ListMP [HOST_IPC_OUT_24] ...
[23;80H [24;1H [m3video]  6208: SYSTEM: Opening ListMP [HOST_IPC_IN_24] ...
[23;80H [24;1H [m3video]  6209: SYSTEM: Opening MsgQ [HOST_MSGQ] ...
[23;80H [24;1H [m3video]  6211: IPC_BITS_IN   : Create Done !!!
[23;80H [24;1H [m3video]  6211: DECODE: Create in progress ... !!!
[23;80H [24;1H [m3video] DECLINK_H264:HEAPID:0[24;41HUSED:4264
[23;80H [24;1H [m3video] DECLINK_H264:HEAPID:3[24;41HUSED:8937472
[23;80H [24;1Hroot@dm814x:~#
  [m3video]  6338: DECODE: Creating CH0 of 1920 x 1080 [PROGRESSI[24;80H[24;80H[24;80H[24;80H[24;80H[24;80H[24;80H[24;80H[24;80H[24;80H[24;80H[24;80H[24;80H[24;80H[24;80H[24;80H[24;80H[24;80H[24;80H[24;80H[24;80H[24;80H[24;80H[24;80H[24;80H[24;80H[24;80H[24;80H[24;80H[24;80H[24;80H[24;80H[24;80H[24;80H[24;80H[24;80H[24;80H[24;80H[24;80H[24;80H[24;80H[24;80H[24;80H[24;80H[24;80H[24;80H[24;80H[24;80H[24;80H
[23;80H [24;1H [m3video]  6340: DECODE: All CH Create ... DONE !!!
[23;80H [24;1H [m3vpss ]  6346: IPC_IN_M3   : Create in progress !!!
[23;80H [24;1H [m3vpss ]  6346: SYSTEM: Opening ListMP [VIDEO-M3_IPC_OUT_0] ...
[23;80H [24;1H [m3vpss ]  6346: SYSTEM: Opening ListMP [VIDEO-M3_IPC_IN_0] ...
[23;80H [24;1H [m3video] DECLINK:HEAPID:0[24;33HUSED:4304
[23;80H [24;1H [m3vpss ]  6347: SYSTEM: Opening MsgQ [VIDEO-M3_MSGQ] ...
[23;80H [24;1H [m3video] DECLINK:HEAPID:3[24;33HUSED:23388160
[23;80H [24;1H [m3vpss ]  6349: IPC_IN_M3   : Create Done !!!
[23;80H [24;1H [m3video]  6344: DECODE: Create ... DONE !!!
[23;80H [24;1H [m3video]  6344: IPC_OUT_M3   : Create in progress !!!
[23;80H [24;1H [m3video]  6345: IPC_OUT_M3   : Create Done !!!
[23;80H [24;1H
[23;80H [24;1H [m3vpss ]  6353: DUP:  0: Format: PROGRESSIVE, 1920 x 1080
[23;80H [24;1H [m3vpss ]  6355: DUP   : Create Done !!!
[23;80H [24;1H [m3vpss ]  6355: DEI    : Create in progress !!!
[23;80H [24;1H [m3vpss ] DEI: Ch 0, Outformat is PROGRESSIVE
[23;80H [24;1H [m3vpss ]  6364: DEI: OUT1:  0: Format: PROGRESSIVE, 0xb9a6a480, 640 x 360, 4 [24;80H[24;80H[24;80H[24;80H[24;80H[24;80H
[23;80Hs[24;1H [m3vpss ]  6365: DEI     : Loading Down-scaling Co-effs
[23;80H [24;1H [m3vpss ]  6365: DEI     : Co-effs Loading ... DONE !!!
[23;80H [24;1H [m3vpss ] DEI:HEAPID:0[24;25HUSED:64
[23;80H [24;1H [m3vpss ] DEI:HEAPID:1[24;25HUSED:4528
[23;80H [24;1H [m3vpss ] DEI:HEAPID:4[24;25HUSED:1382400
[23;80H [24;1H [m3vpss ]  6366: DEI    : Create Done !!!
[23;80H [24;1H [m3vpss ]  6366: DEI    : Create in progress !!!
[23;80H [24;1H [m3vpss ] DEI: Ch 0, Outformat is PROGRESSIVE
[23;80H [24;1H [m3vpss ]  6381: DEI: OUT1:  0: Format: PROGRESSIVE, 0xb9bbbc80, 704 x 576, 4 [24;80H[24;80H[24;80H[24;80H[24;80H[24;80H
[23;80Hs[24;1H [m3vpss ]  6382: DEI     : Loading Down-scaling Co-effs
[23;80H [24;1H [m3vpss ]  6382: DEI     : Co-effs Loading ... DONE !!!
[23;80H [24;1H [m3vpss ] DEI:HEAPID:0[24;25HUSED:64
[23;80H [24;1H [m3vpss ] DEI:HEAPID:1[24;25HUSED:4752
[23;80H [24;1H [m3vpss ] DEI:HEAPID:4[24;25HUSED:2433024
[23;80H [24;1H [m3vpss ]  6383: DEI    : Create Done !!!
[23;80H [24;1H [m3vpss ]  6383: DEI    : Create in progress !!!
[23;80H [24;1H [m3vpss ] DEI: Ch 0, Outformat is PROGRESSIVE
[23;80H [24;1H [m3vpss ]  6451: DEI: OUT1:  0: Format: PROGRESSIVE, 0xb9e0dc80, 1920 x 1080, [24;80H[24;80H[24;80H[24;80H[24;80H[24;80H[24;80H[24;80H
[23;80Hs[24;1H [m3vpss ]  6452: DEI     : Loading Down-scaling Co-effs
[23;80H [24;1H [c6xdsp ]  4878: IPC_FRAMES_IN   : Create in progress !!!
[23;80H [24;1H [m3vpss ]  6453: DEI     : Co-effs Loading ... DONE !!!
[23;80H [24;1H [c6xdsp ]  4878: SYSTEM: Opening ListMP [VPSS-M3_IPC_OUT_19] ...
[23;80H [24;1H [c6xdsp ]  4879: SYSTEM: Opening ListMP [VPSS-M3_IPC_IN_19] ...
[23;80H [24;1H [c6xdsp ]  4879: SYSTEM: Opening MsgQ [VPSS-M3_MSGQ] ...
[23;80H [24;1H [m3vpss ] DEI:HEAPID:0[24;25HUSED:64
[23;80H [24;1H [m3vpss ] DEI:HEAPID:1[24;25HUSED:1232
[23;80H [24;1H [m3vpss ] DEI:HEAPID:4[24;25HUSED:12441600
[23;80H [24;1H [c6xdsp ] IPC_FRAMES_IN:HEAPID:0[24;41HUSED:304
[23;80H [24;1H [m3vpss ]  6453: DEI    : Create Done !!!
[23;80H [24;1H [c6xdsp ]  4881: IPC_FRAMES_IN   : Create Done !!!
[23;80H [24;1H [m3vpss ]  6454: IPC_FRAMES_OUT   : Create in progress !!!
[23;80H [24;1H [c6xdsp ]  4881: XZRSMOT : Create in progress !!!
[23;80H [24;1H [c6xdsp ]  4881: XZRSMOT    : Algorithm Create in progress !!!
[23;80H [24;1H [c6xdsp ] XzrsMotLink_algCreate , calling DSKT2_createAlg ... 
[23;80H [24;1H [m3vpss ]  6456: IPC_FRAMES_OUT   : Create Done !!!
[23;80H [24;1H [c6xdsp ] MOTALG_XZRS_numAlloc
[23;80H [24;1H [c6xdsp ] MOTALG_XZRS_alloc
[23;80H [24;1H [c6xdsp ] MOTALG_XZRS_alloc, memTab[0].size = 8
[23;80H [24;1H [c6xdsp ] MOTALG_XZRS_initObj
[23;80H [24;1H [c6xdsp ] VIBE global memory needed : 13152768 bytes == 12844.5 Kbytes == 12.5[24;80H[24;80H[24;80H[24;80H[24;80H[24;80H[24;80H
[23;80Hs[24;1H [c6xdsp ] VIBE tmp    memory needed : 267616 bytes == 261.3 Kbytes == 0.3 Mbyt[24;80H[24;80H
[23;80Hs[24;1H [c6xdsp ] XzrsMotLink_algCreate , calling DSKT2_createAlg Done 
[23;80H [24;1H [c6xdsp ]  4980: XZRSMOT    : Algorithm Create Done !!!
[23;80H [24;1H [c6xdsp ]  4980: XZRSMOT :Start Create createOutObj  !!!
[23;80H [24;1Hroot@dm814x:~# passwd root

[23;80H [24;1H [host] IpcBitsInLink_tskMain:Entered[HOST] 
[23;80H [24;1HThreadName:IpcBitsInLink_tskMain_3000001a,ThreadID:708
[23;80H [24;1H
[23;80H [24;1H [host]  702: IPC_BITS_IN   : Create in progress !!!
[23;80H [24;1H
[23;80H [24;1H [host]  702: IPC_BITS_IN   : ListMPOpen start !!!
[23;80H [24;1H
[23;80H [24;1H [host]  702: SYSTEM: Opening ListMP [DSP_IPC_OUT_24] ...
[23;80H [24;1H [c6xdsp ]  5113: XZRSMOT : Create Done !!!
[23;80H [24;1H [c6xdsp ]  5113: IPC_BITS_OUT   : Create in progress !!!
[23;80H [24;1H 704: SYSTEM: Opening ListMP [DSP_IPC_IN_24] ...
[23;80H [24;1H
[23;80H [24;1H [host]  705: IPC_BITS_IN   : ListMPOpen done !!!
[23;80H [24;1H
[23;80H [24;1H [host]  706: IPC_BITS_IN   : System_linkGetInfo done !!!
[23;80H [24;1H
[23;80H [24;1H [host]  706: IPC_BITS_IN   : Create Done !!!
[23;80H [24;1H[HOST] 
[23;80H [24;1HThreadName:IpcBitsInLink_periodicTaskFxn_3000001a,ThreadID:721
[23;80H [24;1Hpasswd root [m3vpss ]  6700: MERGE:  0: Format: PROGRESSIVE, 1920 x 1080
[23;80H [24;1H [c6xdsp ]  5115: IPC_BITS_OUT   : Create Done !!!
[23;80H [24;1H [m3vpss ]  6700: MERGE:  1: Format: PROGRESSIVE, 704 x 576
[23;80H [24;1H [c6xdsp ]  5125: IPC_FRAMES_IN   : Create in progress !!!
[23;80H [24;1H [m3vpss ]  6700: MERGE   : Create Done !!!
[23;80H [24;1H [c6xdsp ]  5125: SYSTEM: Opening ListMP [VPSS-M3_IPC_OUT_20] ...
[23;80H [24;1H [m3vpss ]  6701: IPC_FRAMES_OUT   : Create in progress !!!
[23;80H [24;1H [c6xdsp ]  5126: SYSTEM: Opening ListMP [VPSS-M3_IPC_IN_20] ...
[23;80H [24;1H [m3vpss ]  6703: IPC_FRAMES_OUT   : Create Done !!!
[23;80H [24;1H [c6xdsp ] IPC_FRAMES_IN:HEAPID:0[24;41HUSED:304
[23;80H [24;1H [m3video]  6718: IPC_IN_M3   : Create in progress !!!
[23;80H [24;1H [m3vpss ]  6717: IPC_OUT_M3   : Create in progress !!!
[23;80H [24;1H [c6xdsp ]  5128: IPC_FRAMES_IN   : Create Done !!!
[23;80H [24;1H [m3video]  6719: SYSTEM: Opening ListMP [VPSS-M3_IPC_OUT_0] ...
[23;80H [24;1H [m3vpss ]  6718: IPC_OUT_M3   : Create Done !!!
[23;80H [24;1H [c6xdsp ] $$$$$$$$$$$$$$$$$$$$$$$$$$$$$XzrsOsdLink_tskMain, 2
[23;80H [24;1H [m3video]  6719: SYSTEM: Opening ListMP [VPSS-M3_IPC_IN_0] ...
[23;80H [24;1H [c6xdsp ]  5128: XZRSOSD : Create in progress !!!
[23;80H [24;1H [m3video]  6722: IPC_IN_M3   : Create Done !!!
[23;80H [24;1H [c6xdsp ]  5129: XZRSOSD    : Algorithm Create in progress !!!
[23;80H [24;1H [m3video]  6722: ENCODE: Create in progress ... !!!
[23;80H [24;1H [c6xdsp ] OSDALG_XZRS_alloc, memTab[0].size = 8
[23;80H [24;1H [c6xdsp ]  5138: XZRSOSD    : Algorithm Create Done !!!
[23;80H [24;1H [c6xdsp ] XzrsOsdLink_create, pObj->memUsed[0] = 2098256,freeMemStart[0] = 282[24;80H[24;80H[24;80H[24;80H[24;80H
[23;80H4[24;1H [c6xdsp ] XzrsOsdLink_create, pObj->memUsed[1] = 0,freeMemStart[1] = 0
[23;80H [24;1H [c6xdsp ] XzrsOsdLink_create, pObj->memUsed[2] = 0,freeMemStart[2] = 2129920
[23;80H [24;1H [c6xdsp ] XzrsOsdLink_create, pObj->memUsed[3] = 0,freeMemStart[3] = 14717056
[23;80H [24;1H [c6xdsp ] XzrsOsdLink_create, pObj->memUsed[4] = 0,freeMemStart[4] = 73485184
[23;80H [24;1H [c6xdsp ]  5138: XZRSOSD : Create Done !!!
[23;80H [24;1H
[23;80H [24;1H [m3video]  6766: ENCODE: Creating CH0 of 1920 x 1080, pitch = (1920, 1920) [PR[24;80H[24;80H[24;80H[24;80H[24;80H[24;80H[24;80H[24;80H[24;80H[24;80H[24;80H[24;80H[24;80H[24;80H[24;80H[24;80H[24;80H[24;80H[24;80H[24;80H[24;80H[24;80H[24;80H[24;80H[24;80H[24;80H[24;80H[24;80H[24;80H[24;80H[24;80H[24;80H[24;80H[24;80H[24;80H[24;80H[24;80H[24;80H[24;80H[24;80H[24;80H[24;80H[24;80H[24;80H[24;80H[24;80H[24;80H[24;80H[24;80H[24;80H[24;80H[24;80H[24;80H[24;80H[24;80H[24;80H[24;80H[24;80H[24;80H[24;80H[24;80H[24;80H[24;80H[24;80H[24;80H
[23;80H [24;1H
[23;80H [24;1H [host] IpcBitsInLink_tskMain:Entered[HOST] 
[23;80H [24;1HThreadName:IpcBitsInLink_tskMain_3000001b,ThreadID:709
[23;80H [24;1H
[23;80H [24;1H [host]  829: IPC_BITS_IN   : Create in progress !!!
[23;80H [24;1H
[23;80H [24;1H [host]  829: IPC_BITS_IN   : ListMPOpen start !!!
[23;80H [24;1H
[23;80H [24;1H [host]  829: SYSTEM: Opening ListMP [VIDEO-M3_IPC_OUT_24] ...
[23;80H [24;1H 830: SYSTEM: Opening ListMP [VIDEO-M3_IPC_IN_24] ...
[23;80H [24;1H
[23;80H [24;1H [host]  831: IPC_BITS_IN   : ListMPOpen done !!!
[23;80H [24;1H
[23;80H [24;1H [host]  833: IPC_BITS_IN   : System_linkGetInfo done !!!
[23;80H [24;1H
[23;80H [24;1H [host]  833: IPC_BITS_IN   : Create Done !!!
[23;80H [24;1H[HOST] 
[23;80H [24;1HThreadName:IpcBitsInLink_periodicTaskFxn_3000001b,ThreadID:722
[23;80H [24;1H [m3video] ENCLINK_H264:HEAPID:0[24;41HUSED:11912
[23;80H [24;1H [m3video] ENCLINK_H264:HEAPID:3[24;41HUSED:7176192
[23;80H [24;1H [m3video]  6806: ENCODE: Creating CH1 of 704 x 576, pitch = (704, 704) [PROGRE[24;80H[24;80H[24;80H[24;80H[24;80H[24;80H[24;80H[24;80H[24;80H[24;80H[24;80H[24;80H[24;80H[24;80H[24;80H[24;80H[24;80H[24;80H[24;80H[24;80H[24;80H[24;80H[24;80H[24;80H[24;80H[24;80H[24;80H[24;80H[24;80H[24;80H[24;80H[24;80H[24;80H[24;80H[24;80H[24;80H[24;80H[24;80H[24;80H[24;80H[24;80H[24;80H[24;80H[24;80H[24;80H[24;80H[24;80H[24;80H[24;80H[24;80H[24;80H[24;80H[24;80H[24;80H[24;80H[24;80H[24;80H[24;80H[24;80H[24;80H[24;80H
[23;80H [24;1H
[23;80H [24;1HVENC_FRAMERATE  Channel Selected: 0, frameRate = 25
[23;80H [24;1H
[23;80H [24;1HVENC_FRAMERATE  Channel Selected: 1, frameRate = 25
[23;80H [24;1H [m3video] ENCLINK_H264:HEAPID:0[24;41HUSED:11912
[23;80H [24;1H [m3video] ENCLINK_H264:HEAPID:3[24;41HUSED:1769472
[23;80H [24;1H [m3video]  6817: ENCODE: All CH Create ... DONE !!!
[23;80H [24;1H [m3video] ENCLINK:HEAPID:0[24;33HUSED:23864
[23;80H [24;1H [m3video] ENCLINK:HEAPID:2[24;33HUSED:7464960
[23;80H [24;1H [m3video] ENCLINK:HEAPID:3[24;33HUSED:8945664
[23;80H [24;1H [m3video]  6818: ENCODE: Create ... DONE !!!
[23;80H [24;1H [m3video]  6818: IPC_BITS_OUT   : Create in progress !!!
[23;80H [24;1H [c6xdsp ] 5293,XZRSMOT_LINK_CMD_SET_TRIPWIRE
[23;80H [24;1H [c6xdsp ] OSDALG_XZRS_control  get mask data ,type = 0 
[23;80H [24;1H [m3video]  6821: IPC_BITS_OUT   : Create Done !!!
[23;80H [24;1H [c6xdsp ] xz_enc_osd_algorithm_set_char_parameter, type_char = 0,width = 386,m[24;80H[24;80H[24;80H[24;80H[24;80H[24;80H[24;80H[24;80H[24;80H[24;80H[24;80H[24;80H[24;80H[24;80H[24;80H
[23;80H0[24;1H [c6xdsp ] OSDALG_XZRS_control  get mask data ,type = 7 
[23;80H [24;1H [c6xdsp ] xz_enc_osd_algorithm_set_char_parameter, type_char = 7,width = 162,m[24;80H[24;80H[24;80H[24;80H[24;80H[24;80H[24;80H[24;80H[24;80H[24;80H[24;80H[24;80H[24;80H[24;80H[24;80H
[23;80H0[24;1H[xz_dm8168_enc_set_osd_cfg_params]-2376: ---xz_dm8168_enc_set_osd_cfg_params  s[24;80H[24;80H[24;80H[24;80H[24;80H[24;80H
[23;80H-[24;1H[xz_dm8168_enc_set_osd_cfg_params]-2379: ---xz_dm8168_enc_set_osd_cfg_params  e[24;80H[24;80H[24;80H[24;80H
[23;80H-[24;1HChanging password for root
[23;80H [24;1HEnter the new password (minimum of 5, maximum of 8 characters)
[23;80H [24;1HPlease use a combination of upper and lower case letters and numbers.
[23;80H [24;1HNew password:xzrsP@ssw0rd
 
[23;80H [24;1HRe-enter new password: xzrsP@ssw0rd

[23;80H [24;1Hpasswd: password changed.

[23;80H [24;1Hroot@dm814x:~# /opt/dvr_rdk/ti814x/read_db | grep serialNum

[23;80H [24;1Hroot@dm814x:~# /opt/dvr_rdk/ti814x/read_db | grep serialNum
[23;80H [24;1H[xz_db_read]-1349: devInfo.serialNum= d19f1346194c4d920d7427aa71190672