
[0m(B)0[?1h=[H[J
Welcome to minicom 2.7

OPTIONS: I18n 
Compiled on Jan  1 2014, 17:13:19.
Port /dev/ttyUSB2, 15:12:40

Press CTRL-A Z for help on special keys


root@dm816x:~#reboot
 reboot

Broadcast message from root@dm816x (console) (Thu Dec 24 15:13:38 2015):

The system is going down for reboot NOW!
INIT: root@dm816x:~# INIT: Sending processes the TERM signal
[xz_sig_exit_cb]-13: Ctrl +C received---------------------------------
SIGTERM Signal number = 15, Signal errno = 0
wdg module, wdg_main_exit_cb , signo = 15,SIGINT = 2,SIGTERM = 15
[main]-213: +++++++++++++++++++++++main,213++++++++++++++++++++++++
[xz_sig_exit_cb]-13: Ctrl +C received---------------------------------
SIGTERM Signal number = 15, Signal errno = 0
-------------Begin exit xz_nvs_exe.bin  ----------------------
1-------------------------------------------
[23;80H [24;1H[web_msg_module_session]-882: msgnum = 1
[23;80H [24;1H[web_msg_module_session]-883: src = 687
[23;80H [24;1H[web_msg_module_session]-884: cmd = 38
[23;80H [24;1H[web_msg_module_session]-1664: Get message WEBEXIT
[23;80H [24;1H2-------------------------------------------
[23;80H [24;1H3-------------------------------------------
[23;80H [24;1HKill queue id:65538
[23;80H [24;1H
[23;80H [24;1H [host]  147374: IPC_BITS_IN   : Stop Done !!!
[23;80H [24;1H
[23;80H [24;1H [host] 147394: IPCBITSIN:Link[3000001a]:
[23;80H [24;1H [host] RECV:3641[24;25HFREE:3636,DROPPED:0,AVGLATENCY:10,AVG_APP_CB_TIME:0
[23;80H [24;1H [host]  147395: IPC_BITS_IN   : Delete in progress !!!
[23;80H [24;1H
[23;80H [24;1H [host]  147395: IPC_BITS_IN   : Delete Done !!!
[23;80H [24;1H
[23;80H [24;1H [host] 147404: IPCBITSIN:Link[3000001b]:
[23;80H [24;1H [host] RECV:7251[24;25HFREE:7237,DROPPED:0,AVGLATENCY:12,AVG_APP_CB_TIME:2
[23;80H [24;1H [host]  147404: IPC_BITS_IN   : Delete in progress !!!
[23;80H [24;1H
[23;80H [24;1H [host]  147404: IPC_BITS_IN   : Delete Done !!!
[23;80H [24;1H 147407: SYSTEM: System Common De-Init in progress !!!
[23;80H [24;1H
[23;80H [24;1H [host] OSA_tskDelete:In progress...
[23;80H [24;1H [host] OSA_tskDelete:In progress...
[23;80H [24;1H [host] OSA_tskDelete:In progress...
[23;80H [24;1H [host] OSA_tskDelete:In progress...
[23;80H [24;1H [host] OSA_tskDelete:In progress...
[23;80H [24;1H [host] OSA_tskDelete:In progress...
[23;80H [24;1H [host] OSA_tskDelete:In progress...
[23;80H [24;1H [host] OSA_tskDelete:In progress...
[23;80H [24;1H [host] OSA_tskDelete:In progress...
[23;80H [24;1H [host] OSA_tskDelete:In progress... 147412: SYSTEM: IPC de-init in progress !![24;80H
[23;80H![24;1H 147429: SYSTEM: IPC de-init DONE !!!
[23;80H [24;1H 147429: SYSTEM: System Common De-Init Done !!!
[23;80H [24;1H[xz_app_mgt_thr]-449: file:{xz_enc_priv.c},func:[xz_app_mgt_thr],line:-449.
[23;80H [24;1H4-------------------------------------------
[23;80H [24;1H5-------------------------------------------
[23;80H [24;1H6-------------------------------------------
[23;80H [24;1H7-------------------------------------------
[23;80H [24;1H8-------------------------------------------
[23;80H [24;1HStopping telnet daemon.
[23;80H [24;1HStopping system message bus: dbus.
[23;80H [24;1HVPSS_FVID2: create handle is NULL
[23;80H [24;1Hti81xxfb ti81xxfb: fvid2 create failed.
[23;80H [24;1HError opening /dev/fb0: Invalid argument
[23;80H [24;1HStopping syslogd/klogd: stopped syslogd (pid 515)
[23;80H [24;1Hstopped klogd (pid 517)
[23;80H [24;1Hdone
[23;80H [24;1HALSA: Storing mixer settings...
[23;80H [24;1H/usr/sbin/alsactl: save_state:1580: No soundcards found...
[23;80H [24;1HDeconfiguring network interfaces... done.
[23;80H [24;1HSending all processes the TERM signal...
[23;80H [24;1Hwdg module, wdg_main_exit_cb , signo = 15,SIGINT = 2,SIGTERM = 15
[23;80H [24;1H[xz_sig_exit_cb]-13: Ctrl +C received---------------------------------
[23;80H [24;1HSIGTERM Signal number = 15, Signal errno = 0
[23;80H [24;1H[xz_sig_exit_cb]-13: Ctrl +C received---------------------------------
[23;80H [24;1HSIGTERM Signal number = 15, Signal errno = 0
[23;80H [24;1H[main]-219: +++++++++++++++++++++++main,219++++++++++++++++++++++++
[23;80H [24;1H[xz_release_watchdog_service]-728: +++++++++++++++++++++++xz_release_watchdog_s[24;80H[24;80H[24;80H[24;80H[24;80H[24;80H[24;80H[24;80H[24;80H[24;80H[24;80H[24;80H[24;80H[24;80H[24;80H[24;80H[24;80H[24;80H[24;80H[24;80H[24;80H[24;80H[24;80H[24;80H[24;80H[24;80H[24;80H[24;80H[24;80H[24;80H[24;80H[24;80H[24;80H[24;80H
[23;80H+[24;1HThread monitor_tid Joined!
[23;80H [24;1H[ev_blk_release]-124: Release ev_blk.
[23;80H [24;1Hmsg_mgt 0x92ac60 ,msg_num[0].
[23;80H [24;1H[create_wdg_server]-668: +++++++++++++++++++++++create_wdg_server,668++++++++++[24;80H[24;80H[24;80H[24;80H[24;80H[24;80H[24;80H[24;80H[24;80H[24;80H[24;80H[24;80H[24;80H[24;80H
[23;80H+[24;1H[main]-221: +++++++++++++++++++++++main,221++++++++++++++++++++++++
[23;80H [24;1H[ev_blk_release]-124: Release ev_blk.
[23;80H [24;1Hmsg_mgt 0x92adb0 ,msg_num[0].
[23;80H [24;1H9-------------------------------------------
[23;80H [24;1Hmsg_mgt 0x40c0d8 ,msg_num[0].
[23;80H [24;1Hmsg_mgt 0x40c150 ,msg_num[0].
[23;80H [24;1Hmsg_mgt 0x40c1c8 ,msg_num[0].
[23;80H [24;1Hmsg_mgt 0x40c240 ,msg_num[0].
[23;80H [24;1Hmsg_mgt 0x40c2b8 ,msg_num[0].
[23;80H [24;1Hmsg_mgt 0x40c330 ,msg_num[0].
[23;80H [24;1Hmsg_mgt 0x40c3a8 ,msg_num[0].
[23;80H [24;1Hmsg_mgt 0x40c420 ,msg_num[0].
[23;80H [24;1Hmsg_mgt 0x40c498 ,msg_num[0].
[23;80H [24;1Hmsg_mgt 0x40c510 ,msg_num[0].
[23;80H [24;1Hmsg_mgt 0x40c588 ,msg_num[0].
[23;80H [24;1Hrelease_msg_pool,527,0x9246b0
[23;80H [24;1H[xz_release_timer_list]-346: Have release resource.
[23;80H [24;1H10-------------------------------------------
[23;80H [24;1H&&&&&&&&&&&&&will free the db handle&&&&&&&&&&&&&&&&
[23;80H [24;1H&&&&&g_sqlite3 != NULL, will call sqlite3_close
[23;80H [24;1H&&&&&g_sqlite3 != NULL, will call sqlite3_close  2
[23;80H [24;1HSending all processes the KILL signal...
[23;80H [24;1HUnmounting remote filesystems...
[23;80H [24;1HDeactivating swap...
[23;80H [24;1HUnmounting local filesystems...
[23;80H [24;1HRebooting... Restarting system.
[23;80H [24;1H
[23;80H [24;1H
[23;80H [24;1HU-Boot 2010.06 (Dec 22 2015 - 13:49:51)
[23;80H [24;1H
[23;80H [24;1HCDXZRS-GP rev 1.0
[23;80H [24;1H
[23;80H [24;1HI2C:   ready
[23;80H [24;1HDRAM:  2 GiB
[23;80H [24;1HNAND:  HW ECC BCH8 Selected
[23;80H [24;1H256 MiB
[23;80H [24;1HMMC:   OMAP SD/MMC: 0
[23;80H [24;1H:,;;:;:;;;;;;;;r;;:,;;:;:;;;;;;;;:,;;:;:;;;;;;;;:,;;:;:;;;;;;;;:;;;;;;;;:,;;:;:
[23;80H [24;1H;,;:::;;;;r;;;rssiSiS552X5252525259GX2X9hX9X9XX2325S55252i5:,;;:;:;;;;;;;;:,;;:
[23;80H [24;1H;:;;;;;;;rrssSsS52S22h52299GGAAMHMM#BBH#B#HMM#HMBA&&XX2255S2S5Si:,;;:;:;;;;;;;;
[23;80H [24;1H;:;;r;;rsrrriiXS5S329&A&MH#BMB#A&9XXA252GXiSXX39AAMMMBB&G22S5i2SSiiiisi:,;;:;:;
[23;80H [24;1H;;;;;r;rr2iisiih393HB#B#AA99i22irrrX3X52AGsisss2Xii2299HBMA&X2S5S5iSiisSsi:,;;:
[23;80H [24;1Hr:r;rrsrsihXSi2&##MHB&Ahh3AGHGA9G9h&#H##@@@##MAMMXXX9SSS29&&HGGX2i5iisiiisisi:,
[23;80H [24;1H;;rrrrsSiiiA&ABH&A9GAGhAhBAMHA9HM@@@@@@@@@@@@@@@@@@@HHhAh2S2SX9&Gh22SSiisiiisii
[23;80H [24;1Hr:rrssisiS2XM##&h3AGAX&3GG3Ssr5H@M#HM2; ;2X&&&MHMB###GBB#B&XXSSs529XX55iSsisisi
[23;80H [24;1Hr;rsrisSi2XHAhX99A3XXG&&XS;:,rH#HGhAS   @@@@3rs2XBM@@A552&&AHA2XiisSS252SSsisSs
[23;80H [24;1Hr;issi5S22&&3iSSX292&hXsr;;:;h@&G339&S9@@@@2@MA&9&HB##Xris29ABMAAX2ir;rsSi5iss5
[23;80H [24;1HrrsSi2XhG&9GXh399&X99i;;;;;;r#H&293H9X#@@@@@@@B&9GhAH@XrrsrsiXABHB&HG2rr;rrSiSi
[23;80H [24;1H;:rsisS599&AA9XG&3A35r;:::;,;BMh&&2iX5A@@@@@@@&392X5GB2;;;r;iSX393A##A&Xi:::rsi
[23;80H [24;1H;:rss552222X553&XHMhir;;::,:,h#HhGSXhG3#@@@@#AXXS2XAHA;::;;;;ss55XShBA3239r:,;;
[23;80H [24;1Hr;ii2S5SSi2i53hirsh2srr::,,,,;MMXX359&Ah3h&Si59SX99A#i:,::::;;sri2,.2r;:SGAr;,:
[23;80H [24;1H;:;rrrrssiriXGSi::shs;;;,,,:,,rBBA9h5s5h5iS5isi2SAHB5:,,,:::;rrs5&SrisSX5Srrr:,
[23;80H [24;1H;,r;;;;rsriSSrrrr;;5Xrr;;,:,,.,;9AA2SsisS5323XXXG9&i:.,,::;;r;;;srrrrrr;;:;::::
[23;80H [24;1H:,;r;r;rrissrrr;:;::;s;;;;,:,,..,r293h222hXXAAGGGX;:,,,:,:,::;:;::,:,,,,...,,,,
[23;80H [24;1H;,;;;;rrrrrrrrirr;,.,,:::::::,,,,.,;SX&ABAB2hhXir:,,.,,.,,:,,,,..,,,..,..,,,..:
[23;80H [24;1H:.:;:;;;:;;;;r;rrs;:.. ,,:::::,:,:,,.::rrsrr;;,,.......,..,....,,,,,,,...,.,,:,
[23;80H [24;1H:.:::,::::::;;r;rrr;:.......,.,.,,:::,,...............,,::.,,,,:,::,,:,:,,,:,;:
[23;80H [24;1H,.::,:,,,,,;;;;;;;;r;;::,..............................;;;:;::::,:::::::,:,:,,,
[23;80H [24;1H: ,,:,,,,,,,,,,,,,:;rrr;;:;,,,,,,,::,.,.:.,.,;s,:;;;;:;:;;;;;::::,:::,:::,:,:,:
[23;80H [24;1H,.,,,,,,,...,,.,,....................................:,............:,,,:,:,,,,,
[23;80H [24;1H
[23;80H [24;1HEricDebug uboot WDT timeout is 600 seconds 
[23;80H [24;1HNet:   set mac addr :  e:2b: 0:27:aa:44
[23;80H [24;1Hset mac addr1 :  f:2b: 0:27:aa:44
[23;80H [24;1HEthernet PHY: GENERIC @ 0x01
[23;80H [24;1HDaVinci EMAC
[23;80H [24;1HHit any key to stop autoboot:

  1  0 
[23;80H [24;1HXZ-UBOOT # 