
[!p[?3;4l[4l>[0m(B[?1h=[H[2J[?12l[?25h
Welcome to minicom 2.7

OPTIONS: I18n 
Compiled on Jan  1 2014, 17:13:19.
Port /dev/ttyUSB1, 17:12:00

Press CTRL-A Z for help on special keys


root@dm816x:~#reboot
 reboot

Broadcast message from root@dm816x (console) (Mon Jul 13 13:32:48 2015):

The system is going down for reboot NOW!
INIT: INIT: Sending processes the TERM signal
Ctrl +C received---------------------------------
SIGTERM Signal number = 15, Signal errno = 0
-------------Begin exit xz_nvs_exe.bin  ----------------------
1-------------------------------------------
msgnum = 1
src = 691
cmd = 38
Get message WEBEXIT
[23;80H [24;1Hroot@dm816x:~# 2-------------------------------------------
[23;80H [24;1H3-------------------------------------------
[23;80H [24;1Hxz_stop_rtsp Exit Completed 
[23;80H [24;1HEricDebug: success release rtsp
[23;80H [24;1H
[23;80H [24;1H [host]  AVSERVER UI: Stopping Streaming Server...
[23;80H [24;1Hkillall: wis-streamer: no process killed
[23;80H [24;1HStopping telnet daemon.
[23;80H [24;1HStopping system message bus: dbus.
[23;80H [24;1HStopping syslogd/klogd: stopped syslogd (pid 578)
[23;80H [24;1Hstopped klogd (pid 580)
[23;80H [24;1Hdone
[23;80H [24;1HALSA: Storing mixer settings...
[23;80H [24;1HDeconfiguring network interfaces... done.
[23;80H [24;1HSending all processes the TERM signal...
[23;80H [24;1HCtrl +C received---------------------------------
[23;80H [24;1HSIGTERM Signal number = 15, Signal errno = 0
[23;80H [24;1H
[23;80H [24;1H [host]  AVSERVER UI: Stopping Streaming Server...DONE
[23;80H [24;1Hxz_stop_rtsp AVSERVER_rtspServerStop finish
[23;80H [24;1Hxz_stop_rtsp AVSERVER_stop finish
[23;80H [24;1H
[23;80H [24;1H [host] OSA_tskDelete:In progress...xz_stop_rtsp AVSERVER_exit finish
[23;80H [24;1Hxz_stop_rtsp Exit Completed 
[23;80H [24;1HEricDebug: repeat release rtsp
[23;80H [24;1H
[23;80H [24;1H [host]  2261709: IPC_BITS_IN   : Stop Done !!!
[23;80H [24;1H
[23;80H [24;1H [host] 2261730: IPCBITSIN:Link[3000001a]:
[23;80H [24;1H [host] RECV:0[24;17HFREE:0,DROPPED:0,AVGLATENCY:0,AVG_APP_CB_TIME:0
[23;80H [24;1H [host]  2261730: IPC_BITS_IN   : Delete in progress !!!
[23;80H [24;1H
[23;80H [24;1H [host]  2261730: IPC_BITS_IN   : Delete Done !!!
[23;80H [24;1H
[23;80H [24;1H [host] 2261738: IPCBITSIN:Link[3000001b]:
[23;80H [24;1H [host] RECV:0[24;17HFREE:0,DROPPED:0,AVGLATENCY:0,AVG_APP_CB_TIME:0
[23;80H [24;1H [host]  2261738: IPC_BITS_IN   : Delete in progress !!!
[23;80H [24;1H
[23;80H [24;1H [host]  2261738: IPC_BITS_IN   : Delete Done !!!
[23;80H [24;1H 2261745: SYSTEM: System Common De-Init in progress !!!
[23;80H [24;1H
[23;80H [24;1H [host] OSA_tskDelete:In progress...
[23;80H [24;1H [host] OSA_tskDelete:In progress...
[23;80H [24;1H [host] OSA_tskDelete:In progress...
[23;80H [24;1H [host] OSA_tskDelete:In progress...
[23;80H [24;1H [host] OSA_tskDelete:In progress...
[23;80H [24;1H [host] OSA_tskDelete:In progress...
[23;80H [24;1H [host] OSA_tskDelete:In progress...
[23;80H [24;1H [host] OSA_tskDelete:In progress...
[23;80H [24;1H [host] OSA_tskDelete:In progress...
[23;80H [24;1H [host] OSA_tskDelete:In progress... 2261750: SYSTEM: IPC de-init in progress ![24;80H[24;80H
[23;80H![24;1H 2261764: SYSTEM: IPC de-init DONE !!!
[23;80H [24;1H 2261764: SYSTEM: System Common De-Init Done !!!
[23;80H [24;1Hfile:{xz_enc_priv.c},func:[xz_app_mgt_thr],line:-458.
[23;80H [24;1H4-------------------------------------------
[23;80H [24;1H5-------------------------------------------
[23;80H [24;1H6-------------------------------------------
[23;80H [24;1H7-------------------------------------------
[23;80H [24;1H8-------------------------------------------
[23;80H [24;1HThread monitor_tid Joined!
[23;80H [24;1H9-------------------------------------------
[23;80H [24;1Hmsg_mgt 0x4389f8 ,msg_num[0].
[23;80H [24;1Hmsg_mgt 0x438a70 ,msg_num[0].
[23;80H [24;1Hmsg_mgt 0x438ae8 ,msg_num[0].
[23;80H [24;1Hmsg_mgt 0x438b60 ,msg_num[0].
[23;80H [24;1Hmsg_mgt 0x438bd8 ,msg_num[0].
[23;80H [24;1Hmsg_mgt 0x438c50 ,msg_num[0].
[23;80H [24;1Hmsg_mgt 0x438cc8 ,msg_num[0].
[23;80H [24;1Hmsg_mgt 0x438d40 ,msg_num[0].
[23;80H [24;1Hmsg_mgt 0x438db8 ,msg_num[0].
[23;80H [24;1Hmsg_mgt 0x438e30 ,msg_num[0].
[23;80H [24;1Hrelease_msg_pool,521,0x65ec10
[23;80H [24;1H10-------------------------------------------
[23;80H [24;1H&&&&&&&&&&&&&will free the db handle&&&&&&&&&&&&&&&&
[23;80H [24;1H&&&&&g_sqlite3 != NULL, will call sqlite3_close
[23;80H [24;1HSending all processes the KILL signal...
[23;80H [24;1HUnmounting remote filesystems...
[23;80H [24;1HDeactivating swap...
[23;80H [24;1HUnmounting local filesystems...
[23;80H [24;1HRebooting... musb-hdrc musb-hdrc.1: remove, state 1
[23;80H [24;1Husb usb2: USB disconnect, address 1
[23;80H [24;1Hmusb-hdrc musb-hdrc.1: USB bus 2 deregistered
[23;80H [24;1Hmusb-hdrc musb-hdrc.0: remove, state 1
[23;80H [24;1Husb usb1: USB disconnect, address 1
[23;80H [24;1Hmusb-hdrc musb-hdrc.0: USB bus 1 deregistered
[23;80H [24;1HRestarting system.
[23;80H [24;1H
[23;80H [24;1H
[23;80H [24;1HU-Boot 2010.06 (Apr 28 2014 - 07:53:56)
[23;80H [24;1H
[23;80H [24;1HTI8168-GP rev 2.1
[23;80H [24;1H
[23;80H [24;1HARM clk: 987MHz
[23;80H [24;1HDDR clk: 796MHz
[23;80H [24;1HHDVICP clk: 600MHz
[23;80H [24;1HL3 Fast clk: 560MHz
[23;80H [24;1HHDVPSS clk: 280MHz
[23;80H [24;1HDucati M3 clk: 280MHz
[23;80H [24;1H
[23;80H [24;1HI2C:   ready
[23;80H [24;1HDRAM:  2 GiB
[23;80H [24;1HNAND:  HW ECC BCH8 Selected
[23;80H [24;1H256 MiB
[23;80H [24;1HMMC:   OMAP SD/MMC: 0
[23;80H [24;1H:,;;:;:;;;;;;;;r;;:,;;:;:;;;;;;;;:,;;:;:;;;;;;;;:,;;:;:;;;;;;;;:;;;;;;;;:,;;:;:
[23;80H [24;1H;,;:::;;;;r;;;rssiSiS552X5252525259GX2X9hX9X9XX2325S55252i5:,;;:;:;;;;;;;;:,;;:
[23;80H [24;1H;:;;;;;;;rrssSsS52S22h52299GGAAMHMM#BBH#B#HMM#HMBA&&XX2255S2S5Si:,;;:;:;;;;;;;;
[23;80H [24;1H;:;;r;;rsrrriiXS5S329&A&MH#BMB#A&9XXA252GXiSXX39AAMMMBB&G22S5i2SSiiiisi:,;;:;:;
[23;80H [24;1H;;;;;r;rr2iisiih393HB#B#AA99i22irrrX3X52AGsisss2Xii2299HBMA&X2S5S5iSiisSsi:,;;:
[23;80H [24;1Hr:r;rrsrsihXSi2&##MHB&Ahh3AGHGA9G9h&#H##@@@##MAMMXXX9SSS29&&HGGX2i5iisiiisisi:,
[23;80H [24;1H;;rrrrsSiiiA&ABH&A9GAGhAhBAMHA9HM@@@@@@@@@@@@@@@@@@@HHhAh2S2SX9&Gh22SSiisiiisii
[23;80H [24;1Hr:rrssisiS2XM##&h3AGAX&3GG3Ssr5H@M#HM2; ;2X&&&MHMB###GBB#B&XXSSs529XX55iSsisisi
[23;80H [24;1Hr;rsrisSi2XHAhX99A3XXG&&XS;:,rH#HGhAS   @@@@3rs2XBM@@A552&&AHA2XiisSS252SSsisSs
[23;80H [24;1Hr;issi5S22&&3iSSX292&hXsr;;:;h@&G339&S9@@@@2@MA&9&HB##Xris29ABMAAX2ir;rsSi5iss5
[23;80H [24;1HrrsSi2XhG&9GXh399&X99i;;;;;;r#H&293H9X#@@@@@@@B&9GhAH@XrrsrsiXABHB&HG2rr;rrSiSi
[23;80H [24;1H;:rsisS599&AA9XG&3A35r;:::;,;BMh&&2iX5A@@@@@@@&392X5GB2;;;r;iSX393A##A&Xi:::rsi
[23;80H [24;1H;:rss552222X553&XHMhir;;::,:,h#HhGSXhG3#@@@@#AXXS2XAHA;::;;;;ss55XShBA3239r:,;;
[23;80H [24;1Hr;ii2S5SSi2i53hirsh2srr::,,,,;MMXX359&Ah3h&Si59SX99A#i:,::::;;sri2,.2r;:SGAr;,:
[23;80H [24;1H;:;rrrrssiriXGSi::shs;;;,,,:,,rBBA9h5s5h5iS5isi2SAHB5:,,,:::;rrs5&SrisSX5Srrr:,
[23;80H [24;1H;,r;;;;rsriSSrrrr;;5Xrr;;,:,,.,;9AA2SsisS5323XXXG9&i:.,,::;;r;;;srrrrrr;;:;::::
[23;80H [24;1H:,;r;r;rrissrrr;:;::;s;;;;,:,,..,r293h222hXXAAGGGX;:,,,:,:,::;:;::,:,,,,...,,,,
[23;80H [24;1H;,;;;;rrrrrrrrirr;,.,,:::::::,,,,.,;SX&ABAB2hhXir:,,.,,.,,:,,,,..,,,..,..,,,..:
[23;80H [24;1H:.:;:;;;:;;;;r;rrs;:.. ,,:::::,:,:,,.::rrsrr;;,,.......,..,....,,,,,,,...,.,,:,
[23;80H [24;1H:.:::,::::::;;r;rrr;:.......,.,.,,:::,,...............,,::.,,,,:,::,,:,:,,,:,;:
[23;80H [24;1H,.::,:,,,,,;;;;;;;;r;;::,..............................;;;:;::::,:::::::,:,:,,,
[23;80H [24;1H: ,,:,,,,,,,,,,,,,:;rrr;;:;,,,,,,,::,.,.:.,.,;s,:;;;;:;:;;;;;::::,:::,:::,:,:,:
[23;80H [24;1H,.,,,,,,,...,,.,,....................................:,............:,,,:,:,,,,,
[23;80H [24;1H
[23;80H [24;1HNet:   Detected MACID:7c:66:9d:51:a6:2e
[23;80H [24;1HEthernet PHY: GENERIC @ 0x01
[23;80H [24;1HDaVinci EMAC
[23;80H [24;1HHit any key to stop autoboot: 

 3  0 
[23;80H [24;1HXZ_8168#
[23;80H [24;1HXZ_8168#