
[!p[?3;4l[4l>[0m(B[?1h=[H[2J[?12l[?25h
Welcome to minicom 2.7

OPTIONS: I18n 
Compiled on Jan  1 2014, 17:13:19.
Port /dev/ttyUSB1, 15:06:08

Press CTRL-A Z for help on special keys


Loaded file ../firmware/dvr_rdk_fw_m3vpss_512M_128M.xem3 on slave procId 2.
Started slave procId 2.
After Ipc_loadcallback status [0x00000000]
 [m3vpss ] [14;17HISS Freq  : 480 MHz
After Ipc_startcallback status [0x00000000]
 [m3vpss ] ***** VPSS Firmware build time 15:57:23 Dec 15 2016  EDG gcc 3.0 mode[16;80H
 [m3vpss ] ***** SYSTEM  : Frequency <ORG> - 200000000, <NEW> - 240000000
 [m3vpss ] notify_attach  rtnVal  0
 [m3vpss ] initProxyServer  rtnVal  0
 [m3vpss ]  
 [m3vpss ]  *** UTILS: CPU KHz = 480000 Khz ***
 [m3vpss ]  
 [m3vpss ]  43: SYSTEM  : System Common Init in progress !!!
 [m3vpss ]  44: SYSTEM: IPC init in progress !!!
[23;80H [24;1H [m3vpss ]  44: SYSTEM: Attaching to [HOST] ... 
[23;80H [24;1H [m3vpss ]  46: SYSTEM: Attaching to [HOST] ... SUCCESS !!!
[23;80H [24;1HAttached to slave procId 1.
[23;80H [24;1HLoaded file ../firmware/dvr_rdk_fw_m3video_512M_128M.xem3 on slave procId 1.
[23;80H [24;1HStarted slave procId 1.
[23;80H [24;1HAfter Ipc_loadcallback status [0x00000000]
[23;80H [24;1HAfter Ipc_startcallback status [0x00000000]
[23;80H [24;1H [m3video] [24;17HISS Freq  : 480 MHz
[23;80H [24;1H [m3video] ***** VIDEO Firmware build time 15:57:57 Dec 15 2016  EDG gcc 3.0 mo[24;80H[24;80H
[23;80He[24;1H [m3video] ***** SYSTEM  : Frequency <ORG> - 200000000, <NEW> - 240000000
[23;80H [24;1H [m3video]  
[23;80H [24;1H [m3video]  *** UTILS: CPU KHz = 480000 Khz ***
[23;80H [24;1H [m3video]  
[23;80H [24;1H [m3video]  775: SYSTEM  : System Common Init in progress !!!
[23;80H [24;1H [m3video]  775: SYSTEM: IPC init in progress !!!
[23;80H [24;1H [m3video]  775: SYSTEM: Attaching to [HOST] ... 
[23;80H [24;1H [m3video]  778: SYSTEM: Attaching to [HOST] ... SUCCESS !!!
[23;80H [24;1HAttached to slave procId 0.
[23;80H [24;1H [m3vpss ]  1045: SYSTEM: Attaching to [DSP] ... 
[23;80H [24;1HLoaded file ../firmware/dvr_rdk_fw_c6xdsp_512M_128M.xe674 on slave procId 0.
[23;80H [24;1HStarted slave procId 0.
[23;80H [24;1HAfter Ipc_loadcallback status [0x00000000]
[23;80H [24;1H [c6xdsp ] [24;17HDSP Freq  : 750 MHz
[23;80H [24;1HAfter Ipc_startcallback status [0x00000000]
[23;80H [24;1H [m3video]  1596: SYSTEM: Attaching to [DSP] ... SUCCESS !!!
[23;80H [24;1H [m3vpss ]  1598: SYSTEM: Attaching to [DSP] ... SUCCESS !!!
[23;80H [24;1H [c6xdsp ] ***** VIDEO Firmware build time 15:56:36 Dec 15 2016  EDG gcc 3.0 mo[24;80H[24;80H
[23;80He[24;1H [m3video]  1600: SYSTEM: Attaching to [VPSS-M3] ... SUCCESS !!!
[23;80H [24;1H [m3vpss ]  1600: SYSTEM: Attaching to [VIDEO-M3] ... SUCCESS !!!
[23;80H [24;1H [c6xdsp ] *DMA: Module install successful, device major num = 250 
[23;80H [24;1H**** SYSTEM  : FDRV: Module install successful
[23;80H [24;1Hrequency <ORG> -DRV: Module built on Dec 28 2016 16:15:28 
[23;80H [24;1H 500000000, <NEW> - 750000000
[23;80H [24;1H [m3video]  1600: SYSTEM: Creating MsgQ Heap [IPC_MSGQ_MSG_HEAP_1] ...
[23;80H [24;1H [m3vpss ]  1600: SYSTEM: Creating MsgQ Heap [IPC_MSGQ_MSG_HEAP_2] ...
[23;80H [24;1H [c6xdsp ]  
[23;80H [24;1H [m3video]  1600: SYSTEM: Creating MsgQ [VIDEO-M3_MSGQ] ...
[23;80H [24;1H [m3vpss ]  1600: SYSTEM: Creating MsgQ [VPSS-M3_MSGQ] ...
[23;80H [24;1H [c6xdsp ]  *** UTILS: CPU KHz = 750000 Khz ***
[23;80H [24;1H [m3video]  1601: SYSTEM: Creating MsgQ [VIDEO-M3_ACK_MSGQ] ...
[23;80H [24;1H [m3vpss ]  1601: SYSTEM: Creating MsgQ [VPSS-M3_ACK_MSGQ] ...
[23;80H [24;1H [c6xdsp ]  
[23;80H [24;1H [m3video]  1603: SYSTEM: Notify register to [HOST] line 0, event 15 ... 
[23;80H [24;1H [m3vpss ]  1603: SYSTEM: Notify register to [HOST] line 0, event 15 ... 
[23;80H [24;1H [c6xdsp ]  1: SYSTEM  : System Common Init in progress !!!
[23;80H [24;1H [m3video]  1603: SYSTEM: Notify register to [DSP] line 0, event 15 ... 
[23;80H [24;1H [m3vpss ]  1603: SYSTEM: Notify register to [DSP] line 0, event 15 ... 
[23;80H [24;1H [c6xdsp ]  1: SYSTEM: IPC init in progress !!!
[23;80H [24;1H [m3video]  1603: SYSTEM: Notify register to [VPSS-M3] line 0, event 15 ... 
[23;80H [24;1H [m3vpss ]  1603: SYSTEM: Notify register to [VIDEO-M3] line 0, event 15 ... 
[23;80H [24;1H [c6xdsp ]  1: SYSTEM: Attaching to [HOST] ... 
[23;80H [24;1H [m3video]  1603: SYSTEM: IPC init DONE !!!
[23;80H [24;1H [m3vpss ]  1603: SYSTEM: IPC init DONE !!!
[23;80H [24;1H [c6xdsp ]  4: SYSTEM: Attaching to [HOST] ... SUCCESS !!!
[23;80H [24;1H [c6xdsp ]  6: SYSTEM: Attaching to [VIDEO-M3] ... SUCCESS !!!
[23;80H [24;1H [c6xdsp ]  7: SYSTEM: Attaching to [VPSS-M3] ... SUCCESS !!!
[23;80H [24;1H [c6xdsp ]  8: SYSTEM: Creating MsgQ Heap [IPC_MSGQ_MSG_HEAP_0] ...
[23;80H [24;1H [c6xdsp ]  8: SYSTEM: Creating MsgQ [DSP_MSGQ] ...
[23;80H [24;1H [c6xdsp ]  8: SYSTEM: Creating MsgQ [DSP_ACK_MSGQ] ...
[23;80H [24;1H [c6xdsp ]  8: SYSTEM: Notify register to [HOST] line 0, event 15 ... 
[23;80H [24;1H [c6xdsp ]  8: SYSTEM: Notify register to [VIDEO-M3] line 0, event 15 ... 
[23;80H [24;1H [c6xdsp ]  8: SYSTEM: Notify register to [VPSS-M3] line 0, event 15 ... 
[23;80H [24;1H [c6xdsp ]  9: SYSTEM: IPC init DONE !!!
[23;80H [24;1H [c6xdsp ]  11: MEM: Shared Region 2: Base = 0xb8000000, Length = 0x07000000 (1[24;80H[24;80H[24;80H[24;80H[24;80H[24;80H[24;80H
[23;80H [24;1H [c6xdsp ]  11: MEM: Shared Region 1: Base = 0x88000000, Length = 0x05bfa000 (9[24;80H[24;80H[24;80H[24;80H[24;80H[24;80H
[23;80H [24;1H [c6xdsp ]  12: SYSTEM  : System Common Init Done !!!
[23;80H [24;1H [c6xdsp ]  11: SYSTEM  : System DSP Init in progress !!!
[23;80H [24;1H [c6xdsp ]  11: SYSTEM  : RpeServer_init() done... Ret Val 0!!!
[23;80H [24;1H [c6xdsp ]  15: SYSTEM: Creating ListMP [DSP_IPC_OUT_19] in region 0 ...
[23;80H [24;1H [m3video]  1610: MEM: Shared Region 2: Base = 0xb8000000, Length = 0x07000000 [24;80H[24;80H[24;80H[24;80H[24;80H[24;80H[24;80H[24;80H[24;80H
[23;80H [24;1H [m3vpss ]  1610: MEM: Shared Region 2: Base = 0xb8000000, Length = 0x07000000 [24;80H[24;80H[24;80H[24;80H[24;80H[24;80H[24;80H[24;80H[24;80H
[23;80H [24;1H [c6xdsp ]  16: SYSTEM: Creating ListMP [DSP_IPC_IN_19] in region 0 ...
[23;80H [24;1H [m3video]  1611: MEM: Shared Region 1: Base = 0x88000000, Length = 0x05bfa000 [24;80H[24;80H[24;80H[24;80H[24;80H[24;80H[24;80H[24;80H
[23;80H [24;1H [m3vpss ]  1610: MEM: Shared Region 1: Base = 0x88000000, Length = 0x05bfa000 [24;80H[24;80H[24;80H[24;80H[24;80H[24;80H[24;80H[24;80H
[23;80H [24;1H [c6xdsp ]  16: SYSTEM: ListElem Shared Addr = 0xbf173e00
[23;80H [24;1H [m3video]  1613: SYSTEM  : System Common Init Done !!!
[23;80H [24;1H [m3vpss ]  1613: SYSTEM  : System Common Init Done !!!
[23;80H [24;1H [c6xdsp ]  17: SYSTEM: Creating ListMP [DSP_IPC_OUT_20] in region 0 ...
[23;80H [24;1H [m3video]  1613: SYSTEM  : System Video Init in progress !!!
[23;80H [24;1H [m3vpss ]  1613: SYSTEM  : System VPSS Init in progress !!!
[23;80H [24;1H [c6xdsp ]  17: SYSTEM: Creating ListMP [DSP_IPC_IN_20] in region 0 ...
[23;80H [24;1H [m3video]  1613: SYSTEM  : System Video Init Done !!!
[23;80H [24;1H [c6xdsp ]  17: SYSTEM: ListElem Shared Addr = 0xbf199600
[23;80H [24;1H [m3video]  1614: SYSTEM: Creating ListMP [VIDEO-M3_IPC_OUT_0] in region 0 ...
[23;80H [24;1H [c6xdsp ]  18: SYSTEM: Creating ListMP [DSP_IPC_OUT_21] in region 0 ...
[23;80H [24;1H [m3video]  1614: SYSTEM: Creating ListMP [VIDEO-M3_IPC_IN_0] in region 0 ...
[23;80H [24;1H [c6xdsp ]  18: SYSTEM: Creating ListMP [DSP_IPC_IN_21] in region 0 ...
[23;80H [24;1H [m3video]  1614: SYSTEM: ListElem Shared Addr = 0xbf221b00
[23;80H [24;1H [c6xdsp ]  18: SYSTEM: ListElem Shared Addr = 0xbf1bee00
[23;80H [24;1H [c6xdsp ]  19: SYSTEM: Creating ListMP [DSP_IPC_OUT_24] in region 0 ...
[23;80H [24;1H [c6xdsp ]  19: SYSTEM: Creating ListMP [DSP_IPC_IN_24] in region 0 ...
[23;80H [24;1H [c6xdsp ]  19: SYSTEM: ListElem Shared Addr = 0xbf1e4600
[23;80H [24;1H [m3video]  1617: SYSTEM: Creating ListMP [VIDEO-M3_IPC_OUT_1] in region 0 ...
[23;80H [24;1H [m3vpss ] === I2C0/2 Clk is active ===
[23;80H [24;1H [c6xdsp ]  20: SYSTEM: Creating ListMP [DSP_IPC_OUT_25] in region 0 ...
[23;80H [24;1H [m3video]  1617: SYSTEM: Creating ListMP [VIDEO-M3_IPC_IN_1] in region 0 ...
[23;80H [24;1H [m3vpss ] PLATFORM: UNKNOWN CPU detected, defaulting to VPS_PLATFORM_CPU_REV_2[24;80H[24;80H[24;80H[24;80H[24;80H[24;80H[24;80H[24;80H[24;80H[24;80H[24;80H[24;80H[24;80H
[23;80H4[24;1H [c6xdsp ]  20: SYSTEM: Creating ListMP [DSP_IPC_IN_25] in region 0 ...
[23;80H [24;1H [m3video]  1617: SYSTEM: ListElem Shared Addr = 0xbf225000
[23;80H [24;1H [m3vpss ]  1636: SYSTEM: Creating ListMP [VPSS-M3_IPC_OUT_0] in region 0 ...
[23;80H [24;1H [c6xdsp ]  20: SYSTEM: ListElem Shared Addr = 0xbf203080
[23;80H [24;1H [m3video]  1624: SYSTEM: Creating ListMP [VIDEO-M3_IPC_OUT_19] in region 0 ...
[23;80H [24;1H [m3vpss ]  1637: SYSTEM: Creating ListMP [VPSS-M3_IPC_IN_0] in region 0 ...
[23;80H [24;1H [c6xdsp ] !!WARNING.Resource already registered:2
[23;80H [24;1H [c6xdsp ]  20: SYSTEM  : Initializing Links !!! 
[23;80H [24;1H [m3video]  1625: SYSTEM: Creating ListMP [VIDEO-M3_IPC_IN_19] in region 0 ...
[23;80H [24;1H [m3vpss ]  1637: SYSTEM: ListElem Shared Addr = 0xbf298d00
[23;80H [24;1H [m3video]  1625: SYSTEM: ListElem Shared Addr = 0xbf228500
[23;80H [24;1H [m3vpss ]  1640: SYSTEM: Creating ListMP [VPSS-M3_IPC_OUT_1] in region 0 ...
[23;80H [24;1H [c6xdsp ]  21: SYSTEM  : FREE SPACE : System Heap      = 50310784 B, Mbx = 102[24;80H[24;80H[24;80H[24;80H[24;80H[24;80H[24;80H[24;80H[24;80H
[23;80H [24;1H [m3video]  1628: SYSTEM: Creating ListMP [VIDEO-M3_IPC_OUT_20] in region 0 ...
[23;80H [24;1H [m3vpss ]  1640: SYSTEM: Creating ListMP [VPSS-M3_IPC_IN_1] in region 0 ...
[23;80H [24;1H [m3video]  1628: SYSTEM: Creating ListMP [VIDEO-M3_IPC_IN_20] in region 0 ...
[23;80H [24;1H [m3vpss ]  1640: SYSTEM: ListElem Shared Addr = 0xbf29c200
[23;80H [24;1H [c6xdsp ]  22: SYSTEM  : Initializing Links ... DONE !!! 
[23;80H [24;1H [m3video]  1628: SYSTEM: ListElem Shared Addr = 0xbf24dd00
[23;80H [24;1H [m3vpss ]  1658: SYSTEM: Creating ListMP [VPSS-M3_IPC_OUT_19] in region 0 ...
[23;80H [24;1H [m3video]  1631: SYSTEM: Creating ListMP [VIDEO-M3_IPC_OUT_21] in region 0 ...
[23;80H [24;1H [m3vpss ]  1658: SYSTEM: Creating ListMP [VPSS-M3_IPC_IN_19] in region 0 ...
[23;80H [24;1H [c6xdsp ]  22: SYSTEM  : System DSP Init Done !!!
[23;80H [24;1H [m3video]  1631: SYSTEM: Creating ListMP [VIDEO-M3_IPC_IN_21] in region 0 ...
[23;80H [24;1H [m3vpss ]  1658: SYSTEM: ListElem Shared Addr = 0xbf2dcc00
[23;80H [24;1H [m3video]  1632: SYSTEM: ListElem Shared Addr = 0xbf273500
[23;80H [24;1H [m3vpss ]  1661: SYSTEM: Creating ListMP [VPSS-M3_IPC_OUT_20] in region 0 ...
[23;80H [24;1H [m3video]  1648: SYSTEM: Creating ListMP [VIDEO-M3_IPC_OUT_24] in region 0 ...
[23;80H [24;1H [m3vpss ]  1662: SYSTEM: Creating ListMP [VPSS-M3_IPC_IN_20] in region 0 ...
[23;80H [24;1H [m3video]  1649: SYSTEM: Creating ListMP [VIDEO-M3_IPC_IN_24] in region 0 ...
[23;80H [24;1H [m3vpss ]  1662: SYSTEM: ListElem Shared Addr = 0xbf302400
[23;80H [24;1H [m3video]  1649: SYSTEM: ListElem Shared Addr = 0xbf29f700
[23;80H [24;1H [m3vpss ]  1665: SYSTEM: Creating ListMP [VPSS-M3_IPC_OUT_21] in region 0 ...
[23;80H [24;1H [m3video]  1652: SYSTEM: Creating ListMP [VIDEO-M3_IPC_OUT_25] in region 0 ...
[23;80H [24;1H [m3vpss ]  1665: SYSTEM: Creating ListMP [VPSS-M3_IPC_IN_21] in region 0 ...
[23;80H [24;1H [m3video]  1652: SYSTEM: Creating ListMP [VIDEO-M3_IPC_IN_25] in region 0 ...
[23;80H [24;1H [m3vpss ]  1665: SYSTEM: ListElem Shared Addr = 0xbf327c00
[23;80H [24;1H [m3video]  1653: SYSTEM: ListElem Shared Addr = 0xbf2be180
[23;80H [24;1H [m3vpss ]  1667: SYSTEM : HDVPSS Drivers Version: HDVPSS_01_00_01_37
[23;80H [24;1H [m3video]  1655: HDVICP: Doing PRCM for IVAHD[0] ... 
[23;80H [24;1H [m3vpss ]  1667: SYSTEM  : FVID2 Init in progress !!!
[23;80H [24;1H [m3video]  1655: HDVICP: PRCM for IVAHD[0] ... DONE.
[23;80H [24;1H [m3video]  1656: UTILS: DMA: HWI Create for INT62 !!!
[23;80H [24;1H [m3video]  1657: SYSTEM  : ISS Init in progress !!!
[23;80H [24;1H [m3video]  1657: SYSTEM  : ISS Power-ON in progress !!!
[23;80H [24;1H [m3video]  1667: SYSTEM  : ISS Power-ON in progress DONE !!!
[23;80H [24;1H [m3vpss ] TILER_STATS: CNT :8BIT
[23;80H [24;1H [m3video]  1667: SYSTEM  : ISS Init in progress DONE !!!
[23;80H [24;1H [m3video]  1667: VCOP BOOST BIT is Set
[23;80H [24;1H [m3vpss ] TILER_STATS: CNT RESOLUTION:    16384 x 2688
[23;80H [24;1H [m3video]  1667: SYSTEM  : VCOP Init in progress !!!
[23;80H [24;1H [m3video]  1667: SYSTEM  : VCOP needs 172 B of memory !!!
[23;80H [24;1H [m3vpss ] TILER_STATS: BUCKET RESOLUTION: 16384 x 2684
[23;80H [24;1H [m3video]  1669: SYSTEM  : VCOP Init in progress DONE !!!
[23;80H [24;1H [m3video]  1669: SYSTEM  : Initializing Links !!! 
[23;80H [24;1H [m3vpss ] TILER_STATS: NUM FREE BUCKETS:  1
[23;80H [24;1H [c6xdsp ] Remote Debug Shared Memory @ 0xbff00000
[23;80H [24;1H [m3video] Remote Debug Shared Memory @ 0xbff10820
[23;80H [24;1H [m3vpss ] Remote Debug Shared Memory @ 0xbff21040
[23;80H [24;1H [m3vpss ] Received character 's'
[23;80H [24;1H [m3video]  1669: SYSTEM  : FREE SPACE : System Heap      = 6263296 B, Mbx = 10[24;80H[24;80H[24;80H[24;80H[24;80H[24;80H[24;80H[24;80H[24;80H[24;80H
[23;80H [24;1H [m3vpss ] TILER_STATS: NUM USED BUCKETS:  0
[23;80H [24;1H [c6xdsp ] Remote Debug Shared Memory @ 0xbff00000
[23;80H [24;1H [m3video] Remote Debug Shared Memor[module] vpss probe done.
[23;80H [24;1Hy @ 0xbff10820
[23;80H [24;1H [m3vpss ] Remote Debug Shared Memory @ 0xbff21040
[23;80H [24;1H [m3video] Received character 's'
[23;80H [24;1H [m3video]  1669: SYSTEM  : FREE SPACE : SR0 Heap         = 5714432 B (5 MB) 
[23;80H [24;1H [m3vpss ] TILER_STATS: TOTAL FREE AREA:   43974656 (99 %)
[23;80H [24;1H [c6xdsp ] Remote Debug Shared Memory @ 0xbff0[module] ti81xxfb probe done.
[23;80H [24;1H0000
[23;80H [24;1H [m3video] Remote Debug Shared Memory @ 0xbff10820
[23;80H [24;1H [m3vpss ] Remote Debug Shared Memory @ 0xbff21040
[23;80H [24;1H [c6xdsp ] Received character 's'
[23;80H [24;1H/opt/dvr_rdk/ti814x
[23;80H [24;1H [m3video]  1669: SYSTEM  : FREE SPACE : Frame Buffer     = 117440384 B (111 MB[24;80H[24;80H
[23;80H [24;1H [m3vpss ] TILER_STATS: TOTAL USED AREA:   0 (0 %)
[23;80H [24;1H [m3video]  1670: SYSTEM  : FREE SPHDMI W1 rev 4.0
[23;80H [24;1HACE : Bitstream HDMI CEC Spec version 1.2
[23;80H [24;1HBuffer = 96444288 B (91 MB) 
[23;80H [24;1H [m3video]  1670: SYSTEM: Opening MsgQ [VPSS-M3_MSGQ] ...
[23;80H [24;1H [m3video]  1672: SYSTEM  : FREE SPACE : Tiler 8-bit      = 43974656 B (41 MB) [24;80H[24;80H[24;80H[24;80H[24;80H[24;80H[24;80H[24;80H[24;80H[24;80H[24;80H[24;80H
[23;80H [24;1H [m3vpss ] TILER_STATS: CNT :16BIT
[23;80H [24;1H [m3video]  1672: SYSTEM  : FREE SPACE : Tiler 16-bit     = 22020096 B (21 MB) [24;80H[24;80H[24;80H[24;80H[24;80H[24;80H[24;80H[24;80H[24;80H[24;80H[24;80H[24;80H
[23;80H [24;1H [m3vpss ] TILER_STATS: CNT RESOLUTION:    32768 x 672
[23;80H [24;1H [m3video]  1732: SYSTEM  : Initializing Links ... DONE !!! 
[23;80H [24;1H [m3vpss ] TILER_STATS: BUCKET RESOLUTION: 32768 x 672
[23;80H [24;1H [m3vpss ] TILER_STATS: NUM FREE BUCKETS:  1
[23;80H [24;1H [m3vpss ] TILER_STATS: NUM USED BUCKETS:  0
[23;80H [24;1H [m3vpss ] TILER_STATS: TOTAL FREE AREA:   22020096 (100 %)
[23;80H [24;1H [m3vpss ] TILER_STATS: TOTAL USED AREA:   0 (0 %)
[23;80H [24;1H [m3vpss ] PLATFORM: UNKNOWN CPU detected, defaulting to VPS_PLATFORM_CPU_REV_2[24;80H[24;80H[24;80H[24;80H[24;80H[24;80H[24;80H[24;80H[24;80H[24;80H[24;80H[24;80H[24;80H
[23;80H4[24;1H [m3vpss ]  1750: SYSTEM  : FVID2 Init in progress DONE !!!
[23;80H [24;1H [m3vpss ]  1750: SYSTEM  : Device Init in progress !!!
[23;80H [24;1H [m3vpss ]  Vps_deviceInit Daughter card not detected/connected!
[23;80H [24;1H [m3vpss ]                     
[23;80H [24;1H [m3vpss ]  1919: SYSTEM  : Device Init in progress DONE !!!
[23;80H [24;1H [m3vpss ] [24;17HHDVPSS Freq  : 220 MHz
[23;80H [24;1H [m3vpss ]  1965: SYSTEM  : System VPSS Init Done !!!
[23;80H [24;1H [m3vpss ]  1966: UTILS: DMA: HWI Create for INT63 !!!
[23;80H [24;1H [m3vpss ]  1966: SYSTEM  : Initializing Links !!! 
[23;80H [24;1H [m3vpss ]  1967: SYSTEM  : FREE SPACE : System Heap      = 249808 B, Mbx = 102[24;80H[24;80H[24;80H[24;80H[24;80H[24;80H[24;80H[24;80H[24;80H
[23;80H [24;1H [m3vpss ]  1967: SYSTEM  : FREE SPACE : SR0 Heap         = 5714432 B (5 MB) 
[23;80H [24;1H [m3vpss ]  1967: SYSTEM  : FREE SPACE : Frame Buffer     = 113130368 B (107 MB[24;80H[24;80H
[23;80H [24;1H [m3vpss ]  1967: SYSTEM  : FREE SPACE : Bitstream Buffer = 96444288 B (91 MB) 
[23;80H [24;1H [m3vpss ] TILER_STATS: CNT :8BIT
[23;80H [24;1H [m3vpss ] TILER_STATS: CNT RESOLUTION:    16384 x 2688
[23;80H [24;1H [m3vpss ] TILER_STATS: BUCKET RESOLUTION: 16384 x 2684
[23;80H [24;1H [m3vpss ] TILER_STATS: NUM FREE BUCKETS:  1
[23;80H [24;1H [m3vpss ] TILER_STATS: NUM USED BUCKETS:  0
[23;80H [24;1H [m3vpss ] TILER_STATS: TOTAL FREE AREA:   43974656 (99 %)
[23;80H [24;1H [m3vpss ] TILER_STATS: TOTAL USED AREA:   0 (0 %)
[23;80H [24;1H [m3vpss ] TILER_STATS: CNT :16BIT
[23;80H [24;1H [m3vpss ] TILER_STATS: CNT RESOLUTION:    32768 x 672
[23;80H [24;1H [m3vpss ] TILER_STATS: BUCKET RESOLUTION: 32768 x 672
[23;80H [24;1H [m3vpss ] TILER_STATS: NUM FREE BUCKETS:  1
[23;80H [24;1HI2C No Ack
[23;80H [24;1H
[23;80H [24;1HHDMI failed to read E-EDID
[23;80H [24;1H [m3vpss ] TILER_STATS: NUM USED BUCKETS:  0
[23;80H [24;1H [m3vpss ] TILER_STATS: TOTAL FREE AREA:   22020096 (100 %)
[23;80H [24;1H [m3vpss ] TILER_STATS: TOTAL USED AREA:   0 (0 %)
[23;80H [24;1H [m3vpss ]  1968: SYSTEM  : FREE SPACE : Tiler 8-bit      = 43974656 B (41 MB) [24;80H[24;80H[24;80H[24;80H[24;80H[24;80H[24;80H[24;80H[24;80H[24;80H[24;80H[24;80H
[23;80H [24;1H [m3vpss ]  1969: SYSTEM  : FREE SPACE : Tiler 16-bit     = 22020096 B (21 MB) [24;80H[24;80H[24;80H[24;80H[24;80H[24;80H[24;80H[24;80H[24;80H[24;80H[24;80H[24;80H
[23;80H [24;1H [m3vpss ]  2118: SYSTEM  : Initializing Links ... DONE !!! 
[23;80H [24;1H [m3vpss ]  2118: SYSTEM  : Set Static L3 pressure for HDVPSS as High
[23;80H [24;1H 
[23;80H [24;1H ORG 0x46c00524: 0
[23;80H [24;1H NEW 0x46c00524: 2
[23;80H [24;1H 
[23;80H [24;1H[main]-677: ----start xz_alarm_thread----
[23;80H [24;42H[check_upgrade]-892: ----------------f[24;80H[24;80H[24;80H[24;80H[24;80H[24;80H[24;80H[24;80H[24;80H[24;80H[24;80H[24;80H[24;80H[24;80H[24;80H[24;80H[24;80H[24;80H[24;80H[24;80H[24;80H[24;80H[24;80H[24;80H[24;80H[24;80H[24;80H[24;80H[24;80H[24;80H[24;80H[24;80H[24;80H[24;80H[24;80H[24;80H
[23;80H-[24;80H[24;80H[24;80H[24;80H[24;80H[24;80H[24;80H[24;80H[24;80H[24;80H[24;80H[24;80H[24;80H[24;80H[24;80H[24;80H[24;80H[24;80H[24;80H[24;80H[24;80H[24;80H[24;80H[24;80H[24;80H[24;80H[24;80H[24;80H[24;80H[24;80H[24;80H[24;80H[24;80H[24;80H[24;80H[24;80H[24;80H[24;80H[24;80H[24;80H[24;80H[24;80H[24;80H[24;80H[24;80H[24;80H[24;80H[24;80H[24;80H[24;80H[24;80H[24;80H[24;80H[24;80H[24;80H[24;80H[24;80H[24;80H[24;80H[24;80H[24;80H[24;80H[24;80H[24;80H[24;80H[24;80H[24;80H[24;80H[24;80H
[23;80H6[24;80H[24;80H[24;80H[24;80H[24;80H[24;80H[24;80H[24;80H[24;80H[24;80H[24;80H[24;80H[24;80H[24;80H[24;80H[24;80H[24;80H[24;80H[24;80H[24;80H[24;80H[24;80H[24;80H[24;80H[24;80H[24;80H[24;80H[24;80H[24;80H[24;80H[24;80H[24;80H[24;80H[24;80H[24;80H[24;80H[24;80H[24;80H[24;80H[24;80H[24;80H[24;80H[24;80H[24;80H[24;80H[24;80H[24;80H[24;80H[24;80H[24;80H[24;80H[24;80H[24;80H[24;80H[24;80H[24;80H[24;80H
[23;80Hs[24;80H[24;80H[24;80H[24;80H[24;80H[24;80H[24;80H[24;80H[24;80H[24;80H[24;80H[24;80H[24;80H[24;80H[24;80H[24;80H[24;80H[24;80H[24;80H[24;80H[24;80H[24;80H[24;80H[24;80H[24;80H[24;80H[24;80H[24;80H[24;80H[24;80H[24;80H[24;80H
[23;80H0[24;80H[24;80H[24;80H[24;80H[24;80H[24;80H[24;80H[24;80H[24;80H[24;80H[24;80H[24;80H[24;80H[24;80H[24;80H[24;80H[24;80H[24;80H[24;80H[24;80H[24;80H[24;80H[24;80H[24;80H[24;80H[24;80H
[23;80H0[24;80H[24;80H[24;80H[24;80H[24;80H[24;80H[24;80H[24;80H[24;80H[24;80H[24;80H[24;80H[24;80H[24;80H[24;80H[24;80H[24;80H[24;80H[24;80H[24;80H[24;80H[24;80H[24;80H[24;80H[24;80H[24;80H[24;80H[24;80H[24;80H[24;80H[24;80H[24;80H[24;80H[24;80H[24;80H[24;80H[24;80H[24;80H[24;80H[24;80H[24;80H[24;80H
[23;80H1[24;80H[24;80H[24;80H[24;80H[24;80H[24;80H[24;80H[24;80H[24;80H[24;80H[24;80H[24;80H[24;80H[24;80H[24;80H[24;80H[24;80H[24;80H[24;80H[24;80H[24;80H[24;80H[24;80H[24;80H[24;80H[24;80H[24;80H[24;80H[24;80H[24;80H[24;80H[24;80H[24;80H[24;80H[24;80H[24;80H[24;80H[24;80H[24;80H[24;80H[24;80H[24;80H[24;80H[24;80H[24;80H[24;80H[24;80H[24;80H[24;80H[24;80H[24;80H[24;80H[24;80H[24;80H[24;80H[24;80H[24;80H[24;80H[24;80H[24;80H[24;80H[24;80H[24;80H[24;80H[24;80H[24;80H[24;80H[24;80H[24;80H[24;80H[24;80H[24;80H[24;80H[24;80H[24;80H[24;80H[24;80H[24;80H[24;80H[24;80H[24;80H
[23;80H [24;80H[24;80H[24;80H[24;80H[24;80H[24;80H[24;80H[24;80H[24;80H[24;80H[24;80H[24;80H[24;80H[24;80H[24;80H[24;80H[24;80H[24;80H[24;80H[24;80H[24;80H[24;80H[24;80H[24;80H[24;80H[24;80H[24;80H[24;80H[24;80H[24;80H[24;80H[24;80H[24;80H[24;80H[24;80H[24;80H[24;80H[24;80H[24;80H[24;80H[24;80H[24;80H[24;80H[24;80H[24;80H[24;80H
[23;80H9[24;80H[24;80H[24;80H[24;80H[24;80H[24;80H[24;80H[24;80H[24;80H[24;80H[24;80H[24;80H[24;80H[24;80H[24;80H[24;80H[24;80H[24;80H[24;80H[24;80H[24;80H[24;80H[24;80H[24;80H[24;80H[24;80H[24;80H[24;80H[24;80H[24;80H[24;80H[24;80H[24;80H[24;80H[24;80H[24;80H[24;80H[24;80H[24;80H[24;80H[24;80H[24;80H[24;80H[24;80H[24;80H[24;80H[24;80H[24;80H[24;80H[24;80H[24;80H[24;80H
[23;80H0[24;80H[24;80H[24;80H[24;80H[24;80H[24;80H[24;80H[24;80H[24;80H[24;80H[24;80H[24;80H[24;80H[24;80H[24;80H[24;80H[24;80H[24;80H[24;80H[24;80H[24;80H[24;80H[24;80H[24;80H[24;80H[24;80H[24;80H[24;80H[24;80H[24;80H[24;80H[24;80H[24;80H[24;80H[24;80H[24;80H[24;80H[24;80H[24;80H[24;80H[24;80H[24;80H[24;80H[24;80H[24;80H[24;80H[24;80H[24;80H[24;80H
[23;80H1[24;80H[24;80H[24;80H[24;80H[24;80H[24;80H[24;80H[24;80H[24;80H[24;80H[24;80H[24;80H[24;80H[24;80H[24;80H[24;80H[24;80H[24;80H[24;80H[24;80H[24;80H[24;80H[24;80H[24;80H[24;80H[24;80H[24;80H[24;80H[24;80H[24;80H[24;80H[24;80H[24;80H[24;80H[24;80H[24;80H[24;80H[24;80H[24;80H[24;80H[24;80H[24;80H[24;80H[24;80H[24;80H[24;80H[24;80H[24;80H[24;80H[24;80H[24;80H[24;80H[24;80H[24;80H[24;80H[24;80H[24;80H[24;80H
[23;80H0[24;80H[24;80H[24;80H[24;80H[24;80H[24;80H[24;80H[24;80H[24;80H[24;80H[24;80H[24;80H[24;80H[24;80H[24;80H[24;80H[24;80H[24;80H[24;80H[24;80H[24;80H[24;80H[24;80H[24;80H[24;80H[24;80H[24;80H[24;80H[24;80H[24;80H[24;80H[24;80H[24;80H[24;80H[24;80H[24;80H[24;80H[24;80H[24;80H[24;80H[24;80H[24;80H
[23;80H0[24;80H[24;80H[24;80H[24;80H[24;80H[24;80H[24;80H[24;80H[24;80H[24;80H[24;80H[24;80H[24;80H[24;80H[24;80H[24;80H[24;80H[24;80H[24;80H[24;80H[24;80H[24;80H[24;80H[24;80H[24;80H[24;80H[24;80H[24;80H[24;80H[24;80H[24;80H[24;80H[24;80H[24;80H[24;80H[24;80H[24;80H[24;80H[24;80H[24;80H
[23;80H0[24;80H[24;80H[24;80H[24;80H[24;80H[24;80H[24;80H[24;80H[24;80H[24;80H[24;80H[24;80H[24;80H[24;80H[24;80H[24;80H[24;80H[24;80H[24;80H[24;80H[24;80H[24;80H[24;80H[24;80H[24;80H[24;80H[24;80H[24;80H[24;80H[24;80H[24;80H[24;80H[24;80H[24;80H[24;80H[24;80H[24;80H[24;80H[24;80H[24;80H[24;80H[24;80H[24;80H[24;80H[24;80H[24;80H[24;80H[24;80H[24;80H[24;80H[24;80H[24;80H[24;80H[24;80H[24;80H[24;80H[24;80H[24;80H[24;80H[24;80H[24;80H[24;80H[24;80H[24;80H[24;80H[24;80H[24;80H[24;80H[24;80H[24;80H[24;80H[24;80H[24;80H[24;80H[24;80H[24;80H[24;80H[24;80H[24;80H[24;80H[24;80H[24;80H[24;80H
[23;80H [24;80H[24;80H[24;80H[24;80H[24;80H[24;80H[24;80H[24;80H[24;80H[24;80H[24;80H[24;80H[24;80H[24;80H[24;80H[24;80H[24;80H[24;80H[24;80H[24;80H[24;80H[24;80H[24;80H[24;80H[24;80H[24;80H[24;80H[24;80H[24;80H[24;80H[24;80H[24;80H[24;80H[24;80H[24;80H[24;80H[24;80H[24;80H[24;80H[24;80H[24;80H[24;80H[24;80H[24;80H[24;80H[24;80H[24;80H
[23;80H9[24;80H[24;80H[24;80H[24;80H[24;80H[24;80H[24;80H[24;80H[24;80H[24;80H[24;80H[24;80H[24;80H[24;80H[24;80H[24;80H[24;80H[24;80H[24;80H[24;80H[24;80H[24;80H[24;80H[24;80H[24;80H[24;80H[24;80H[24;80H[24;80H[24;80H[24;80H[24;80H[24;80H[24;80H[24;80H[24;80H[24;80H[24;80H[24;80H[24;80H[24;80H[24;80H[24;80H[24;80H[24;80H[24;80H[24;80H[24;80H[24;80H[24;80H[24;80H[24;80H[24;80H
[23;80H0[24;80H[24;80H[24;80H[24;80H[24;80H[24;80H[24;80H[24;80H[24;80H[24;80H[24;80H[24;80H[24;80H[24;80H[24;80H[24;80H[24;80H[24;80H[24;80H[24;80H[24;80H[24;80H[24;80H[24;80H[24;80H[24;80H[24;80H[24;80H[24;80H[24;80H[24;80H[24;80H[24;80H[24;80H[24;80H[24;80H[24;80H[24;80H[24;80H[24;80H[24;80H[24;80H[24;80H[24;80H[24;80H[24;80H[24;80H[24;80H[24;80H[24;80H
[23;80H1[24;80H[24;80H[24;80H[24;80H[24;80H[24;80H[24;80H[24;80H[24;80H[24;80H[24;80H[24;80H[24;80H[24;80H[24;80H[24;80H[24;80H[24;80H[24;80H[24;80H[24;80H[24;80H[24;80H[24;80H[24;80H[24;80H[24;80H[24;80H[24;80H[24;80H[24;80H[24;80H[24;80H[24;80H[24;80H[24;80H[24;80H[24;80H[24;80H[24;80H[24;80H[24;80H[24;80H[24;80H[24;80H[24;80H[24;80H[24;80H[24;80H[24;80H[24;80H[24;80H[24;80H[24;80H[24;80H[24;80H[24;80H[24;80H[24;80H
[23;80H0[24;80H[24;80H[24;80H[24;80H[24;80H[24;80H[24;80H[24;80H[24;80H[24;80H[24;80H[24;80H[24;80H[24;80H[24;80H[24;80H[24;80H[24;80H[24;80H[24;80H[24;80H[24;80H[24;80H[24;80H[24;80H[24;80H[24;80H[24;80H[24;80H[24;80H[24;80H[24;80H[24;80H[24;80H[24;80H[24;80H[24;80H[24;80H[24;80H[24;80H[24;80H[24;80H[24;80H
[23;80H0[24;80H[24;80H[24;80H[24;80H[24;80H[24;80H[24;80H[24;80H[24;80H[24;80H[24;80H[24;80H[24;80H[24;80H[24;80H[24;80H[24;80H[24;80H[24;80H[24;80H[24;80H[24;80H[24;80H[24;80H[24;80H[24;80H[24;80H[24;80H[24;80H[24;80H[24;80H[24;80H[24;80H[24;80H[24;80H[24;80H[24;80H[24;80H[24;80H[24;80H[24;80H
[23;80H0[24;80H
[23;80H [24;1H _____                    _____           _         _   
[23;80H [24;1H|  _  |___ ___ ___ ___   |  _  |___ ___  |_|___ ___| |_ 
[23;80H [24;1H|     |  _| .'| . | . |  |   __|  _| . | | | -_|  _|  _|
[23;80H [24;1H|__|__|_| |__,|_  |___|  |__|  |_| |___|_| |___|___|_|  
[23;80H [24;1H              |___|                    |___|            
[23;80H [24;1H
[23;80H [24;1HArago Project http://arago-project.org dm814x ttyO0
[23;80H [24;1H
[23;80H [24;1HArago 2012.10 dm814x ttyO0
[23;80H [24;1H
[23;80H [24;1Hdm814x login: 
[xz_alarm_start]-672: xz_alarm_start
[23;80H [24;51H[msg_open]-68: queue id:0
[23;80H [24;76H
[23;80H [24;1H _____                    _____           _         _   
[23;80H [24;1H|  _  |___ ___ ___ ___   |  _  |___ ___  |_|___ ___| |_ 
[23;80H [24;1H|     |  _| .'| . | . |  |   __|  _| . | | | -_|  _|  _|
[23;80H [24;1H|__|__|_| |__,|_  |___|  |__|  |_| |___|_| |___|___|_|  
[23;80H [24;1H              |___|                    |___|            
[23;80H [24;1H
[23;80H [24;1HArago Project http://arago-project.org dm814x ttyO0
[23;80H [24;1H
[23;80H [24;1HArago 2012.10 dm814x ttyO0
[23;80H [24;1H
[23;80H [24;1Hdm814x login:root
 root[xz_boa_server_config]-152: netcfg.webPort = 80
[23;80H [24;66H[xz_boa_server[24;80H[24;80H[24;80H[24;80H[24;80H[24;80H[24;80H[24;80H[24;80H[24;80H[24;80H[24;80H[24;80H[24;80H[24;80H[24;80H[24;80H[24;80H[24;80H[24;80H[24;80H[24;80H[24;80H[24;80H[24;80H[24;80H[24;80H[24;80H[24;80H[24;80H[24;80H[24;80H[24;80H[24;80H[24;80H[24;80H[24;80H[24;80H[24;80H[24;80H[24;80H[24;80H[24;80H[24;80H[24;80H[24;80H[24;80H[24;80H[24;80H[24;80H[24;80H[24;80H[24;80H[24;80H[24;80H[24;80H[24;80H[24;80H[24;80H[24;80H[24;80H[24;80H[24;80H[24;80H[24;80H[24;80H[24;80H[24;80H
[23;80H [24;80H[24;80H[24;80H[24;80H[24;80H[24;80H[24;80H[24;80H[24;80H[24;80H[24;80H[24;80H[24;80H[24;80H[24;80H[24;80H[24;80H[24;80H[24;80H[24;80H[24;80H[24;80H[24;80H[24;80H[24;80H[24;80H[24;80H[24;80H[24;80H[24;80H[24;80H[24;80H[24;80H[24;80H[24;80H[24;80H[24;80H[24;80H[24;80H[24;80H[24;80H
[23;80H0[24;80H
[23;80H [24;80H[24;80H[24;80H[24;80H[24;80H[24;80H[24;80H[24;80H[24;80H[24;80H[24;80H[24;80H[24;80H[24;80H[24;80H[24;80H[24;80H[24;80H[24;80H[24;80H[24;80H[24;80H[24;80H[24;80H[24;80H[24;80H[24;80H[24;80H[24;80H[24;80H[24;80H[24;80H[24;80H[24;80H[24;80H[24;80H[24;80H[24;80H[24;80H[24;80H[24;80H[24;80H[24;80H[24;80H[24;80H[24;80H[24;80H[24;80H[24;80H[24;80H[24;80H[24;80H[24;80H[24;80H[24;80H[24;80H[24;80H[24;80H[24;80H[24;80H[24;80H[24;80H[24;80H[24;80H[24;80H[24;80H[24;80H[24;80H[24;80H[24;80H[24;80H[24;80H[24;80H[24;80H[24;80H[24;80H[24;80H[24;80H[24;80H[24;80H[24;80H[24;80H
[23;80H.[24;1H[xz_authorize_check]-558: **************check ret = 0 ****************
[23;80H [24;1H[xz_authorize_check]-561: **************check ret = 0 ****************
[23;80H [24;1H[xz_connect]-1739: xz_connect, 1739
[23;80H [24;1H[create_wdg_server]-555: create_wdg_server, clientFd = 8
[23;80H [24;1H[create_wdg_server]-556: -------wdg accept--------
[23;80H [24;1H[create_wdg_server]-571: Data:accept clientFd:8 ,pos[0]succeed g_wdg_c_con_inf_[24;80H[24;80H[24;80H[24;80H[24;80H[24;80H[24;80H[24;80H[24;80H[24;80H
[23;80H.[24;1H[create_wdg_server]-579: Create client thread sucess .
[23;80H [24;1H[create_wdg_server]-596: 
[23;80H [24;1HCurrent timeout value is : 30 seconds
[23;80H [24;1H[create_wdg_server]-606: 
[23;80H [24;1HNew timeout value is : 30 seconds[create_wdg_server]-614: 
[23;80H [24;1HCurrent timeout value is : 30 seconds
[23;80H [24;1H[send_sys_inf_to_wdg]-576: process path /opt/dvr_rdk/ti814x/xz_nvs_exe.bin
[23;80H [24;1H[wdg_get_client_resp]-223: +++++++++++++++++++++++wdg_get_client_resp,223++++++[24;80H[24;80H[24;80H[24;80H[24;80H[24;80H[24;80H[24;80H[24;80H[24;80H[24;80H[24;80H[24;80H[24;80H[24;80H[24;80H[24;80H[24;80H
[23;80H+[24;1H[wdg_get_client_resp]-234: proc path ,pid 683.
[23;80H [24;1H[xz_priv_sdk_init]-624: xz_priv_sdk_init, 624 
[23;80H [24;1H[xz_priv_sdk_init]-630: xz_priv_sdk_init, 630 
[23;80H [24;1H[msg_open]-66: Creat queue id:32769
[23;80H [24;1H[msg_open]-68: queue id:32769
[23;80H [24;1H[xz_sdk_thread]-481: xz_sdk_thread, 481 
[23;80H [24;1H[xz_sdk_thread]-507: xz_sdk_thread, 507 
[23;80H [24;1H[xz_sdk_thread]-507: xz_sdk_thread, 507 
[23;80H [24;1H[xz_sdk_thread]-507: xz_sdk_thread, 507 
[23;80H [24;1H[xz_sdk_thread]-507: xz_sdk_thread, 507 
[23;80H [24;1H[xz_sdk_thread]-519: xz_sdk_thread, 519 
[23;80H [24;1H[ptz_module_session]-1012: Didn't Start the guard_point_timer timer 
[23;80H [24;1H 0: SYSTEM: System Common Init in progress !!!
[23;80H [24;1H 2: SYSTEM: IPC init in progress !!!
[23;80H [24;1H 50: SYSTEM: CPU [DSP] syslink proc ID is [0] !!!
[23;80H [24;1H 50: SYSTEM: CPU [VIDEO-M3] syslink proc ID is [1] !!!
[23;80H [24;1H 50: SYSTEM: CPU [VPSS-M3] syslink proc ID is [2] !!!
[23;80H [24;1H 50: SYSTEM: CPU [HOST] syslink proc ID is [3] !!!
[23;80H [24;1H 53: SYSTEM: Creating MsgQ Heap [IPC_MSGQ_MSG_HEAP_3] ...
[23;80H [24;1H 58: SYSTEM: Creating MsgQ [HOST_MSGQ] ...
[23;80H [24;1H 60: SYSTEM: Creating MsgQ [HOST_ACK_MSGQ] ...
[23;80H [24;1H 61: SYSTEM: Opening MsgQ [DSP_MSGQ] ...
[23;80H [24;1H 62: SYSTEM: Opening MsgQ [VIDEO-M3_MSGQ] ...
[23;80H [24;1H 62: SYSTEM: Opening MsgQ [VPSS-M3_MSGQ] ...
[23;80H [24;1H 65: SYSTEM: Notify register to [DSP] line 0, event 15 ... 
[23;80H [24;1H 67: SYSTEM: Notify register to [VIDEO-M3] line 0, event 15 ... 
[23;80H [24;1H 67: SYSTEM: Notify register to [VPSS-M3] line 0, event 15 ... 
[23;80H [24;1H 68: SYSTEM: IPC init DONE !!!
[23;80H [24;1H 76: SYSTEM: Creating ListMP [HOST_IPC_OUT_24] in region 0 ...
[23;80H [24;1H 78: SYSTEM: Creating ListMP [HOST_IPC_IN_24] in region 0 ...
[23;80H [24;1H 79: SYSTEM: ListElem Shared Addr = 0x48a25680
[23;80H [24;1H 80: SYSTEM: Creating ListMP [HOST_IPC_OUT_25] in region 0 ...
[23;80H [24;1H 82: SYSTEM: Creating ListMP [HOST_IPC_IN_25] in region 0 ...
[23;80H [24;1H 83: SYSTEM: ListElem Shared Addr = 0x48a5c480
[23;80H [24;1H 86: SYSTEM: Creating ListMP [HOST_IPC_OUT_19] in region 0 ...
[23;80H [24;1H 88: SYSTEM: Creating ListMP [HOST_IPC_IN_19] in region 0 ...
[23;80H [24;1H 89: SYSTEM: ListElem Shared Addr = 0x48a93280
[23;80H [24;1H 90: SYSTEM: Creating ListMP [HOST_IPC_OUT_20] in region 0 ...
[23;80H [24;1H 92: SYSTEM: Creating ListMP [HOST_IPC_IN_20] in region 0 ...
[23;80H [24;1H 93: SYSTEM: ListElem Shared Addr = 0x48ad6580
[23;80H [24;1H 94: SYSTEM: Creating ListMP [HOST_IPC_OUT_21] in region 0 ...
[23;80H [24;1H 96: SYSTEM: Creating ListMP [HOST_IPC_IN_21] in region 0 ...
[23;80H [24;1H 97: SYSTEM: ListElem Shared Addr = 0x48b19880
[23;80H [24;1H 117: SYSTEM: System Common Init Done !!!
[23;80H [24;1HCreat queue id:65538
[23;80H [24;1Hqueue id:65538
[23;80H [24;1HStream Debug:  Init_Msg_Func 
[23;80H [24;1H
[23;80H [24;1H [host] XZ_IPNC_WAC_IPC  Xzrs_IpncWacIpcCreateChain
[23;80H [24;1H 202: MCFW  : CPU Revision [ES2.1] !!! 
[23;80H [24;1H[HOST] 
[23;80H [24;1HThreadName:IpcBitsOutLink_tskMain_30000018,ThreadID:717
[23;80H [24;1H
[23;80H [24;1H [host]  209: IPC_BITS_OUT   : Create in progress !!!
[23;80H [24;1H
[23;80H [24;1H [host] IPC_BITSOUT:BitBuffer Alloc.ChID:0,Size:0x9E3400
[23;80H [24;1H [host] 
[23;80H [24;1H******* RingBuf 0 created ********
[23;80H [24;1H
[23;80H [24;1H [host] IPCBITSOUTLINK:Translated Addr Virt:0x4b412b00 To Phy:0x8a40eb00
[23;80H [24;1H [host] 
[23;80H [24;1H###Bit buff of size from the SR # 1 : 10368000 / bufsize 2073600, maxQueueDepth[24;80H[24;80H[24;80H[24;80H
[23;80H [24;1H
[23;80H [24;1H [host] ###Bit buff BasePtr: 4B412B00 / PhyAddr 8A40EB00
[23;80H [24;1H
[23;80H [24;1H [host]  212: IPC_BITS_OUT   : Create Done !!!
[23;80H [24;1H[HOST] 
[23;80H [24;1HThreadName:IpcBitsOutLink_periodicTaskFxn_30000018,ThreadID:727
[23;80H [24;1H [m3video]  7108: IPC_BITS_IN   : Create in progress !!!
[23;80H [24;1H [m3video]  7108: SYSTEM: Opening ListMP [HOST_IPC_OUT_24] ...
[23;80H [24;1H [m3video]  7109: SYSTEM: Opening ListMP [HOST_IPC_IN_24] ...
[23;80H [24;1H [m3video]  7110: SYSTEM: Opening MsgQ [HOST_MSGQ] ...
[23;80H [24;1H [m3video]  7112: IPC_BITS_IN   : Create Done !!!
[23;80H [24;1H [m3video]  7112: DECODE: Create in progress ... !!!
[23;80H [24;1H [m3video] DECLINK_H264:HEAPID:0[24;41HUSED:4264
[23;80H [24;1H [m3video] DECLINK_H264:HEAPID:3[24;41HUSED:8937472
[23;80H [24;1H [m3video]  7239: DECODE: Creating CH0 of 1920 x 1080 [PROGRESSIVE] [NON-TILED [24;80H[24;80H[24;80H[24;80H[24;80H[24;80H[24;80H[24;80H[24;80H[24;80H[24;80H[24;80H[24;80H[24;80H[24;80H[24;80H[24;80H[24;80H[24;80H[24;80H[24;80H[24;80H[24;80H[24;80H[24;80H[24;80H[24;80H[24;80H[24;80H[24;80H[24;80H[24;80H[24;80H[24;80H
[23;80H [24;1H [m3video]  7241: DECODE: All CH Create ... DONE !!!
[23;80H [24;1H [m3vpss ]  7247: IPC_IN_M3   : Create in progress !!!
[23;80H [24;1H [m3vpss ]  7247: SYSTEM: Opening ListMP [VIDEO-M3_IPC_OUT_0] ...
[23;80H [24;1H [m3vpss ]  7247: SYSTEM: Opening ListMP [VIDEO-M3_IPC_IN_0] ...
[23;80H [24;1H [m3video] DECLINK:HEAPID:0[24;33HUSED:4304
[23;80H [24;1H [m3vpss ]  7248: SYSTEM: Opening MsgQ [VIDEO-M3_MSGQ] ...
[23;80H [24;1H [m3video] DECLINK:HEAPID:3[24;33HUSED:23388160
[23;80H [24;1H [m3vpss ]  7250: IPC_IN_M3   : Create Done !!!
[23;80H [24;1H [m3video]  7244: DECODE: Create ... DONE !!!
[23;80H [24;1H [m3video]  7245: IPC_OUT_M3   : Create in progress !!!
[23;80H [24;1H [m3video]  7246: IPC_OUT_M3   : Create Done !!!
[23;80H [24;1H [m3vpss ]  7254: DUP:  0: Format: PROGRESSIVE, 1920 x 1080
[23;80H [24;1H [m3vpss ]  7256: DUP   : Create Done !!!
[23;80H [24;1H [m3vpss ]  7256: DEI    : Create in progress !!!
[23;80H [24;1H [m3vpss ] DEI: Ch 0, Outformat is PROGRESSIVE
[23;80H [24;1H [m3vpss ]  7265: DEI: OUT1:  0: Format: PROGRESSIVE, 0xb9a6a480, 640 x 360, 4 [24;80H[24;80H[24;80H[24;80H[24;80H[24;80H
[23;80Hs[24;1H [m3vpss ]  7266: DEI     : Loading Down-scaling Co-effs
[23;80H [24;1H [m3vpss ]  7266: DEI     : Co-effs Loading ... DONE !!!
[23;80H [24;1H [m3vpss ] DEI:HEAPID:0[24;25HUSED:64
[23;80H [24;1H [m3vpss ] DEI:HEAPID:1[24;25HUSED:4528
[23;80H [24;1H [m3vpss ] DEI:HEAPID:4[24;25HUSED:1382400
[23;80H [24;1H [m3vpss ]  7267: DEI    : Create Done !!!
[23;80H [24;1H [m3vpss ]  7267: DEI    : Create in progress !!!
[23;80H [24;1H [m3vpss ] DEI: Ch 0, Outformat is PROGRESSIVE
[23;80H [24;1H [m3vpss ]  7282: DEI: OUT1:  0: Format: PROGRESSIVE, 0xb9bbbc80, 704 x 576, 4 [24;80H[24;80H[24;80H[24;80H[24;80H[24;80H
[23;80Hs[24;1H [m3vpss ]  7283: DEI     : Loading Down-scaling Co-effs
[23;80H [24;1H [m3vpss ]  7283: DEI     : Co-effs Loading ... DONE !!!
[23;80H [24;1H [m3vpss ] DEI:HEAPID:0[24;25HUSED:64
[23;80H [24;1H [m3vpss ] DEI:HEAPID:1[24;25HUSED:4752
[23;80H [24;1H [m3vpss ] DEI:HEAPID:4[24;25HUSED:2433024
[23;80H [24;1H [m3vpss ]  7284: DEI    : Create Done !!!
[23;80H [24;1H [m3vpss ]  7284: DEI    : Create in progress !!!
[23;80H [24;1H [m3vpss ] DEI: Ch 0, Outformat is PROGRESSIVE
[23;80H [24;1H [c6xdsp ]  5767: IPC_FRAMES_IN   : Create in progress !!!
[23;80H [24;1H [m3vpss ]  7352: DEI: OUT1:  0: Format: PROGRESSIVE, 0xb9e0dc80, 1920 x 1080, [24;80H[24;80H[24;80H[24;80H[24;80H[24;80H[24;80H[24;80H
[23;80Hs[24;1H [c6xdsp ]  5767: SYSTEM: Opening ListMP [VPSS-M3_IPC_OUT_19] ...
[23;80H [24;1H [m3vpss ]  7353: DEI     : Loading Down-scaling Co-effs
[23;80H [24;1H [c6xdsp ]  5767: SYSTEM: Opening ListMP [VPSS-M3_IPC_IN_19] ...
[23;80H [24;1H [m3vpss ]  7354: DEI     : Co-effs Loading ... DONE !!!
[23;80H [24;1H [c6xdsp ]  5768: SYSTEM: Opening MsgQ [VPSS-M3_MSGQ] ...
[23;80H [24;1H [m3vpss ] DEI:HEAPID:0[24;25HUSED:64
[23;80H [24;1H [c6xdsp ] IPC_FRAMES_IN:HEAPID:0[24;41HUSED:304
[23;80H [24;1H [m3vpss ] DEI:HEAPID:1[24;25HUSED:1232
[23;80H [24;1H [c6xdsp ]  5770: IPC_FRAMES_IN   : Create Done !!!
[23;80H [24;1H [m3vpss ] DEI:HEAPID:4[24;25HUSED:12441600
[23;80H [24;1H [c6xdsp ]  5770: XZRSMOT : Create in progress !!!
[23;80H [24;1H [m3vpss ]  7354: DEI    : Create Done !!!
[23;80H [24;1H [c6xdsp ]  5770: XZRSMOT    : Algorithm Create in progress !!!
[23;80H [24;1H [m3vpss ]  7354: IPC_FRAMES_OUT   : Create in progress !!!
[23;80H [24;1H [c6xdsp ] XzrsMotLink_algCreate , calling DSKT2_createAlg ... 
[23;80H [24;1H [c6xdsp ] MOTALG_XZRS_numAlloc
[23;80H [24;1H [c6xdsp ] MOTALG_XZRS_alloc
[23;80H [24;1H [m3vpss ]  7357: IPC_FRAMES_OUT   : Create Done !!!
[23;80H [24;1H [c6xdsp ] MOTALG_XZRS_alloc, memTab[0].size = 8
[23;80H [24;1H [c6xdsp ] MOTALG_XZRS_initObj
[23;80H [24;1H [c6xdsp ] VIBE global memory needed : 13152768 bytes == 12844.5 Kbytes == 12.5[24;80H[24;80H[24;80H[24;80H[24;80H[24;80H[24;80H
[23;80Hs[24;1H [c6xdsp ] VIBE tmp    memory needed : 267616 bytes == 261.3 Kbytes == 0.3 Mbyt[24;80H[24;80H
[23;80Hs[24;1H [c6xdsp ] XzrsMotLink_algCreate , calling DSKT2_createAlg Done 
[23;80H [24;1H [c6xdsp ]  5869: XZRSMOT    : Algorithm Create Done !!!
[23;80H [24;1H [c6xdsp ]  5869: XZRSMOT :Start Create createOutObj  !!!
[23;80H [24;1H
[23;80H [24;1H [host] IpcBitsInLink_tskMain:Entered[HOST] 
[23;80H [24;1HThreadName:IpcBitsInLink_tskMain_3000001a,ThreadID:715
[23;80H [24;1H
[23;80H [24;1H [host]  699: IPC_BITS_IN   : Create in progress !!!
[23;80H [24;1H
[23;80H [24;1H [host]  699: IPC_BITS_IN   : ListMPOpen start !!!
[23;80H [24;1H
[23;80H [24;1H [host]  699: SYSTEM: Opening ListMP [DSP_IPC_OUT_24] ...
[23;80H [24;1H [c6xdsp ]  6002: XZRSMOT : Create Done !!!
[23;80H [24;1H [c6xdsp ]  6002: IPC_BITS_OUT   : Create in progress !!!
[23;80H [24;1H 701: SYSTEM: Opening ListMP [DSP_IPC_IN_24] ...
[23;80H [24;1H
[23;80H [24;1H [host]  702: IPC_BITS_IN   : ListMPOpen done !!!
[23;80H [24;1H
[23;80H [24;1H [host]  703: IPC_BITS_IN   : System_linkGetInfo done !!!
[23;80H [24;1H
[23;80H [24;1H [host]  703: IPC_BITS_IN   : Create Done !!!
[23;80H [24;1H[HOST] 
[23;80H [24;1HThreadName:IpcBitsInLink_periodicTaskFxn_3000001a,ThreadID:728
[23;80H [24;1H [m3vpss ]  7600: MERGE:  0: Format: PROGRESSIVE, 1920 x 1080
[23;80H [24;1H [c6xdsp ]  6003: IPC_BITS_OUT   : Create Done !!!
[23;80H [24;1H [m3vpss ]  7601: MERGE:  1: Format: PROGRESSIVE, 704 x 576
[23;80H [24;1H [c6xdsp ]  6014: IPC_FRAMES_IN   : Create in progress !!!
[23;80H [24;1H [m3vpss ]  7601: MERGE   : Create Done !!!
[23;80H [24;1H [c6xdsp ]  6014: SYSTEM: Opening ListMP [VPSS-M3_IPC_OUT_20] ...
[23;80H [24;1H [m3vpss ]  7601: IPC_FRAMES_OUT   : Create in progress !!!
[23;80H [24;1H [c6xdsp ]  6014: SYSTEM: Opening ListMP [VPSS-M3_IPC_IN_20] ...
[23;80H [24;1H [m3vpss ]  7604: IPC_FRAMES_OUT   : Create Done !!!
[23;80H [24;1H [c6xdsp ] IPC_FRAMES_IN:HEAPID:0[24;41HUSED:304
[23;80H [24;1H [m3video]  7619: IPC_IN_M3   : Create in progress !!!
[23;80H [24;1H [m3vpss ]  7618: IPC_OUT_M3   : Create in progress !!!
[23;80H [24;1H [c6xdsp ]  6016: IPC_FRAMES_IN   : Create Done !!!
[23;80H [24;1H [m3video]  7619: SYSTEM: Opening ListMP [VPSS-M3_IPC_OUT_0] ...
[23;80H [24;1H [m3vpss ]  7619: IPC_OUT_M3   : Create Done !!!
[23;80H [24;1H [c6xdsp ] $$$$$$$$$$$$$$$$$$$$$$$$$$$$$XzrsOsdLink_tskMain, 2
[23;80H [24;1H [m3video]  7620: SYSTEM: Opening ListMP [VPSS-M3_IPC_IN_0] ...
[23;80H [24;1H [c6xdsp ]  6016: XZRSOSD : Create in progress !!!
[23;80H [24;1H [m3video]  7623: IPC_IN_M3   : Create Done !!!
[23;80H [24;1H [c6xdsp ]  6017: XZRSOSD    : Algorithm Create in progress !!!
[23;80H [24;1H [m3video]  7623: ENCODE: Create in progress ... !!!
[23;80H [24;1H [c6xdsp ] OSDALG_XZRS_alloc, memTab[0].size = 8
[23;80H [24;1H [c6xdsp ]  6026: XZRSOSD    : Algorithm Create Done !!!
[23;80H [24;1H [c6xdsp ] XzrsOsdLink_create, pObj->memUsed[0] = 2098256,freeMemStart[0] = 282[24;80H[24;80H[24;80H[24;80H[24;80H
[23;80H4[24;1H [c6xdsp ] XzrsOsdLink_create, pObj->memUsed[1] = 0,freeMemStart[1] = 0
[23;80H [24;1H [c6xdsp ] XzrsOsdLink_create, pObj->memUsed[2] = 0,freeMemStart[2] = 2129920
[23;80H [24;1H [c6xdsp ] XzrsOsdLink_create, pObj->memUsed[3] = 0,freeMemStart[3] = 14717056
[23;80H [24;1H [c6xdsp ] XzrsOsdLink_create, pObj->memUsed[4] = 0,freeMemStart[4] = 73485184
[23;80H [24;1H [c6xdsp ]  6027: XZRSOSD : Create Done !!!
[23;80H [24;1H [m3video]  7666: ENCODE: Creating CH0 of 1920 x 1080, pitch = (1920, 1920) [PR[24;80H[24;80H[24;80H[24;80H[24;80H[24;80H[24;80H[24;80H[24;80H[24;80H[24;80H[24;80H[24;80H[24;80H[24;80H[24;80H[24;80H[24;80H[24;80H[24;80H[24;80H[24;80H[24;80H[24;80H[24;80H[24;80H[24;80H[24;80H[24;80H[24;80H[24;80H[24;80H[24;80H[24;80H[24;80H[24;80H[24;80H[24;80H[24;80H[24;80H[24;80H[24;80H[24;80H[24;80H[24;80H[24;80H[24;80H[24;80H[24;80H[24;80H[24;80H[24;80H[24;80H[24;80H[24;80H[24;80H[24;80H[24;80H[24;80H[24;80H[24;80H[24;80H[24;80H[24;80H[24;80H
[23;80H [24;1H
[23;80H [24;1H [host] IpcBitsInLink_tskMain:Entered[HOST] 
[23;80H [24;1HThreadName:IpcBitsInLink_tskMain_3000001b,ThreadID:716
[23;80H [24;1H
[23;80H [24;1H [host]  826: IPC_BITS_IN   : Create in progress !!!
[23;80H [24;1H
[23;80H [24;1H [host]  826: IPC_BITS_IN   : ListMPOpen start !!!
[23;80H [24;1H
[23;80H [24;1H [host]  826: SYSTEM: Opening ListMP [VIDEO-M3_IPC_OUT_24] ...
[23;80H [24;1H 827: SYSTEM: Opening ListMP [VIDEO-M3_IPC_IN_24] ...
[23;80H [24;1H
[23;80H [24;1H [host]  828: IPC_BITS_IN   : ListMPOpen done !!!
[23;80H [24;1H
[23;80H [24;1H [host]  829: IPC_BITS_IN   : System_linkGetInfo done !!!
[23;80H [24;1H
[23;80H [24;1H [host]  830: IPC_BITS_IN   : Create Done !!!
[23;80H [24;1H[HOST] 
[23;80H [24;1HThreadName:IpcBitsInLink_periodicTaskFxn_3000001b,ThreadID:729
[23;80H [24;1H [m3video] ENCLINK_H264:HEAPID:0[24;41HUSED:11912
[23;80H [24;1H [m3video] ENCLINK_H264:HEAPID:3[24;41HUSED:7176192
[23;80H [24;1H [m3video]  7706: ENCODE: Creating CH1 of 704 x 576, pitch = (704, 704) [PROGRE[24;80H[24;80H[24;80H[24;80H[24;80H[24;80H[24;80H[24;80H[24;80H[24;80H[24;80H[24;80H[24;80H[24;80H[24;80H[24;80H[24;80H[24;80H[24;80H[24;80H[24;80H[24;80H[24;80H[24;80H[24;80H[24;80H[24;80H[24;80H[24;80H[24;80H[24;80H[24;80H[24;80H[24;80H[24;80H[24;80H[24;80H[24;80H[24;80H[24;80H[24;80H[24;80H[24;80H[24;80H[24;80H[24;80H[24;80H[24;80H[24;80H[24;80H[24;80H[24;80H[24;80H[24;80H[24;80H[24;80H[24;80H[24;80H[24;80H[24;80H[24;80H
[23;80H [24;1H
[23;80H [24;1HVENC_FRAMERATE  Channel Selected: 0, frameRate = 25
[23;80H [24;1H
[23;80H [24;1HVENC_FRAMERATE  Channel Selected: 1, frameRate = 25
[23;80H [24;1H [m3video] ENCLINK_H264:HEAPID:0[24;41HUSED:11912
[23;80H [24;1H [m3video] ENCLINK_H264:HEAPID:3[24;41HUSED:1769472
[23;80H [24;1H [m3video]  7718: ENCODE: All CH Create ... DONE !!!
[23;80H [24;1H [c6xdsp ] 6174,XZRSMOT_LINK_CMD_SET_TRIPWIRE
[23;80H [24;1H [m3video] ENCLINK:HEAPID:0[24;33HUSED:23864
[23;80H [24;1H [c6xdsp ] OSDALG_XZRS_control  get mask data ,type = 0 
[23;80H [24;1H [m3video] ENCLINK:HEAPID:2[24;33HUSED:7464960
[23;80H [24;1H [c6xdsp ] xz_enc_osd_algorithm_set_char_parameter, type_char = 0,width = 386,m[24;80H[24;80H[24;80H[24;80H[24;80H[24;80H[24;80H[24;80H[24;80H[24;80H[24;80H[24;80H[24;80H[24;80H[24;80H
[23;80H0[24;1H [m3video] ENCLINK:HEAPID:3[24;33HUSED:8945664
[23;80H [24;1H [m3video]  7718: ENCODE: Create ... DONE !!!
[23;80H [24;1H [m3video]  7719: IPC_BITS_OUT   : Create in progress !!!
[23;80H [24;1H [c6xdsp ] OSDALG_XZRS_control  get mask data ,type = 7 
[23;80H [24;1H [c6xdsp ] xz_enc_osd_algorithm_set_char_parameter, type_char = 7,width = 162,m[24;80H[24;80H[24;80H[24;80H[24;80H[24;80H[24;80H[24;80H[24;80H[24;80H[24;80H[24;80H[24;80H[24;80H[24;80H
[23;80H0[24;1H [m3video]  7721: IPC_BITS_OUT   : Create Done !!!
[23;80H [24;1H
[23;80H [24;1H [host] App_bitsTransmit rtspOpen failed,check url
[23;80H [24;1H

[23;80H [24;1HLogin incorrect
[23;80H [24;1H
[23;80H [24;1Hdm814x login:root
 root
[23;80H [24;1HPassword:xzrsP@ssw0rd
 
[23;80H [24;1Hroot@dm814x:~#
 
[23;80H [24;1Hroot@dm814x:~# 

[23;80H [24;1Hroot@dm814x:~# passwd root
passwd root
[23;80H [24;1HChanging password for root
[23;80H [24;1HEnter the new password (minimum of 5, maximum of 8 characters)
[23;80H [24;1HPlease use a combination of upper and lower case letters and numbers.
[23;80H [24;1HNew password: xzrsP@ssw0rd

[23;80H [24;1HRe-enter new password:xzrsP@ssw0rd
 
[23;80H [24;1Hpasswd: password changed.

[23;80H [24;1Hroot@dm814x:~# sed -i '{27 s/#\(.*\)//g}' /home/format-sd-ext3.sh

[23;80H [24;1Hroot@dm814x:~# [0m(B[7m[K[?12l[?25h[?25lCTRL-A Z for help | 115200 8N1 | NOR | Minicom 2.7 | VT102 | Offline | ttyUSB1 [?12l[?25h[24;16H[?12l[?25h[0m(Broot@dm814x:~#                                                                 [24;16Hsed -i '{27 s/#\(.*\)/g}' /homsed -i '{28 s/\(.*\)/#/g}' /home/format-sd-ext3.sh

[23;80H [24;1Hsed: unmatched '/'
[23;80H [24;1Hroot@dm814x:~# [0m(B[7m[K[?12l[?25h[?25lCTRL-A Z for help | 115200 8N1 | NOR | Minicom 2.7 | VT102 | Offline | ttyUSB1 [?12l[?25h[24;16H[?12l[?25h[0m(Broot@dm814x:~#                                                                 [24;16Hsed -i '{28 s/\(.*\)/#g}' /homchmod +x /home/format-sd-ext3.sh

[23;80H [24;1Hsed: unmatched '/'
[23;80H [24;1Hroot@dm814x:~# chmod +x /home/format-sd-ext3.sh/home/format-sd-ext3.sh /dev/mmcblk0

[23;80H [24;1Hroot@dm814x:~# /home/format-sd-ext3.sh /dev/mmcblk0
[23;80H [24;1HAll data on /dev/mmcblk0 now will be destroyed! Continue? [y/ny
]
[23;80H [24;1Hy
[23;80H [24;1H[Partitioning /dev/mmcblk0...]
[23;80H [24;1H1024+0 records in
[23;80H [24;1H1024+0 records out
[23;80H [24;1HDisk /dev/mmcblk0 doesn't contain a valid partition table
[23;80H [24;1HDISK SIZE - 7948206080 bytes
[23;80H [24;1HCYLINDERS - 966
[23;80H [24;1HChecking that no-one is using this disk right now ...
[23;80H [24;1HBLKRRPART: Device or resource busy
[23;80H [24;1H
[23;80H [24;1HThis disk is currently in use - repartitioning is probably a bad idea.
[23;80H [24;1HUmount all file systems, and swapoff all swap partitions on this disk.
[23;80H [24;1HUse the --no-reread flag to suppress this check.
[23;80H [24;1HUse the --force flag to overrule all checks.
[23;80H [24;1H[Making filesystems...]
[23;80H [24;1H[Done]