
Lockfile is stale. Overriding it..

[!p[?3;4l[4l>[0m(B[?1h=[H[2J[?12l[?25h
Welcome to minicom 2.7

OPTIONS: I18n 
Compiled on Jan  1 2014, 17:13:19.
Port /dev/ttyUSB0, 16:15:04

Press CTRL-A Z for help on special keys



U-Boot 2010.06 (Aug 14 2014 - 21:58:33)

TI8168-GP rev 2.1

HDVICP clk     : 533MHz
L3 Fast clk    : 500MHz
HDVPSS clk     : 250MHz
Ducati M3 clk  : 250MHz
DSP clk        : 800MHz
ARM clk        : 987MHz
DDR clk        : 796MHz

I2C:   ready
[23;80H [24;1HDRAM:  2 GiB
[23;80H [24;1HNAND:  HW ECC BCH8 Selected
[23;80H [24;1H256 MiB
[23;80H [24;1HMMC:   OMAP SD/MMC: 0
[23;80H [24;1H                                                                 
[23;80H [24;1H                                                                 
[23;80H [24;1H                   D S P D S P D S P D S                         
[23;80H [24;1H               P D S P D S P D S P D S P D                       
[23;80H [24;1H             S P D S P D S P D S P D S P D                       
[23;80H [24;1H             S P D S P D S P D S P D S P D   S P D               
[23;80H [24;1H               S P D S P D S P D S P D S     P D S P             
[23;80H [24;1H                 D S P D S P D S P D S P   D S P D S P           
[23;80H [24;1H                   D S P D S P D S P D S P D S P D S P           
[23;80H [24;1H                     D S P D S P D S P D S P D S P D S P         
[23;80H [24;1H                     D S P D S P D S P D S P D S P D S P         
[23;80H [24;1H                       D S P D S P D S P D S P D S P D S P       
[23;80H [24;1H                       D S P D S P D S P D S P D S P D S P       
[23;80H [24;1H                       D S P D S P D S P D S P D S P D S P       
[23;80H [24;1H                       D S P D S P D S P D S P D S P D S P       
[23;80H [24;1H                       D S P D S P D S P D S P D S P D S P       
[23;80H [24;1H                       D S P D S P D S P D S P D S P D S P       
[23;80H [24;1H                       D S P D S P D S P D S P D S P D S P       
[23;80H [24;1H                     D S P D S P D S P D S P D S P D S P D       
[23;80H [24;1H                     S P D S P D S         P D S P D S P D       
[23;80H [24;1H                   S P D S P D               S P D S P D         
[23;80H [24;1H                   S P D S P                   D S P D S         
[23;80H [24;1H                 P D S P D                       S P D S         
[23;80H [24;1H                 P D S P                         D S P           
[23;80H [24;1H               D S P D                           S P D           
[23;80H [24;1H             S P D S                             P D             
[23;80H [24;1H             S P D                                               
[23;80H [24;1H             S P D                                               
[23;80H [24;1H                                                                 
[23;80H [24;1H
[23;80H [24;1HNet:   Ethernet PHY: GENERIC @ 0x01
[23;80H [24;1HDaVinci EMAC
[23;80H [24;1HHit any key to stop autoboot
:  3  0 
[23;80H [24;1HYX-UBOOT #setenv ipaddr 192.168.1.194
 setenv ipaddr 192.168.1.194
[23;80H [24;1HYX-UBOOT #setenv gatewayip 192.168.1.1
 setenv gatewayip 192.168.1.1
[23;80H [24;1HYX-UBOOT # setenv netmask 255.255.255.0
setenv netmask 255.255.255.0
[23;80H [24;1HYX-UBOOT #setenv serverip 192.168.1.9
 setenv serverip 192.168.1.9
[23;80H [24;1HYX-UBOOT # console=ttyO2,115200n8 noinitrd ip=192.168.1.194 mem=256M rootwait=1 rw ubi.mtd=8,2048 rootfstype=ubifs root=ubi0:rootfs init=/init vram=20M notifyk.vpssm3_sva=0xBEE00000 stdin=serial ddr_mem=1024M
console=ttyO2,115200n8 noinitrd ip=192.168.1.194 mem=256M rootwait=1[24;80H[24;80H[24;80H[24;80H[24;80H[24;80H[24;80H[24;80H[24;80H[24;80H[24;80H[24;80H[24;80H[24;80H[24;80H[24;80H[24;80H[24;80H[24;80H[24;80H[24;80H[24;80H[24;80H[24;80H[24;80H[24;80H[24;80H[24;80H[24;80H[24;80H[24;80H[24;80H[24;80H[24;80H[24;80H[24;80H[24;80H[24;80H[24;80H[24;80H[24;80H[24;80H[24;80H[24;80H[24;80H[24;80H[24;80H[24;80H[24;80H[24;80H[24;80H[24;80H[24;80H[24;80H[24;80H[24;80H[24;80H[24;80H[24;80H[24;80H[24;80H[24;80H[24;80H[24;80H[24;80H[24;80H[24;80H[24;80H[24;80H[24;80H[24;80H[24;80H[24;80H[24;80H[24;80H[24;80H[24;80H[24;80H[24;80H[24;80H[24;80H[24;80H[24;80H[24;80H[24;80H[24;80H[24;80H[24;80H[24;80H[24;80H[24;80H[24;80H[24;80H[24;80H[24;80H[24;80H[24;80H[24;80H[24;80H[24;80H[24;80H[24;80H[24;80H[24;80H[24;80H[24;80H[24;80H[24;80H[24;80H[24;80H[24;80H[24;80H[24;80H[24;80H[24;80H[24;80H[24;80H[24;80H[24;80H[24;80H[24;80H[24;80H[24;80H[24;80H[24;80H[24;80H[24;80H[24;80H[24;80H
[23;80HM[24;1HUnknown command 'noinitrd' - try 'help'
[23;80H [24;1HYX-UBOOT #saveenv
 saveenv
[23;80H [24;1HSaving Environment to NAND...
[23;80H [24;1HErasing Nand...
[23;80H [24;1HWarning: Erase size 0x00002000 smaller than one erase block 0x00020000
[23;80H [24;1H         Erasing 0x00020000 instead
[23;80H [24;1HErasing at 0x240000 -- 100% complete.
[23;80H [24;1HWriting to Nand... done
[23;80H [24;1HYX-UBOOT # 