
[!p[?3;4l[4l>[0m(B[?1h=[H[2J[?12l[?25h
Welcome to minicom 2.7

OPTIONS: I18n 
Compiled on Jan  1 2014, 17:13:19.
Port /dev/ttyUSB1, 13:25:44

Press CTRL-A Z for help on special keys


Connect speed 100M Full
Using DaVinci EMAC device
TFTP from server 192.168.1.9; our IP address is 192.168.1.198
Filename '2015-6-18/xzrs_fs.bin'.
Load address: 0x81000000
Loading: *WARN: emac_send_packet: No link
T T T #################################################################
[18;9H #################################################################
[19;9H #################################################################
[20;9H #################################################################
[21;9H #################################################################
[22;9H #################################################################
[23;9H #################################################################
[24;9H #################################################################
[23;80H [24;1H[24;9H #################################################################
[23;80H [24;1H[24;9H #################################################################
[23;80H [24;1H[24;9H #################################################################
[23;80H [24;1H[24;9H ####################################