
[!p[?3;4l[4l>[0m(B[?1h=[H[2J[?12l[?25h
Welcome to minicom 2.7

OPTIONS: I18n 
Compiled on Jan  1 2014, 17:13:19.
Port /dev/ttyUSB2, 13:56:56

Press CTRL-A Z for help on special keys


root@xzrs:~# 

root@xzrs:~# reboot
reboot

Broadcast message from root@xzrs (ttyO2) (Mon Mar  7 16:50:06 2016):

The syståINIT: Sending processes the TERM signal
root@xzrs:~# chnId = 0, captureFrameCount = 0 
chnId = 1, captureFrameCount = 0 

 [host] -----collection error-----

 [host] msgsnd 1 ok
 [m3vpss ] CaptureLink_tskRun,Get CAPTURE_LINK_CMD_GET_CH_STATUS
 [m3vpss ] channelNum = 0,lChannelNum=0,instId=0,streamId=0,chId=0
[23;80H [24;1H [m3vpss ] pObj->instanceId = 0,pObj->numCh=1,pObj->numStream=2
[23;80H [24;1H [m3vpss ] curTime = 307358, lastFrameTimestamp = 0,chStatus->captureFrameCount[24;80H[24;80H
[23;80H0[24;1H [m3vpss ] CaptureLink_tskRun,Get CAPTURE_LINK_CMD_GET_CAP_STATUS
[23;80H [24;1HINIT: Stopping telnet daemon.
[23;80H [24;1HStopping system message bus: dbus.
[23;80H [24;1HStopping syslogd/klogd: stopped syslogd (pid 534)
[23;80H [24;1Hstopped klogd (pid 536)
[23;80H [24;1Hdone
[23;80H [24;1HALSA: Storing mixer settings...
[23;80H [24;1H/usr/sbin/alsactl: save_state:1580: No soundcards found...
[23;80H [24;1HDeconfiguring network interfaces... done.
[23;80H [24;1HSending all processes the TERM signal...
[23;80H [24;1H[xz_sig_exit_cb]-13: Ctrl +C received---------------------------------
[23;80H [24;1HSIGTERM Signal number = 15, Signal errno = 0
[23;80H [24;1HStream Debug: qid = 65538,Receive msg fail 
[23;80H [24;1Hwdg module, wdg_main_exit_cb , signo = 15,SIGINT = 2,SIGTERM = 15
[23;80H [24;1H[main]-213: +++++++++++++++++++++++main,213++++++++++++++++++++++++
[23;80H [24;1H[xz_sig_exit_cb]-13: Ctrl +C received---------------------------------
[23;80H [24;1HSIGTERM Signal number = 15, Signal errno = 0
[23;80H [24;1H-------------Begin exit xz_nvs_exe.bin  ----------------------
[23;80H [24;1H1-------------------------------------------
[23;80H [24;1H[web_msg_module_session]-953: msgnum = 6
[23;80H [24;1H[web_msg_module_session]-954: src = 643
[23;80H [24;1H[web_msg_module_session]-955: cmd = 40
[23;80H [24;1H[web_msg_module_session]-1680: Get message WEBEXIT
[23;80H [24;1H[xz_release_timer_list]-346: Have release resource.
[23;80H [24;1H[main]-219: +++++++++++++++++++++++main,219++++++++++++++++++++++++
[23;80H [24;1H[xz_release_watchdog_service]-729: +++++++++++++++++++++++xz_release_watchdog_s[24;80H[24;80H[24;80H[24;80H[24;80H[24;80H[24;80H[24;80H[24;80H[24;80H[24;80H[24;80H[24;80H[24;80H[24;80H[24;80H[24;80H[24;80H[24;80H[24;80H[24;80H[24;80H[24;80H[24;80H[24;80H[24;80H[24;80H[24;80H[24;80H[24;80H[24;80H[24;80H[24;80H[24;80H
[23;80H+[24;1H2-------------------------------------------
[23;80H [24;1H3-------------------------------------------
[23;80H [24;1HKill queue id:65538
[23;80H [24;1Hkillall: wis-streamer: no process killed
[23;80H [24;1H
[23;80H [24;1H [host]  302855: IPC_BITS_IN   : Stop Done !!!
[23;80H [24;1H
[23;80H [24;1H [host] 302876: IPCBITSIN:Link[3000001a]:
[23;80H [24;1H [host] RECV:756[24;25HFREE:756,DROPPED:0,AVGLATENCY:10,AVG_APP_CB_TIME:0
[23;80H [24;1H [host]  302876: IPC_BITS_IN   : Delete in progress !!!
[23;80H [24;1H
[23;80H [24;1H [host]  302877: IPC_BITS_IN   : Delete Done !!!
[23;80H [24;1H
[23;80H [24;1H [host] 302885: IPCBITSIN:Link[3000001b]:
[23;80H [24;1H [host] RECV:1542[24;25HFREE:1542,DROPPED:0,AVGLATENCY:10,AVG_APP_CB_TIME:0
[23;80H [24;1H [host]  302885: IPC_BITS_IN   : Delete in progress !!!
[23;80H [24;1H
[23;80H [24;1H [host]  302885: IPC_BITS_IN   : Delete Done !!!
[23;80H [24;1H 302889: SYSTEM: System Common De-Init in progress !!!
[23;80H [24;1H
[23;80H [24;1H [host] OSA_tskDelete:In progress...
[23;80H [24;1H [host] OSA_tskDelete:In progress...
[23;80H [24;1H [host] OSA_tskDelete:In progress...
[23;80H [24;1H [host] OSA_tskDelete:In progress...
[23;80H [24;1H [host] OSA_tskDelete:In progress...
[23;80H [24;1H [host] OSA_tskDelete:In progress...
[23;80H [24;1H [host] OSA_tskDelete:In progress...
[23;80H [24;1H [host] OSA_tskDelete:In progress...
[23;80H [24;1H [host] OSA_tskDelete:In progress...
[23;80H [24;1H [host] OSA_tskDelete:In progress... 302895: SYSTEM: IPC de-init in progress !![24;80H
[23;80H![24;1H 302913: SYSTEM: IPC de-init DONE !!!
[23;80H [24;1H 302913: SYSTEM: System Common De-Init Done !!!
[23;80H [24;1H[xz_app_mgt_thr]-465: file:{xz_enc_priv.c},func:[xz_app_mgt_thr],line:-465.
[23;80H [24;1H4-------------------------------------------
[23;80H [24;1H5-------------------------------------------
[23;80H [24;1H6-------------------------------------------
[23;80H [24;1H7-------------------------------------------
[23;80H [24;1H8-------------------------------------------
[23;80H [24;1H[create_wdg_server]-669: +++++++++++++++++++++++create_wdg_server,669++++++++++[24;80H[24;80H[24;80H[24;80H[24;80H[24;80H[24;80H[24;80H[24;80H[24;80H[24;80H[24;80H[24;80H[24;80H
[23;80H+[24;1H[main]-221: +++++++++++++++++++++++main,221++++++++++++++++++++++++
[23;80H [24;1HSending all processes the KILL signal...
[23;80H [24;1HUnmounting remote filesystems...
[23;80H [24;1HDeactivating swap...
[23;80H [24;1HUnmounting local filesystems...
[23;80H [24;1HRebooting... Restarting system.
[23;80H [24;1H
[23;80H [24;1H
[23;80H [24;1HU-Boot 2010.06 (Feb 25 2016 - 01:51:26)
[23;80H [24;1H
[23;80H [24;1HCDXZRS-GP rev 1.0
[23;80H [24;1H
[23;80H [24;1HI2C:   ready
[23;80H [24;1HDRAM:  2 GiB
[23;80H [24;1HNAND:  HW ECC BCH8 Selected
[23;80H [24;1H256 MiB
[23;80H [24;1HMMC:   OMAP SD/MMC: 0
[23;80H [24;1H:,;;:;:;;;;;;;;r;;:,;;:;:;;;;;;;;:,;;:;:;;;;;;;;:,;;:;:;;;;;;;;:;;;;;;;;:,;;:;:
[23;80H [24;1H;,;:::;;;;r;;;rssiSiS552X5252525259GX2X9hX9X9XX2325S55252i5:,;;:;:;;;;;;;;:,;;:
[23;80H [24;1H;:;;;;;;;rrssSsS52S22h52299GGAAMHMM#BBH#B#HMM#HMBA&&XX2255S2S5Si:,;;:;:;;;;;;;;
[23;80H [24;1H;:;;r;;rsrrriiXS5S329&A&MH#BMB#A&9XXA252GXiSXX39AAMMMBB&G22S5i2SSiiiisi:,;;:;:;
[23;80H [24;1H;;;;;r;rr2iisiih393HB#B#AA99i22irrrX3X52AGsisss2Xii2299HBMA&X2S5S5iSiisSsi:,;;:
[23;80H [24;1Hr:r;rrsrsihXSi2&##MHB&Ahh3AGHGA9G9h&#H##@@@##MAMMXXX9SSS29&&HGGX2i5iisiiisisi:,
[23;80H [24;1H;;rrrrsSiiiA&ABH&A9GAGhAhBAMHA9HM@@@@@@@@@@@@@@@@@@@HHhAh2S2SX9&Gh22SSiisiiisii
[23;80H [24;1Hr:rrssisiS2XM##&h3AGAX&3GG3Ssr5H@M#HM2; ;2X&&&MHMB###GBB#B&XXSSs529XX55iSsisisi
[23;80H [24;1Hr;rsrisSi2XHAhX99A3XXG&&XS;:,rH#HGhAS   @@@@3rs2XBM@@A552&&AHA2XiisSS252SSsisSs
[23;80H [24;1Hr;issi5S22&&3iSSX292&hXsr;;:;h@&G339&S9@@@@2@MA&9&HB##Xris29ABMAAX2ir;rsSi5iss5
[23;80H [24;1HrrsSi2XhG&9GXh399&X99i;;;;;;r#H&293H9X#@@@@@@@B&9GhAH@XrrsrsiXABHB&HG2rr;rrSiSi
[23;80H [24;1H;:rsisS599&AA9XG&3A35r;:::;,;BMh&&2iX5A@@@@@@@&392X5GB2;;;r;iSX393A##A&Xi:::rsi
[23;80H [24;1H;:rss552222X553&XHMhir;;::,:,h#HhGSXhG3#@@@@#AXXS2XAHA;::;;;;ss55XShBA3239r:,;;
[23;80H [24;1Hr;ii2S5SSi2i53hirsh2srr::,,,,;MMXX359&Ah3h&Si59SX99A#i:,::::;;sri2,.2r;:SGAr;,:
[23;80H [24;1H;:;rrrrssiriXGSi::shs;;;,,,:,,rBBA9h5s5h5iS5isi2SAHB5:,,,:::;rrs5&SrisSX5Srrr:,
[23;80H [24;1H;,r;;;;rsriSSrrrr;;5Xrr;;,:,,.,;9AA2SsisS5323XXXG9&i:.,,::;;r;;;srrrrrr;;:;::::
[23;80H [24;1H:,;r;r;rrissrrr;:;::;s;;;;,:,,..,r293h222hXXAAGGGX;:,,,:,:,::;:;::,:,,,,...,,,,
[23;80H [24;1H;,;;;;rrrrrrrrirr;,.,,:::::::,,,,.,;SX&ABAB2hhXir:,,.,,.,,:,,,,..,,,..,..,,,..:
[23;80H [24;1H:.:;:;;;:;;;;r;rrs;:.. ,,:::::,:,:,,.::rrsrr;;,,.......,..,....,,,,,,,...,.,,:,
[23;80H [24;1H:.:::,::::::;;r;rrr;:.......,.,.,,:::,,...............,,::.,,,,:,::,,:,:,,,:,;:
[23;80H [24;1H,.::,:,,,,,;;;;;;;;r;;::,..............................;;;:;::::,:::::::,:,:,,,
[23;80H [24;1H: ,,:,,,,,,,,,,,,,:;rrr;;:;,,,,,,,::,.,.:.,.,;s,:;;;;:;:;;;;;::::,:::,:::,:,:,:
[23;80H [24;1H,.,,,,,,,...,,.,,....................................:,............:,,,:,:,,,,,
[23;80H [24;1H
[23;80H [24;1HEricDebug uboot WDT timeout is 600 seconds 
[23;80H [24;1HNet:   set mac addr : b2:df: 0:27:aa:44
[23;80H [24;1Hset mac addr1 : b3:df: 0:27:aa:44
[23;80H [24;1HEthernet PHY: GENERIC @ 0x01
[23;80H [24;1HDaVinci EMAC
[23;80H [24;1HHit any key to stop autoboot:

  3  0 
[23;80H [24;1HXZ-UBOOT # setenv ipaddr 192.168.1.146

[23;80H [24;1HXZ-UBOOT # setenv ipaddr 192.168.1.146setenv gatewayip 192.168.1.9

[23;80H [24;1HXZ-UBOOT # setenv gatewayip 192.168.1.9setenv netmask 255.255.255.0

[23;80H [24;1HXZ-UBOOT # setenv netmask 255.255.255.0setenv serverip 192.168.1.9

[23;80H [24;1HXZ-UBOOT # setenv serverip 192.168.1.9setenv bootargs 'mem=512M console=ttyO2,115200n8 rootwait=1 rw ubi.mtd=4,2048 rootfstype=ubifs root=ubi0:rootfs ip=192.168.1.146 vram=20M notifyk.vpssm3_sva=0xbfb00000 vmalloc=476M ddr_mem=2048M'

[23;80H [24;1HXZ-UBOOT # setenv bootargs 'mem=512M console=ttyO2,115200n8 rootwait=1 rw ubi.m[24;80H[24;80H[24;80H[24;80H[24;80H[24;80H[24;80H[24;80H[24;80H[24;80H[24;80H[24;80H[24;80H[24;80H[24;80H[24;80H[24;80H[24;80H[24;80H[24;80H[24;80H[24;80H[24;80H[24;80H[24;80H[24;80H[24;80H[24;80H[24;80H[24;80H[24;80H[24;80H[24;80H[24;80H[24;80H[24;80H[24;80H[24;80H[24;80H[24;80H[24;80H[24;80H[24;80H[24;80H[24;80H[24;80H[24;80H[24;80H[24;80H[24;80H[24;80H[24;80H[24;80H[24;80H[24;80H[24;80H[24;80H[24;80H[24;80H[24;80H[24;80H[24;80H[24;80H[24;80H[24;80H[24;80H[24;80H[24;80H[24;80H[24;80H[24;80H[24;80H[24;80H[24;80H[24;80H[24;80H[24;80H[24;80H[24;80H[24;80H[24;80H[24;80H[24;80H[24;80H[24;80H[24;80H[24;80H[24;80H[24;80H[24;80H[24;80H[24;80H[24;80H[24;80H[24;80H[24;80H[24;80H[24;80H[24;80H[24;80H[24;80H[24;80H[24;80H[24;80H[24;80H[24;80H[24;80H[24;80H[24;80H[24;80H[24;80H[24;80H[24;80H[24;80H[24;80H[24;80H[24;80H[24;80H[24;80H[24;80H[24;80H[24;80H[24;80H[24;80H[24;80H[24;80H[24;80Hsetenv bootcmd 'nand read 0x81000000 0x00580000 0x300000; bootm 0x81000000'

[23;80H'[24;1HXZ-UBOOT # setenv bootcmd 'nand read 0x81000000 0x00580000 0x300000; bootm 0x81[24;80H[24;80H[24;80H[24;80H[24;80H[24;80H[24;80Hsntp 192.168.1.9

[23;80H'[24;1HXZ-UBOOT # sntp 192.168.1.9
[23;80H [24;1HConnect speed 100M Full
[23;80H [24;1HWARN: emac_send_packet: No link
[23;80H [24;1HTimeout
[23;80H [24;1HSNTP failed: host 192.168.1.9 not responding
[23;80H [24;1HXZ-UBOOT # 