Lockfile is stale. Overriding it..
[!p[?3;4l[4l>[0m(B[?1h=[H[2J[?12l[?25h
Welcome to minicom 2.7

OPTIONS: I18n 
Compiled on Jan  1 2014, 17:13:19.
Port /dev/ttyUSB0, 13:16:48

Press CTRL-A Z for help on special keys



U-Boot 2010.06 (Nov 23 2015 - 13:12:40)

CDXZRS-GP rev 1.0

I2C:   ready
DRAM:  2 GiB
NAND:  HW ECC BCH8 Selected
256 MiB
MMC:   OMAP SD/MMC: 0
EricDebug: CONFIG_MISC_INIT_R 
:,;;:;:;;;;;;;;r;;:,;;:;:;;;;;;;;:,;;:;:;;;;;;;;:,;;:;:;;;;;;;;:;;;;;;;;:,;;:;:
;,;:::;;;;r;;;rssiSiS552X5252525259GX2X9hX9X9XX2325S55252i5:,;;:;:;;;;;;;;:,;;:
;:;;;;;;;rrssSsS52S22h52299GGAAMHMM#BBH#B#HMM#HMBA&&XX2255S2S5Si:,;;:;:;;;;;;;;
[23;80H [24;1H;:;;r;;rsrrriiXS5S329&A&MH#BMB#A&9XXA252GXiSXX39AAMMMBB&G22S5i2SSiiiisi:,;;:;:;
[23;80H [24;1H;;;;;r;rr2iisiih393HB#B#AA99i22irrrX3X52AGsisss2Xii2299HBMA&X2S5S5iSiisSsi:,;;:
[23;80H [24;1Hr:r;rrsrsihXSi2&##MHB&Ahh3AGHGA9G9h&#H##@@@##MAMMXXX9SSS29&&HGGX2i5iisiiisisi:,
[23;80H [24;1H;;rrrrsSiiiA&ABH&A9GAGhAhBAMHA9HM@@@@@@@@@@@@@@@@@@@HHhAh2S2SX9&Gh22SSiisiiisii
[23;80H [24;1Hr:rrssisiS2XM##&h3AGAX&3GG3Ssr5H@M#HM2; ;2X&&&MHMB###GBB#B&XXSSs529XX55iSsisisi
[23;80H [24;1Hr;rsrisSi2XHAhX99A3XXG&&XS;:,rH#HGhAS   @@@@3rs2XBM@@A552&&AHA2XiisSS252SSsisSs
[23;80H [24;1Hr;issi5S22&&3iSSX292&hXsr;;:;h@&G339&S9@@@@2@MA&9&HB##Xris29ABMAAX2ir;rsSi5iss5
[23;80H [24;1HrrsSi2XhG&9GXh399&X99i;;;;;;r#H&293H9X#@@@@@@@B&9GhAH@XrrsrsiXABHB&HG2rr;rrSiSi
[23;80H [24;1H;:rsisS599&AA9XG&3A35r;:::;,;BMh&&2iX5A@@@@@@@&392X5GB2;;;r;iSX393A##A&Xi:::rsi
[23;80H [24;1H;:rss552222X553&XHMhir;;::,:,h#HhGSXhG3#@@@@#AXXS2XAHA;::;;;;ss55XShBA3239r:,;;
[23;80H [24;1Hr;ii2S5SSi2i53hirsh2srr::,,,,;MMXX359&Ah3h&Si59SX99A#i:,::::;;sri2,.2r;:SGAr;,:
[23;80H [24;1H;:;rrrrssiriXGSi::shs;;;,,,:,,rBBA9h5s5h5iS5isi2SAHB5:,,,:::;rrs5&SrisSX5Srrr:,
[23;80H [24;1H;,r;;;;rsriSSrrrr;;5Xrr;;,:,,.,;9AA2SsisS5323XXXG9&i:.,,::;;r;;;srrrrrr;;:;::::
[23;80H [24;1H:,;r;r;rrissrrr;:;::;s;;;;,:,,..,r293h222hXXAAGGGX;:,,,:,:,::;:;::,:,,,,...,,,,
[23;80H [24;1H;,;;;;rrrrrrrrirr;,.,,:::::::,,,,.,;SX&ABAB2hhXir:,,.,,.,,:,,,,..,,,..,..,,,..:
[23;80H [24;1H:.:;:;;;:;;;;r;rrs;:.. ,,:::::,:,:,,.::rrsrr;;,,.......,..,....,,,,,,,...,.,,:,
[23;80H [24;1H:.:::,::::::;;r;rrr;:.......,.,.,,:::,,...............,,::.,,,,:,::,,:,:,,,:,;:
[23;80H [24;1H,.::,:,,,,,;;;;;;;;r;;::,..............................;;;:;::::,:::::::,:,:,,,
[23;80H [24;1H: ,,:,,,,,,,,,,,,,:;rrr;;:;,,,,,,,::,.,.:.,.,;s,:;;;;:;:;;;;;::::,:::,:::,:,:,:
[23;80H [24;1H,.,,,,,,,...,,.,,....................................:,............:,,,:,:,,,,,
[23;80H [24;1H
[23;80H [24;1HEricDebug: didn't CONFIG_DRIVER_SMC91111 
[23;80H [24;1HEricDebug: didn't CONFIG_DRIVER_LAN91C96 
[23;80H [24;1HEricDebug: CONFIG_CMD_NET 
[23;80H [24;1HEricDebug: CONFIG_CMD_NET 
[23;80H [24;1HEricDebug: CONFIG_NET_MULTI 
[23;80H [24;1HNet:   EricDebug: eth.c ,204 
[23;80H [24;1HEricDebug: CONFIG_MII 
[23;80H [24;1HEricDebug: didn't CONFIG_CMD_MII 
[23;80H [24;1HEricDebug: didn't CONFIG_DB64360 
[23;80H [24;1HEricDebug: didn't CONFIG_CPCI750 
[23;80H [24;1HEricDebug: didn't CONFIG_DB64460 
[23;80H [24;1HEricDebug: didn't CONFIG_P3Mx 
[23;80H [24;1HEricDebug: CONFIG_NET_MULTI 
[23;80H [24;1Hset mac addr : ae:df: 0:27:aa:44
[23;80H [24;1Hset mac addr1 : af:df: 0:27:aa:44
[23;80H [24;1HEthernet PHY: GENERIC @ 0x01
[23;80H [24;1HEricDebug : dev->write_hwaddr  =(null) 
[23;80H [24;1HDaVinci EMACEricDebug : 0x44,0xaa,0x27,0x00,0xdf,0xae 
[23;80H [24;1HEricDebug :is_valid_ether_addr 
[23;80H [24;1H
[23;80H [24;1H JTAG ID is equal to 0x3b81e02f  
[23;80H [24;1H JTAG ID is equal to 0x3b81e02f  
[23;80H [24;1H JTAG ID is equal to 0x3b81e02f  
[23;80H [24;1H JTAG ID is equal to 0x3b81e02f  
[23;80H [24;1H JTAG ID is equal to 0x3b81e02f  
[23;80H [24;1H JTAG ID is equal to 0x3b81e02f  
[23;80H [24;1H JTAG ID is equal to 0x3b81e02f  
[23;80H [24;1H JTAG ID is equal to 0x3b81e02f  
[23;80H [24;1H JTAG ID is equal to 0x3b81e02f  
[23;80H [24;1H JTAG ID is equal to 0x3b81e02f  
[23;80H [24;1H JTAG ID is equal to 0x3b81e02f  
[23;80H [24;1H JTAG ID is equal to 0x3b81e02f  
[23;80H [24;1H JTAG ID is equal to 0x3b81e02f  
[23;80H [24;1H MAC_ID0_LO is equal to 0xaedf  
[23;80H [24;1H MAC_ID0_LO is equal to 0xaedf  
[23;80H [24;1H MAC_ID0_LO is equal to 0xaedf  
[23;80H [24;1H MAC_ID0_HI is equal to 0x97239d0  
[23;80H [24;1H MAC_ID0_HI is equal to 0x97239d0  
[23;80H [24;1H MAC_ID0_HI is equal to 0x97239d0  
[23;80H [24;1H MAC_ID1_LO is equal to 0xafdf  
[23;80H [24;1H MAC_ID1_LO is equal to 0xafdf  
[23;80H [24;1H MAC_ID1_LO is equal to 0xafdf  
[23;80H [24;1H MAC_ID1_HI is equal to 0x97239d0  
[23;80H [24;1H MAC_ID1_HI is equal to 0x97239d0  
[23;80H [24;1H MAC_ID1_HI is equal to 0x97239d0  
[23;80H [24;1HHit any key to stop autoboot:  1  0 
[23;80H [24;1H
[23;80H [24;1HNAND read: device 0 offset 0x580000, size 0x300000
[23;80H [24;1H 3145728 bytes read: OK
[23;80H [24;1H## Booting kernel from Legacy Image at 81000000 ...
[23;80H [24;1H   Image Name:   Linux-2.6.37
[23;80H [24;1H   Created:      2015-11-17   5:22:03 UTC
[23;80H [24;1H   Image Type:   ARM Linux Kernel Image (uncompressed)
[23;80H [24;1H   Data Size:    2627208 Bytes = 2.5 MiB
[23;80H [24;1H   Load Address: c0008000
[23;80H [24;1H   Entry Point:  c0008000
[23;80H [24;1H   Verifying Checksum ... OK
[23;80H [24;1H   Loading Kernel Image ... OK
[23;80H [24;1HOK
[23;80H [24;1H
[23;80H [24;1HStarting kernel ...
[23;80H [24;1H
[23;80H [24;1HLinux version 2.6.37 