
[!p[?3;4l[4l>[0m(B[?1h=[H[2J[?12l[?25h
Welcome to minicom 2.7

OPTIONS: I18n 
Compiled on Jan  1 2014, 17:13:19.
Port /dev/ttyUSB1, 15:19:20

Press CTRL-A Z for help on special keys


root@dm814x:~# 

root@dm814x:~# /opt/dvr_rdk/ti814x/read_db
/opt/dvr_rdk/ti814x/read_db
[xz_db_read]-695: ----DB_KEYID_ENC_VENC_PARAM-----
[xz_db_read]-696: xz_enc_control_param.hdFrameRate = 25
[xz_db_read]-697: xz_enc_control_param.hdRcAlg = 1
[xz_db_read]-698: xz_enc_control_param.hdBitRate = 2560
[xz_db_read]-699: xz_enc_control_param.hdFrameCycle = 10
[xz_db_read]-700: xz_enc_control_param.sdFrameRate = 25
[xz_db_read]-701: xz_enc_control_param.sdRcAlg = 1
[xz_db_read]-702: xz_enc_control_param.sdBitRate = 1024
[xz_db_read]-703: xz_enc_control_param.sdFrameCycle = 10
[xz_db_read]-714: ----DB_KEYID_ENC_IMAGE_SIZE_PARAM-----
[xz_db_read]-715: image_size_type = 0
[xz_db_read]-728: ----DB_KEYID_ENC_WAC_PARAM-----
[23;80H [24;1H[xz_db_read]-729: enc_wac_param.wac_type = 1
[23;80H [24;1H[xz_db_read]-730: enc_wac_param.wac_ip = 192.168.1.63
[23;80H [24;1H[xz_db_read]-731: enc_wac_param.port = 554
[23;80H [24;1H[xz_db_read]-732: enc_wac_param.username = admin
[23;80H [24;1H[xz_db_read]-733: enc_wac_param.passwd = admin12345
[23;80H [24;1H[xz_db_read]-745: ----DB_KEYID_ENC_ALG_AREA_PARAM-----
[23;80H [24;1H[xz_db_read]-746: xz_min_max_area_rect.base_h = 468
[23;80H [24;1H[xz_db_read]-747: xz_min_max_area_rect.base_w = 832
[23;80H [24;1H[xz_db_read]-748: xz_min_max_area_rect.max_h = 70
[23;80H [24;1H[xz_db_read]-749: xz_min_max_area_rect.max_w = 50
[23;80H [24;1H[xz_db_read]-750: xz_min_max_area_rect.max_x = 391
[23;80H [24;1H[xz_db_read]-751: xz_min_max_area_rect.max_y = 199
[23;80H [24;1H[xz_db_read]-752: xz_min_max_area_rect.min_h = 7
[23;80H [24;1H[xz_db_read]-753: xz_min_max_area_rect.min_w = 5
[23;80H [24;1H[xz_db_read]-754: xz_min_max_area_rect.min_x = 414
[23;80H [24;1H[xz_db_read]-755: xz_min_max_area_rect.min_y = 231
[23;80H [24;1H[xz_db_read]-767: ----DB_KEYID_ENC_WAC_ALG_PARAM-----
[23;80H [24;1H[xz_db_read]-768: xz_mot_control_param.learning_rate_time = 2.000000
[23;80H [24;1H[xz_db_read]-769: xz_mot_control_param.morph_x = 5
[23;80H [24;1H[xz_db_read]-770: xz_mot_control_param.morph_y = 7
[23;80H [24;1H[xz_db_read]-771: xz_mot_control_param.min_area = 30
[23;80H [24;1H[xz_db_read]-772: xz_mot_control_param.dilate_y = 1.000000
[23;80H [24;1H[xz_db_read]-773: xz_mot_control_param.init_to_normal_distance = 0.500000
[23;80H [24;1H[xz_db_read]-774: xz_mot_control_param.init_to_normal_ratio = 0.500000
[23;80H [24;1H[xz_db_read]-775: xz_mot_control_param.lost_to_delete_time = 3.000000
[23;80H [24;1H[xz_db_read]-776: xz_mot_control_param.size_update_time = 3.000000
[23;80H [24;1H[xz_db_read]-777: xz_mot_control_param.steady_still_gost_time = 2.000000
[23;80H [24;1H[xz_db_read]-778: xz_mot_control_param.short_manual_mode_flag = 1
[23;80H [24;1H[xz_db_read]-779: xz_mot_control_param.short_manual_mode_time = 5.000000
[23;80H [24;1H[xz_db_read]-780: xz_mot_control_param.ptz_kn = 7
[23;80H [24;1H[xz_db_read]-781: xz_mot_control_param.ptz_control_order = 0
[23;80H [24;1H[xz_db_read]-782: xz_mot_control_param.tracking_obj_min_time = 3.000000
[23;80H [24;1H[xz_db_read]-783: xz_mot_control_param.tracking_obj_max_time = 6.000000
[23;80H [24;1H[xz_db_read]-785: xz_mot_control_param.focus_offset_x = 0.500000
[23;80H [24;1H[xz_db_read]-786: xz_mot_control_param.focus_offset_y = 0.200000
[23;80H [24;1H[xz_db_read]-787: xz_mot_control_param.track_st_roi_level_priority = 0
[23;80H [24;1H[xz_db_read]-788: xz_mot_control_param.track_st_focus_time_priority = 1
[23;80H [24;1H[xz_db_read]-789: xz_mot_control_param.track_st_move_direction_priority = 2
[23;80H [24;1H[xz_db_read]-790: xz_mot_control_param.base_angle = 270
[23;80H [24;1H[xz_db_read]-791: xz_mot_control_param.offset_angle = 60
[23;80H [24;1H[xz_db_read]-805: ----DB_KEYID_ENC_ALG_ROI_1_PARAM-----
[23;80H [24;1H[xz_db_read]-806: xz_mot_roi_mask.levelId = 0
[23;80H [24;1H[xz_db_read]-807: xz_mot_roi_mask.roilen = 73
[23;80H [24;1H[xz_db_read]-819: ----DB_KEYID_ENC_ALG_ROI_2_PARAM-----
[23;80H [24;1H[xz_db_read]-820: xz_mot_roi_mask.levelId = 1
[23;80H [24;1H[xz_db_read]-821: xz_mot_roi_mask.roilen = 70
[23;80H [24;1H[xz_db_read]-834: ----DB_KEYID_ENC_ALG_ROI_3_PARAM-----
[23;80H [24;1H[xz_db_read]-835: xz_mot_roi_mask.levelId = 2
[23;80H [24;1H[xz_db_read]-836: xz_mot_roi_mask.levelId = 70
[23;80H [24;1H[xz_db_read]-849: ----DB_KEYID_ENC_ALG_TRIPWIRE_PARAM-----
[23;80H [24;1H[xz_db_read]-850: xz_alg_tripwire_control_param.trip_wire_num = 0
[23;80H [24;1H[xz_db_read]-863: ----DB_KEYID_ENC_WAC_OSD_PARAM-----
[23;80H [24;1H[xz_db_read]-864: xz_wac_osd_control_param.wac_station_id_flag = 1
[23;80H [24;1H[xz_db_read]-865: xz_wac_osd_control_param.wac_date_time_flag = 1
[23;80H [24;1H[xz_db_read]-866: xz_wac_osd_control_param.target_rect_flag = 0
[23;80H [24;1H[xz_db_read]-867: xz_wac_osd_control_param.target_id_flag = 0
[23;80H [24;1H[xz_db_read]-868: xz_wac_osd_control_param.tracked_rect_cross_flag = 0
[23;80H [24;1H[xz_db_read]-869: xz_wac_osd_control_param.trip_line_flag = 0
[23;80H [24;1H[xz_db_read]-870: xz_wac_osd_control_param.roi_alarm_flag[0] = 0
[23;80H [24;1H[xz_db_read]-871: xz_wac_osd_control_param.roi_alarm_flag[1] = 0
[23;80H [24;1H[xz_db_read]-872: xz_wac_osd_control_param.roi_alarm_flag[2] = 0
[23;80H [24;1H[xz_db_read]-873: xz_wac_osd_control_param.trip_alarm_flag = 0
[23;80H [24;1H[xz_db_read]-874: xz_wac_osd_control_param.auto_calibration_flag = 0
[23;80H [24;1H[xz_db_read]-888: ----DB_KEYID_ENC_PTZ_OSD_PARAM-----
[23;80H [24;1H[xz_db_read]-889: xz_ptz_osd_control_param.ptz_center_cross_flag = 0
[23;80H [24;1H[xz_db_read]-890: xz_ptz_osd_control_param.ptz_date_time_flag = 0
[23;80H [24;1H[xz_db_read]-891: xz_ptz_osd_control_param.ptz_station_id_flag = 0
[23;80H [24;1H[xz_db_read]-904: ----DB_KEYID_ENC_WAC_STATIONNAME_MASK_PARAM-----
[23;80H [24;1H[xz_db_read]-905: xz_osd_mask_control_param.width = 386
[23;80H [24;1H[xz_db_read]-906: xz_osd_mask_control_param.height = 20
[23;80H [24;1H[xz_db_read]-921: ----DB_KEYID_ENC_WAC_ROI1_MASK_PARAM-----
[23;80H [24;1H[xz_db_read]-922: xz_osd_mask_control_param.width = 0
[23;80H [24;1H[xz_db_read]-923: xz_osd_mask_control_param.height = 0
[23;80H [24;1H[xz_db_read]-936: ----DB_KEYID_ENC_WAC_ROI2_MASK_PARAM-----
[23;80H [24;1H[xz_db_read]-937: xz_osd_mask_control_param.width = 0
[23;80H [24;1H[xz_db_read]-938: xz_osd_mask_control_param.height = 0
[23;80H [24;1H[xz_db_read]-951: ----DB_KEYID_ENC_WAC_ROI3_MASK_PARAM-----
[23;80H [24;1H[xz_db_read]-952: xz_osd_mask_control_param.width = 0
[23;80H [24;1H[xz_db_read]-953: xz_osd_mask_control_param.height = 0
[23;80H [24;1H[xz_db_read]-965: ----DB_KEYID_ENC_MOT_STATUS-----
[23;80H [24;1H[xz_db_read]-966: level = 1
[23;80H [24;1H[xz_db_read]-979: ----DB_KEYID_CRUISE_PARAM-----
[23;80H [24;1H[xz_db_read]-980: cruise_data.cruise_mode: 0
[23;80H [24;1H[xz_db_read]-981: cruise_data.valide_num: 0
[23;80H [24;1H[xz_db_read]-982: cruise_data.cruise_delay_time: 3
[23;80H [24;1H[xz_db_read]-999: ----DB_KEYID_CRUISE_LINE_PARAM-----
[23;80H [24;1H[xz_db_read]-1000: cruise_data.cruise_mode: 0
[23;80H [24;1H[xz_db_read]-1001: cruise_data.valide_num: 0
[23;80H [24;1H[xz_db_read]-1002: cruise_data.cruise_delay_time: 3
[23;80H [24;1H[xz_db_read]-1022: ----DB_KEYID_PTZ_PROTOCOL-----
[23;80H [24;1H[xz_db_read]-1023: xz_ptz_protocol = 0
[23;80H [24;1H[xz_db_read]-1035: ----DB_KEYID_PTZ_SCALING_DATA-----
[23;80H [24;1H[xz_db_read]-1036: scaling_data_t.b11= 1.000000
[23;80H [24;1H[xz_db_read]-1037: scaling_data_t.b12= 1.100000
[23;80H [24;1H[xz_db_read]-1038: scaling_data_t.b21= 1.200000
[23;80H [24;1H[xz_db_read]-1039: scaling_data_t.b22= 1.300000
[23;80H [24;1H[xz_db_read]-1040: scaling_data_t.b31= 1.400000
[23;80H [24;1H[xz_db_read]-1041: scaling_data_t.b32= 1.500000
[23;80H [24;1H[xz_db_read]-1042: scaling_data_t.c1= 1.600000
[23;80H [24;1H[xz_db_read]-1043: scaling_data_t.c2= 1.700000
[23;80H [24;1H[xz_db_read]-1044: scaling_data_t.c3= 1.800000
[23;80H [24;1H[xz_db_read]-1045: scaling_data_t.ptz_theta1= 0.000000
[23;80H [24;1H[xz_db_read]-1046: scaling_data_t.ptz_theta2= 0.000000
[23;80H [24;1H[xz_db_read]-1058: ----DB_KEYID_PTZ_SET_GUARD_POINT-----
[23;80H [24;1H[xz_db_read]-1059: xz_guard_point.azStep= 0
[23;80H [24;1H[xz_db_read]-1060: xz_guard_point.bEnable = 0
[23;80H [24;1H[xz_db_read]-1061: xz_guard_point.dbTimeout= 0
[23;80H [24;1H[xz_db_read]-1062: xz_guard_point.elStep= 0
[23;80H [24;1H[xz_db_read]-1063: xz_guard_point.wZoom= 0
[23;80H [24;1H[xz_db_read]-1074: ----DB_KEYID_WAC_PROTOCOL-----
[23;80H [24;1H[xz_db_read]-1075: xz_wac_protocol= 0
[23;80H [24;1H[xz_db_read]-1086: ----DB_KEYID_PTZ_MODE-----
[23;80H [24;1H[xz_db_read]-1087: xz_ptz_mode= 1
[23;80H [24;1H[xz_db_read]-1099: ----DB_KEYID_PTZ_DEV-----
[23;80H [24;1H[xz_db_read]-1100: ptz_dev_info.model= 3
[23;80H [24;1H[xz_db_read]-1101: ptz_dev_info.username= admin
[23;80H [24;1H[xz_db_read]-1102: ptz_dev_info.password= admin12345
[23;80H [24;1H[xz_db_read]-1114: ----DB_KEYID_PTZ_ZOOM_HEIGHT-----
[23;80H [24;1H[xz_db_read]-1115: ptz_zoom_height.zoomfactor= 1.000000
[23;80H [24;1H[xz_db_read]-1116: ptz_zoom_height.height= 6.000000
[23;80H [24;1H[xz_db_read]-1117: ptz_zoom_height.zoom_max= 20
[23;80H [24;1H[xz_db_read]-1118: ptz_zoom_height.zoom_min= 1
[23;80H [24;1H[xz_db_read]-1130: ----DB_KEYID_PTZ_CAMERA_FOCUS_MODE-----
[23;80H [24;1H[xz_db_read]-1131: ptz_camera_focus_mode= 0
[23;80H [24;1H[xz_db_read]-1142: ----DB_KEYID_PTZ_CORRECT_FOCUS-----
[23;80H [24;1H46 -53 40 35 -165 -178 -127 -87 -85 -71 -61 -47 -75 -45 9 3 31 -44 78 126 
[23;80H [24;1H46 -26 -39 127 -162 -100 -130 -121 -109 -75 -98 -63 -80 -85 34 78 68 46 50 81 
[23;80H [24;1H46 -53 0 48 -105 -125 -171 -23 -104 -51 -79 16 21 -30 37 54 45 38 57 68 
[23;80H [24;1H107.795120 45.590794 29.711166 
[23;80H [24;1H[xz_db_read]-1163: ----DB_KEYID_PTZ_COORDINATE-----
[23;80H [24;1H320.000000 90.000000 320.000000 180.000000 320.000000 270.000000 
[23;80H [24;1H[xz_db_read]-1179: ----DB_KEYID_PTZ_NET-----
[23;80H [24;1H[xz_db_read]-1180: ptz_net.ipAddress= 192.168.1.64
[23;80H [24;1H[xz_db_read]-1181: ptz_net.tcpPort= 8000
[23;80H [24;1H[xz_db_read]-1192: ----DB_KEYID_ENC_ALARM_PARAM-----
[23;80H [24;1H[xz_db_read]-1193: xz_alarm_param.alarm_bell_enable= 0
[23;80H [24;1H[xz_db_read]-1194: xz_alarm_param.roi_1_enable= 0
[23;80H [24;1H[xz_db_read]-1195: xz_alarm_param.roi_2_enable= 0
[23;80H [24;1H[xz_db_read]-1196: xz_alarm_param.roi_3_enable= 0
[23;80H [24;1H[xz_db_read]-1197: xz_alarm_param.trip_ware_enalbe= 0
[23;80H [24;1H[xz_db_read]-1198: xz_alarm_param.time_interval= 0
[23;80H [24;1H[xz_db_read]-1201: xz_alarm_param.schedule[0]
[23;80H [24;1H[xz_db_read]-1202: xz_alarm_param.schedule[0].valide_num= 0
[23;80H [24;1H[xz_db_read]-1203: xz_alarm_param.schedule[0].start_hour= -1097934736
[23;80H [24;1H[xz_db_read]-1204: xz_alarm_param.schedule[0].end_hour= -1097934672
[23;80H [24;1H[xz_db_read]-1205: xz_alarm_param.schedule[0].start_mins= -1097934704
[23;80H [24;1H[xz_db_read]-1206: xz_alarm_param.schedule[0].end_mins= -1097934640
[23;80H [24;1H[xz_db_read]-1201: xz_alarm_param.schedule[1]
[23;80H [24;1H[xz_db_read]-1202: xz_alarm_param.schedule[1].valide_num= 0
[23;80H [24;1H[xz_db_read]-1203: xz_alarm_param.schedule[1].start_hour= -1097934604
[23;80H [24;1H[xz_db_read]-1204: xz_alarm_param.schedule[1].end_hour= -1097934540
[23;80H [24;1H[xz_db_read]-1205: xz_alarm_param.schedule[1].start_mins= -1097934572
[23;80H [24;1H[xz_db_read]-1206: xz_alarm_param.schedule[1].end_mins= -1097934508
[23;80H [24;1H[xz_db_read]-1201: xz_alarm_param.schedule[2]
[23;80H [24;1H[xz_db_read]-1202: xz_alarm_param.schedule[2].valide_num= 0
[23;80H [24;1H[xz_db_read]-1203: xz_alarm_param.schedule[2].start_hour= -1097934472
[23;80H [24;1H[xz_db_read]-1204: xz_alarm_param.schedule[2].end_hour= -1097934408
[23;80H [24;1H[xz_db_read]-1205: xz_alarm_param.schedule[2].start_mins= -1097934440
[23;80H [24;1H[xz_db_read]-1206: xz_alarm_param.schedule[2].end_mins= -1097934376
[23;80H [24;1H[xz_db_read]-1201: xz_alarm_param.schedule[3]
[23;80H [24;1H[xz_db_read]-1202: xz_alarm_param.schedule[3].valide_num= 0
[23;80H [24;1H[xz_db_read]-1203: xz_alarm_param.schedule[3].start_hour= -1097934340
[23;80H [24;1H[xz_db_read]-1204: xz_alarm_param.schedule[3].end_hour= -1097934276
[23;80H [24;1H[xz_db_read]-1205: xz_alarm_param.schedule[3].start_mins= -1097934308
[23;80H [24;1H[xz_db_read]-1206: xz_alarm_param.schedule[3].end_mins= -1097934244
[23;80H [24;1H[xz_db_read]-1201: xz_alarm_param.schedule[4]
[23;80H [24;1H[xz_db_read]-1202: xz_alarm_param.schedule[4].valide_num= 0
[23;80H [24;1H[xz_db_read]-1203: xz_alarm_param.schedule[4].start_hour= -1097934208
[23;80H [24;1H[xz_db_read]-1204: xz_alarm_param.schedule[4].end_hour= -1097934144
[23;80H [24;1H[xz_db_read]-1205: xz_alarm_param.schedule[4].start_mins= -1097934176
[23;80H [24;1H[xz_db_read]-1206: xz_alarm_param.schedule[4].end_mins= -1097934112
[23;80H [24;1H[xz_db_read]-1201: xz_alarm_param.schedule[5]
[23;80H [24;1H[xz_db_read]-1202: xz_alarm_param.schedule[5].valide_num= 0
[23;80H [24;1H[xz_db_read]-1203: xz_alarm_param.schedule[5].start_hour= -1097934076
[23;80H [24;1H[xz_db_read]-1204: xz_alarm_param.schedule[5].end_hour= -1097934012
[23;80H [24;1H[xz_db_read]-1205: xz_alarm_param.schedule[5].start_mins= -1097934044
[23;80H [24;1H[xz_db_read]-1206: xz_alarm_param.schedule[5].end_mins= -1097933980
[23;80H [24;1H[xz_db_read]-1201: xz_alarm_param.schedule[6]
[23;80H [24;1H[xz_db_read]-1202: xz_alarm_param.schedule[6].valide_num= 0
[23;80H [24;1H[xz_db_read]-1203: xz_alarm_param.schedule[6].start_hour= -1097933944
[23;80H [24;1H[xz_db_read]-1204: xz_alarm_param.schedule[6].end_hour= -1097933880
[23;80H [24;1H[xz_db_read]-1205: xz_alarm_param.schedule[6].start_mins= -1097933912
[23;80H [24;1H[xz_db_read]-1206: xz_alarm_param.schedule[6].end_mins= -1097933848
[23;80H [24;1H[xz_db_read]-1220: ----DB_KEYID_WEB_USER_INFO-----
[23;80H [24;1H[xz_db_read]-1221: web_user.username= admin
[23;80H [24;1H[xz_db_read]-1222: web_user.password= admin
[23;80H [24;1H[xz_db_read]-1233: ----DB_KEYID_CLEINT_SUPER_USER_INFO-----
[23;80H [24;1H[xz_db_read]-1234: client_admin.username= super
[23;80H [24;1H[xz_db_read]-1235: client_admin.password= super
[23;80H [24;1H[xz_db_read]-1246: ----DB_KEYID_CLEINT_ADMIN_USER_INFO-----
[23;80H [24;1H[xz_db_read]-1247: client_admin.username= admin
[23;80H [24;1H[xz_db_read]-1248: client_admin.password= admin
[23;80H [24;1H[xz_db_read]-1259: ----DB_KEYID_CLEINT_GUEST_USER_INFO-----
[23;80H [24;1H[xz_db_read]-1260: client_gust.username= guest
[23;80H [24;1H[xz_db_read]-1261: client_gust.password= guest
[23;80H [24;1H[xz_db_read]-1274: ----DB_KEYID_NET_WAC_NET_PARAM-----
[23;80H [24;1H[xz_db_read]-1275: netGet.ethNum = 0
[23;80H [24;1H[xz_db_read]-1276: netGet.ipAddress = 192.168.1.199
[23;80H [24;1H[xz_db_read]-1277: netGet.subnetMask = 255.255.0.0
[23;80H [24;1H[xz_db_read]-1278: netGet.gateway = 192.168.1.1
[23;80H [24;1H[xz_db_read]-1279: netGet.dns = 
[23;80H [24;1H[xz_db_read]-1280: netGet.alternateDNS = 
[23;80H [24;1H[xz_db_read]-1281: netGet.dhcpEnebledFlag = 0
[23;80H [24;1H[xz_db_read]-1282: netGet.macAddress = D0:B5:C2:3E:D0:60
[23;80H [24;1H[xz_db_read]-1283: netGet.tcpPort = 6010
[23;80H [24;1H[xz_db_read]-1284: netGet.webPort = 80
[23;80H [24;1H[xz_db_read]-1294: ----DB_KEYID_NET_SERIAL_MESSAGE-----
[23;80H [24;1H[xz_db_read]-1295: authorizeBuf: 
[23;80H [24;1H[xz_db_read]-1306: ----DB_KEYID_NET_WAC_RTSP_PARAM-----
[23;80H [24;1H[xz_db_read]-1307: rtspInfo.rtspEnabledFlag = 0
[23;80H [24;1H[xz_db_read]-1308: rtspInfo.userAuthenticationFlag = 0
[23;80H [24;1H[xz_db_read]-1309: rtspInfo.hdport = 8551
[23;80H [24;1H[xz_db_read]-1310: rtspInfo.sdport = 8552
[23;80H [24;1H[xz_db_read]-1321: ----DB_KEYID_NET_WAC_28181_PARAM-----
[23;80H [24;1H[xz_db_read]-1322: xz_gbt28181_param.enabledFlag = 0
[23;80H [24;1H[xz_db_read]-1323: xz_gbt28181_param.heartCycle = 60
[23;80H [24;1H[xz_db_read]-1324: xz_gbt28181_param.heartTimeoutCountMax = 5
[23;80H [24;1H[xz_db_read]-1325: xz_gbt28181_param.localSIPPort = 5070
[23;80H [24;1H[xz_db_read]-1326: xz_gbt28181_param.regValidPeriod = 3600
[23;80H [24;1H[xz_db_read]-1327: xz_gbt28181_param.sipName = 34020000001320000001
[23;80H [24;1H[xz_db_read]-1328: xz_gbt28181_param.sipServerDomain = 3402000000
[23;80H [24;1H[xz_db_read]-1329: xz_gbt28181_param.sipServerId = 34020000002000000001
[23;80H [24;1H[xz_db_read]-1330: xz_gbt28181_param.sipServerIP = 192.168.1.11
[23;80H [24;1H[xz_db_read]-1331: xz_gbt28181_param.sipServerPort = 5060
[23;80H [24;1H[xz_db_read]-1332: xz_gbt28181_param.sipVerifyID = 34020000001320000001
[23;80H [24;1H[xz_db_read]-1333: xz_gbt28181_param.sipVerifyPwd = 1234567
[23;80H [24;1H[xz_db_read]-1334: xz_gbt28181_param.streamIndex = 0
[23;80H [24;1H[xz_db_read]-1335: xz_gbt28181_param.viewCodeID = 34020000001320000001
[23;80H [24;1H[xz_db_read]-1348: ----DB_KEYID_DEV_CFG_DEV_PARAM-----
[23;80H [24;1H[xz_db_read]-1349: devInfo.serialNum= 45d58e9990fbba71ce1e9d39ee27a546
[23;80H [24;1H[xz_db_read]-1350: devInfo.type= XIN300-D00
[23;80H [24;1H[xz_db_read]-1351: devInfo.softwareVersion= 1.1.302.170104_Beta
[23;80H [24;1H[xz_db_read]-1352: devInfo.connectNum= 0
[23;80H [24;1H[xz_db_read]-1364: ----DB_KEYID_TIMESYNC_PARAM-----
[23;80H [24;1H[xz_db_read]-1365: tmsyncInfo.type = 0
[23;80H [24;1H[xz_db_read]-1366: tmsyncInfo.NTPAddress = 
[23;80H [24;1H[xz_db_read]-1367: tmsyncInfo.NTPPort = 0
[23;80H [24;1H[xz_db_read]-1368: tmsyncInfo.timeInterval  = 0
[23;80H [24;1H[xz_db_read]-1379: ----DB_KEYID_LOG_LEVEL-----
[23;80H [24;1H[xz_db_read]-1380: level = 1
[23;80H [24;1H[xz_db_read]-1390: ----DB_KEYID_SYSTEM_RUNTIME-----
[23;80H [24;1H[xz_db_read]-1391: runtime = 0
[23;80H [24;1H[xz_db_read]-1404: ----DB_KEYID_MEDIA_LIMIT-----
[23;80H [24;1H[xz_db_read]-1405: MEDIA_LIMIT = 1
[23;80H [24;1Hroot@dm814x:~# 