
[!p[?3;4l[4l>[0m(B[?1h=[H[2J[?12l[?25h
Welcome to minicom 2.7

OPTIONS: I18n 
Compiled on Jan  1 2014, 17:13:19.
Port /dev/ttyUSB1, 14:09:04

Press CTRL-A Z for help on special keys


root@dm814x:~# 

root@dm814x:~#
 [system_monitor_check_port]-408: system_monitor_check_port
[system_monitor_check_sdk_port]-311: system_monitor_check_sdk_port
[system_monitor_check_sdk_port]-319: netGet.tcpPort:6010
[tcp_do_one]-489: check port:6010 rxq+txq:0
[system_monitor_check_stream_port]-276: system_monitor_check_stream_port
[tcp_do_one]-489: check port:6000 rxq+txq:0
[system_monitor_check_alarm_port]-353: system_monitor_check_alarm_port
[tcp_do_one]-489: check port:6015 rxq+txq:0
[web_msg_module_session]-979: msgnum = 1192
[web_msg_module_session]-980: src = 1590
[web_msg_module_session]-981: cmd = 0
[web_msg_module_session]-979: msgnum = 1193
[web_msg_module_session]-980: src = 1591
[23;80H [24;1H[web_msg_module_session]-981: cmd = 12
[23;80H [24;1H[web_msg_module_session]-1451: Get message WACNETGET
[23;80H [24;1H[xz_get_net_param]-2091: --------------------xz_get_net_param------------------[24;80H[24;80H[24;80H[24;80H[24;80H[24;80H[24;80H[24;80H[24;80H[24;80H[24;80H[24;80H[24;80H[24;80H[24;80H[24;80H[24;80H[24;80H[24;80H
[23;80H-[24;1H[xz_get_net_cfg_param]-372: ethNum = 0
[23;80H [24;1H[xz_get_net_cfg_param]-373: ipAddress = 192.168.1.180
[23;80H [24;1H[xz_get_net_cfg_param]-374: subnetMask = 255.255.255.0
[23;80H [24;1H[xz_get_net_cfg_param]-375: gateway = 192.168.1.9
[23;80H [24;1H[xz_get_net_cfg_param]-376: dns = 
[23;80H [24;1H[xz_get_net_cfg_param]-377: alternateDNS = 
[23;80H [24;1H[xz_get_net_cfg_param]-378: dhcpEnebledFlag = 0
[23;80H [24;1H[xz_get_net_cfg_param]-379: macAddress = A0:F6:FD:A2:26:12
[23;80H [24;1H[xz_get_net_cfg_param]-380: tcpPort = 6010
[23;80H [24;1H[xz_get_net_cfg_param]-381: webPort = 80
[23;80H [24;1H[web_msg_module_session]-979: msgnum = 1194
[23;80H [24;1H[web_msg_module_session]-980: src = 1591
[23;80H [24;1H[web_msg_module_session]-981: cmd = 34
[23;80H [24;1H[web_msg_module_session]-1649: Get message PTZNETGET
[23;80H [24;1H[web_msg_module_session]-1663: ipAddress = 192.168.1.185
[23;80H [24;1H[web_msg_module_session]-1664: tcpPort = 8000
[23;80H [24;1H[web_msg_module_session]-979: msgnum = 1195
[23;80H [24;1H[web_msg_module_session]-980: src = 1591
[23;80H [24;1H[web_msg_module_session]-981: cmd = 30
[23;80H [24;1H[web_msg_module_session]-1609: Get message PTZDEVICEGET
[23;80H [24;1H[web_msg_module_session]-979: msgnum = 1196
[23;80H [24;1H[web_msg_module_session]-980: src = 1591
[23;80H [24;1H[web_msg_module_session]-981: cmd = 8
[23;80H [24;1H[web_msg_module_session]-1398: Get message WACDEVICEGET
[23;80H [24;1H[cmd_read]-219: Read from rs232 timeout.
[23;80H [24;1H[xz_get_dev_info]-1885: connectNum = 2
[23;80H [24;1H[xz_get_dev_info]-1886: version = 1.1.310.170310_Beta
[23;80H [24;1H[xz_get_dev_info]-1887: type = XIN300-D00
[23;80H [24;1H[xz_get_dev_info]-1888: serialNum = 4677c7a97eb9da583fb02d9a8d89b903
[23;80H [24;1H[xz_get_dev_info]-1889: devGet.day = 1
[23;80H [24;1H[xz_get_dev_info]-1890: devGet.hour = 1
[23;80H [24;1H[xz_get_dev_info]-1891: devGet.minute = 5
[23;80H [24;1H[xz_sdk_thread]-574: xz_sdk_thread, 574 
[23;80H [24;1H[xz_sdk_thread]-600: xz_sdk_thread, 600 
[23;80H [24;1H[xz_sdk_client_process]-117: xz_sdk_client_process, 117 
[23;80H [24;1H[xz_net_msg_process]-2262: xz_net_msg_process: msg_type[f], id[2b]
[23;80H [24;1H[xz_parse_msg_from_net]-1277: xz_parse_msg_from_net,1277
[23;80H [24;1H[xz_net_msg_process]-2810: xz_parse_msg_from_net = 0
[23;80H [24;1H
[23;80H [24;1Hroot@dm814x:~# 
[xz_sdk_client_process]-410: exit sdk client server ip:192.168.1[24;80H[24;80H[24;80H[24;80H[24;80H[24;80H[24;80H[24;80H[24;80H[24;80H[24;80H[24;80H[24;80H[24;80H[24;80H[24;80H
[23;80H1[24;1H[web_msg_module_session]-979: msgnum = 1197
[23;80H [24;1H[web_msg_module_session]-980: src = 1593
[23;80H [24;1H[web_msg_module_session]-981: cmd = 0
[23;80H [24;1H[web_msg_module_session]-979: msgnum = 1198
[23;80H [24;1H[web_msg_module_session]-980: src = 1594
[23;80H [24;1H[web_msg_module_session]-981: cmd = 12
[23;80H [24;1H[web_msg_module_session]-1451: Get message WACNETGET
[23;80H [24;1H[xz_get_net_param]-2091: --------------------xz_get_net_param------------------[24;80H[24;80H[24;80H[24;80H[24;80H[24;80H[24;80H[24;80H[24;80H[24;80H[24;80H[24;80H[24;80H[24;80H[24;80H[24;80H[24;80H[24;80H[24;80H
[23;80H-[24;1H[xz_get_net_cfg_param]-372: ethNum = 0
[23;80H [24;1H[xz_get_net_cfg_param]-373: ipAddress = 192.168.1.180
[23;80H [24;1H[xz_get_net_cfg_param]-374: subnetMask = 255.255.255.0
[23;80H [24;1H[xz_get_net_cfg_param]-375: gateway = 192.168.1.9
[23;80H [24;1H[xz_get_net_cfg_param]-376: dns = 
[23;80H [24;1H[xz_get_net_cfg_param]-377: alternateDNS = 
[23;80H [24;1H[xz_get_net_cfg_param]-378: dhcpEnebledFlag = 0
[23;80H [24;1H[xz_get_net_cfg_param]-379: macAddress = A0:F6:FD:A2:26:12
[23;80H [24;1H[xz_get_net_cfg_param]-380: tcpPort = 6010
[23;80H [24;1H[xz_get_net_cfg_param]-381: webPort = 80
[23;80H [24;1H[web_msg_module_session]-979: msgnum = 1199
[23;80H [24;1H[web_msg_module_session]-980: src = 1594
[23;80H [24;1H[web_msg_module_session]-981: cmd = 34
[23;80H [24;1H[web_msg_module_session]-1649: Get message PTZNETGET
[23;80H [24;1H[web_msg_module_session]-1663: ipAddress = 192.168.1.185
[23;80H [24;1H[web_msg_module_session]-1664: tcpPort = 8000
[23;80H [24;1H[web_msg_module_session]-979: msgnum = 1200
[23;80H [24;1H[web_msg_module_session]-980: src = 1594
[23;80H [24;1H[web_msg_module_session]-981: cmd = 30
[23;80H [24;1H[web_msg_module_session]-1609: Get message PTZDEVICEGET
[23;80H [24;1H[web_msg_module_session]-979: msgnum = 1201
[23;80H [24;1H[web_msg_module_session]-980: src = 1594
[23;80H [24;1H[web_msg_module_session]-981: cmd = 8
[23;80H [24;1H[web_msg_module_session]-1398: Get message WACDEVICEGET
[23;80H [24;1H[cmd_read]-219: Read from rs232 timeout.
[23;80H [24;1H[xz_get_dev_info]-1885: connectNum = 2
[23;80H [24;1H[xz_get_dev_info]-1886: version = 1.1.310.170310_Beta
[23;80H [24;1H[xz_get_dev_info]-1887: type = XIN300-D00
[23;80H [24;1H[xz_get_dev_info]-1888: serialNum = 4677c7a97eb9da583fb02d9a8d89b903
[23;80H [24;1H[xz_get_dev_info]-1889: devGet.day = 1
[23;80H [24;1H[xz_get_dev_info]-1890: devGet.hour = 1
[23;80H [24;1H[xz_get_dev_info]-1891: devGet.minute = 5
[23;80H [24;1H[xz_sdk_thread]-574: xz_sdk_thread, 574 
[23;80H [24;1H[xz_sdk_thread]-600: xz_sdk_thread, 600 
[23;80H [24;1H[xz_sdk_client_process]-117: xz_sdk_client_process, 117 
[23;80H [24;1H[xz_net_msg_process]-2262: xz_net_msg_process: msg_type[f], id[2b]
[23;80H [24;1H[xz_parse_msg_from_net]-1277: xz_parse_msg_from_net,1277
[23;80H [24;1H[xz_net_msg_process]-2810: xz_parse_msg_from_net = 0
[23;80H [24;1H
[23;80H [24;1Hroot@dm814x:~# 
[xz_sdk_client_process]-410: exit sdk client server ip:192.168.1[24;80H[24;80H[24;80H[24;80H[24;80H[24;80H[24;80H[24;80H[24;80H[24;80H[24;80H[24;80H[24;80H[24;80H[24;80H[24;80H
[23;80H0[24;1H[web_msg_module_session]-979: msgnum = 1202
[23;80H [24;1H[web_msg_module_session]-980: src = 1595
[23;80H [24;1H[web_msg_module_session]-981: cmd = 0
[23;80H [24;1H[web_msg_module_session]-979: msgnum = 1203
[23;80H [24;1H[web_msg_module_session]-980: src = 1596
[23;80H [24;1H[web_msg_module_session]-981: cmd = 12
[23;80H [24;1H[web_msg_module_session]-1451: Get message WACNETGET
[23;80H [24;1H[xz_get_net_param]-2091: --------------------xz_get_net_param------------------[24;80H[24;80H[24;80H[24;80H[24;80H[24;80H[24;80H[24;80H[24;80H[24;80H[24;80H[24;80H[24;80H[24;80H[24;80H[24;80H[24;80H[24;80H[24;80H
[23;80H-[24;1H[xz_get_net_cfg_param]-372: ethNum = 0
[23;80H [24;1H[xz_get_net_cfg_param]-373: ipAddress = 192.168.1.180
[23;80H [24;1H[xz_get_net_cfg_param]-374: subnetMask = 255.255.255.0
[23;80H [24;1H[xz_get_net_cfg_param]-375: gateway = 192.168.1.9
[23;80H [24;1H[xz_get_net_cfg_param]-376: dns = 
[23;80H [24;1H[xz_get_net_cfg_param]-377: alternateDNS = 
[23;80H [24;1H[xz_get_net_cfg_param]-378: dhcpEnebledFlag = 0
[23;80H [24;1H[xz_get_net_cfg_param]-379: macAddress = A0:F6:FD:A2:26:12
[23;80H [24;1H[xz_get_net_cfg_param]-380: tcpPort = 6010
[23;80H [24;1H[xz_get_net_cfg_param]-381: webPort = 80
[23;80H [24;1H[web_msg_module_session]-979: msgnum = 1204
[23;80H [24;1H[web_msg_module_session]-980: src = 1596
[23;80H [24;1H[web_msg_module_session]-981: cmd = 34
[23;80H [24;1H[web_msg_module_session]-1649: Get message PTZNETGET
[23;80H [24;1H[web_msg_module_session]-1663: ipAddress = 192.168.1.185
[23;80H [24;1H[web_msg_module_session]-1664: tcpPort = 8000
[23;80H [24;1H[web_msg_module_session]-979: msgnum = 1205
[23;80H [24;1H[web_msg_module_session]-980: src = 1596
[23;80H [24;1H[web_msg_module_session]-981: cmd = 30
[23;80H [24;1H[web_msg_module_session]-1609: Get message PTZDEVICEGET
[23;80H [24;1H[web_msg_module_session]-979: msgnum = 1206
[23;80H [24;1H[web_msg_module_session]-980: src = 1596
[23;80H [24;1H[web_msg_module_session]-981: cmd = 8
[23;80H [24;1H[web_msg_module_session]-1398: Get message WACDEVICEGET
[23;80H [24;1H[cmd_read]-219: Read from rs232 timeout.
[23;80H [24;1H[xz_get_dev_info]-1885: connectNum = 2
[23;80H [24;1H[xz_get_dev_info]-1886: version = 1.1.310.170310_Beta
[23;80H [24;1H[xz_get_dev_info]-1887: type = XIN300-D00
[23;80H [24;1H[xz_get_dev_info]-1888: serialNum = 4677c7a97eb9da583fb02d9a8d89b903
[23;80H [24;1H[xz_get_dev_info]-1889: devGet.day = 1
[23;80H [24;1H[xz_get_dev_info]-1890: devGet.hour = 1
[23;80H [24;1H[xz_get_dev_info]-1891: devGet.minute = 5
[23;80H [24;1H[xz_sdk_thread]-574: xz_sdk_thread, 574 
[23;80H [24;1H[xz_sdk_thread]-600: xz_sdk_thread, 600 
[23;80H [24;1H[xz_sdk_client_process]-117: xz_sdk_client_process, 117 
[23;80H [24;1H[xz_net_msg_process]-2262: xz_net_msg_process: msg_type[f], id[2b]
[23;80H [24;1H[xz_parse_msg_from_net]-1277: xz_parse_msg_from_net,1277
[23;80H [24;1H[xz_net_msg_process]-2810: xz_parse_msg_from_net = 0
[23;80H [24;1H
[23;80H [24;1Hroot@dm814x:~# 
[xz_sdk_client_process]-410: exit sdk client server ip:192.168.1[24;80H[24;80H[24;80H[24;80H[24;80H[24;80H[24;80H[24;80H[24;80H[24;80H[24;80H[24;80H[24;80H[24;80H[24;80H[24;80H
[23;80H9[24;1H[web_msg_module_session]-979: msgnum = 1207
[23;80H [24;1H[web_msg_module_session]-980: src = 1598
[23;80H [24;1H[web_msg_module_session]-981: cmd = 0
[23;80H [24;1H[web_msg_module_session]-979: msgnum = 1208
[23;80H [24;1H[web_msg_module_session]-980: src = 1599
[23;80H [24;1H[web_msg_module_session]-981: cmd = 12
[23;80H [24;1H[web_msg_module_session]-1451: Get message WACNETGET
[23;80H [24;1H[xz_get_net_param]-2091: --------------------xz_get_net_param------------------[24;80H[24;80H[24;80H[24;80H[24;80H[24;80H[24;80H[24;80H[24;80H[24;80H[24;80H[24;80H[24;80H[24;80H[24;80H[24;80H[24;80H[24;80H[24;80H
[23;80H-[24;1H[xz_get_net_cfg_param]-372: ethNum = 0
[23;80H [24;1H[xz_get_net_cfg_param]-373: ipAddress = 192.168.1.180
[23;80H [24;1H[xz_get_net_cfg_param]-374: subnetMask = 255.255.255.0
[23;80H [24;1H[xz_get_net_cfg_param]-375: gateway = 192.168.1.9
[23;80H [24;1H[xz_get_net_cfg_param]-376: dns = 
[23;80H [24;1H[xz_get_net_cfg_param]-377: alternateDNS = 
[23;80H [24;1H[xz_get_net_cfg_param]-378: dhcpEnebledFlag = 0
[23;80H [24;1H[xz_get_net_cfg_param]-379: macAddress = A0:F6:FD:A2:26:12
[23;80H [24;1H[xz_get_net_cfg_param]-380: tcpPort = 6010
[23;80H [24;1H[xz_get_net_cfg_param]-381: webPort = 80
[23;80H [24;1H[web_msg_module_session]-979: msgnum = 1209
[23;80H [24;1H[web_msg_module_session]-980: src = 1599
[23;80H [24;1H[web_msg_module_session]-981: cmd = 34
[23;80H [24;1H[web_msg_module_session]-1649: Get message PTZNETGET
[23;80H [24;1H[web_msg_module_session]-1663: ipAddress = 192.168.1.185
[23;80H [24;1H[web_msg_module_session]-1664: tcpPort = 8000
[23;80H [24;1H[web_msg_module_session]-979: msgnum = 1210
[23;80H [24;1H[web_msg_module_session]-980: src = 1599
[23;80H [24;1H[web_msg_module_session]-981: cmd = 30
[23;80H [24;1H[web_msg_module_session]-1609: Get message PTZDEVICEGET
[23;80H [24;1H[web_msg_module_session]-979: msgnum = 1211
[23;80H [24;1H[web_msg_module_session]-980: src = 1599
[23;80H [24;1H[web_msg_module_session]-981: cmd = 8
[23;80H [24;1H[web_msg_module_session]-1398: Get message WACDEVICEGET
[23;80H [24;1H[cmd_read]-219: Read from rs232 timeout.
[23;80H [24;1H[xz_get_dev_info]-1885: connectNum = 2
[23;80H [24;1H[xz_get_dev_info]-1886: version = 1.1.310.170310_Beta
[23;80H [24;1H[xz_get_dev_info]-1887: type = XIN300-D00
[23;80H [24;1H[xz_get_dev_info]-1888: serialNum = 4677c7a97eb9da583fb02d9a8d89b903
[23;80H [24;1H[xz_get_dev_info]-1889: devGet.day = 1
[23;80H [24;1H[xz_get_dev_info]-1890: devGet.hour = 1
[23;80H [24;1H[xz_get_dev_info]-1891: devGet.minute = 6
[23;80H [24;1H[xz_sdk_thread]-574: xz_sdk_thread, 574 
[23;80H [24;1H[xz_sdk_thread]-600: xz_sdk_thread, 600 
[23;80H [24;1H[xz_sdk_client_process]-117: xz_sdk_client_process, 117 
[23;80H [24;1H[xz_net_msg_process]-2262: xz_net_msg_process: msg_type[f], id[2b]
[23;80H [24;1H[xz_parse_msg_from_net]-1277: xz_parse_msg_from_net,1277
[23;80H [24;1H[xz_net_msg_process]-2810: xz_parse_msg_from_net = 0
[23;80H [24;1H
[23;80H [24;1Hroot@dm814x:~# 
[xz_sdk_client_process]-410: exit sdk client server ip:192.168.1[24;80H[24;80H[24;80H[24;80H[24;80H[24;80H[24;80H[24;80H[24;80H[24;80H[24;80H[24;80H[24;80H[24;80H[24;80H[24;80H
[23;80H0[24;1H[web_msg_module_session]-979: msgnum = 1212
[23;80H [24;1H[web_msg_module_session]-980: src = 1601
[23;80H [24;1H[web_msg_module_session]-981: cmd = 0
[23;80H [24;1H[web_msg_module_session]-979: msgnum = 1213
[23;80H [24;1H[web_msg_module_session]-980: src = 1602
[23;80H [24;1H[web_msg_module_session]-981: cmd = 12
[23;80H [24;1H[web_msg_module_session]-1451: Get message WACNETGET
[23;80H [24;1H[xz_get_net_param]-2091: --------------------xz_get_net_param------------------[24;80H[24;80H[24;80H[24;80H[24;80H[24;80H[24;80H[24;80H[24;80H[24;80H[24;80H[24;80H[24;80H[24;80H[24;80H[24;80H[24;80H[24;80H[24;80H
[23;80H-[24;1H[xz_get_net_cfg_param]-372: ethNum = 0
[23;80H [24;1H[xz_get_net_cfg_param]-373: ipAddress = 192.168.1.180
[23;80H [24;1H[xz_get_net_cfg_param]-374: subnetMask = 255.255.255.0
[23;80H [24;1H[xz_get_net_cfg_param]-375: gateway = 192.168.1.9
[23;80H [24;1H[xz_get_net_cfg_param]-376: dns = 
[23;80H [24;1H[xz_get_net_cfg_param]-377: alternateDNS = 
[23;80H [24;1H[xz_get_net_cfg_param]-378: dhcpEnebledFlag = 0
[23;80H [24;1H[xz_get_net_cfg_param]-379: macAddress = A0:F6:FD:A2:26:12
[23;80H [24;1H[xz_get_net_cfg_param]-380: tcpPort = 6010
[23;80H [24;1H[xz_get_net_cfg_param]-381: webPort = 80
[23;80H [24;1H[web_msg_module_session]-979: msgnum = 1214
[23;80H [24;1H[web_msg_module_session]-980: src = 1602
[23;80H [24;1H[web_msg_module_session]-981: cmd = 34
[23;80H [24;1H[web_msg_module_session]-1649: Get message PTZNETGET
[23;80H [24;1H[web_msg_module_session]-1663: ipAddress = 192.168.1.185
[23;80H [24;1H[web_msg_module_session]-1664: tcpPort = 8000
[23;80H [24;1H[web_msg_module_session]-979: msgnum = 1215
[23;80H [24;1H[web_msg_module_session]-980: src = 1602
[23;80H [24;1H[web_msg_module_session]-981: cmd = 30
[23;80H [24;1H[web_msg_module_session]-1609: Get message PTZDEVICEGET
[23;80H [24;1H[web_msg_module_session]-979: msgnum = 1216
[23;80H [24;1H[web_msg_module_session]-980: src = 1602
[23;80H [24;1H[web_msg_module_session]-981: cmd = 8
[23;80H [24;1H[web_msg_module_session]-1398: Get message WACDEVICEGET
[23;80H [24;1H[cmd_read]-219: Read from rs232 timeout.
[23;80H [24;1H[xz_get_dev_info]-1885: connectNum = 2
[23;80H [24;1H[xz_get_dev_info]-1886: version = 1.1.310.170310_Beta
[23;80H [24;1H[xz_get_dev_info]-1887: type = XIN300-D00
[23;80H [24;1H[xz_get_dev_info]-1888: serialNum = 4677c7a97eb9da583fb02d9a8d89b903
[23;80H [24;1H[xz_get_dev_info]-1889: devGet.day = 1
[23;80H [24;1H[xz_get_dev_info]-1890: devGet.hour = 1
[23;80H [24;1H[xz_get_dev_info]-1891: devGet.minute = 6
[23;80H [24;1H[xz_sdk_thread]-574: xz_sdk_thread, 574 
[23;80H [24;1H[xz_sdk_thread]-600: xz_sdk_thread, 600 
[23;80H [24;1H[xz_sdk_client_process]-117: xz_sdk_client_process, 117 
[23;80H [24;1H[xz_net_msg_process]-2262: xz_net_msg_process: msg_type[f], id[2b]
[23;80H [24;1H[xz_parse_msg_from_net]-1277: xz_parse_msg_from_net,1277
[23;80H [24;1H[xz_net_msg_process]-2810: xz_parse_msg_from_net = 0
[23;80H [24;1H
[23;80H [24;1Hroot@dm814x:~# 