
Lockfile is stale. Overriding it..

[!p[?3;4l[4l>[0m(B[?1h=[H[2J[?12l[?25h
Welcome to minicom 2.7

OPTIONS: I18n 
Compiled on Jan  1 2014, 17:13:19.
Port /dev/ttyUSB1, 14:01:04

Press CTRL-A Z for help on special keys


 _____                    _____           _         _   
|  _  |___ ___ ___ ___   |  _  |___ ___  |_|___ ___| |_ 
|     |  _| .'| . | . |  |   __|  _| . | | | -_|  _|  _|
|__|__|_| |__,|_  |___|  |__|  |_| |___|_| |___|___|_|  
              |___|                    |___|            

Arago Project http://arago-project.org dm814x ttyO0

Arago 2012.10 dm814x ttyO0

dm814x login:
 
 _____                    _____           _         _   
|  _  |___ ___ ___ ___   |  _  |___ ___  |_|___ ___| |_ 
|     |  _| .'| . | . |  |   __|  _| . | | | -_|  _|  _|
[23;80H [24;1H|__|__|_| |__,|_  |___|  |__|  |_| |___|_| |___|___|_|  
[23;80H [24;1H              |___|                    |___|            
[23;80H [24;1H
[23;80H [24;1HArago Project http://arago-project.org dm814x ttyO0
[23;80H [24;1H
[23;80H [24;1HArago 2012.10 dm814x ttyO0
[23;80H [24;1H
[23;80H [24;1Hdm814x login:root
 root
[23;80H [24;19HPassword: xzrsP@ssw0rd

[23;80H [24;1Hroot@dm814x:~# 

[23;80H [24;1H
[23;80H [24;1HU-Boot 2010.06 (Mar 27 2017 - 16:31:48)
[23;80H [24;1H
[23;80H [24;1HTI8148-GP rev 1.0
[23;80H [24;1H
[23;80H [24;1HDRAM:  1 GiB
[23;80H [24;1HNAND:  HW ECC BCH8 Selected
[23;80H [24;1H256 MiB
[23;80H [24;1HUsing default environment
[23;80H [24;1H
[23;80H [24;1HThe 2nd stage U-Boot will now be auto-loaded
[23;80H [24;1HPlease do not interrupt the countdown till TI8148_EVM prompt if 2nd stage is al[24;80H[24;80H[24;80H[24;80H[24;80H[24;80H[24;80H[24;80H[24;80H[24;80H[24;80H[24;80H[24;80H
[23;80Hd[24;1HEricDebug uboot WDT timeout is 600 seconds 
[23;80H [24;1HHit any key to stop autoboot:  1  0 
[23;80H [24;1HTI-MIN#