
Lockfile is stale. Overriding it..

[!p[?3;4l[4l>[0m(B[?1h=[H[2J[?12l[?25h
Welcome to minicom 2.7

OPTIONS: I18n 
Compiled on Jan  1 2014, 17:13:19.
Port /dev/ttyUSB1, 10:27:44

Press CTRL-A Z for help on special keys


TI8148_EVM#

TI8148_EVM#reset
reset
resetting ...


U-Boot 2010.06 (Apr 26 2016 - 15:57:57)

TI8148-GP rev 3.0

L3 clk         : 200MHz
IVA clk        : 410MHz
ISS clk        : 480MHz
DSP clk        : 750MHz
DSS clk        : 200MHz
[23;80H [24;1HARM clk        : 720MHz
[23;80H [24;1HDDR clk        : 480MHz
[23;80H [24;1H
[23;80H [24;1H------------ PLL Settings --------------
[23;80H [24;1HOSC_0_FREQ    : 20MHz
[23;80H [24;1H
[23;80H [24;1HMODENA_N      : 1
[23;80H [24;1HMODENA_M      : 72
[23;80H [24;1HMODENA_M2     : 1
[23;80H [24;1H
[23;80H [24;1HL3_N          : 19
[23;80H [24;1HL3_M          : 800
[23;80H [24;1HL3_M2         : 4
[23;80H [24;1H
[23;80H [24;1HDSP_N         : 19
[23;80H [24;1HDSP_M         : 750
[23;80H [24;1HDSP_M2        : 1
[23;80H [24;1H
[23;80H [24;1HDSS_N         : 19
[23;80H [24;1HDSS_M         : 800
[23;80H [24;1HDSS_M2        : 4
[23;80H [24;1H
[23;80H [24;1HIVA_N         : 19
[23;80H [24;1HIVA_M         : 820
[23;80H [24;1HIVA_M2        : 2
[23;80H [24;1H
[23;80H [24;1HISS_N         : 19
[23;80H [24;1HISS_M         : 960
[23;80H [24;1HISS_M2        : 2
[23;80H [24;1H
[23;80H [24;1HUSB_N         : 19
[23;80H [24;1HUSB_M         : 960
[23;80H [24;1HUSB_M2        : 5
[23;80H [24;1H
[23;80H [24;1HDCO_HS2_MIN   : 500
[23;80H [24;1HDCO_HS2_MAX   : 1000
[23;80H [24;1HDCO_HS1_MIN   : 1000
[23;80H [24;1HDCO_HS1_MAX   : 2000
[23;80H [24;1HSELFREQDCO_HS2   : 2049
[23;80H [24;1HSELFREQDCO_HS1   : 4097
[23;80H [24;1H
[23;80H [24;1H--------- DDR PLL ----------
[23;80H [24;1HDDR_N             : 0x13
[23;80H [24;1HDDR_M             : 0x3C0
[23;80H [24;1HDDR_M2            : 0x2
[23;80H [24;1H
[23;80H [24;1H----------EMIF Timings (identical for 0 & 1)-------
[23;80H [24;1HDDR3_EMIF_READ_LATENCY : 0x170209
[23;80H [24;1HDDR3_EMIF_TIM1         : 0xAAAD4DB
[23;80H [24;1HDDR3_EMIF_TIM2         : 0x682F7FDA
[23;80H [24;1HDDR3_EMIF_TIM3         : 0x501F857F
[23;80H [24;1HDDR3_EMIF_REF_CTRL     : 0xC30
[23;80H [24;1HDDR3_EMIF_SDRAM_CONFIG : 0x61C011B2
[23;80H [24;1HDDR3_EMIF_SDRAM_ZQCR   : 0x50074BE1
[23;80H [24;1H
[23;80H [24;1H----------SW LEVEL Info (EMIF 0) -------
[23;80H [24;1HDDR3_PHY_RD_DQS_CS0_BYTE0: 0x00000038
[23;80H [24;1HDDR3_PHY_RD_DQS_CS0_BYTE1: 0x00000037
[23;80H [24;1HDDR3_PHY_RD_DQS_CS0_BYTE2: 0x00000032
[23;80H [24;1HDDR3_PHY_RD_DQS_CS0_BYTE3: 0x00000031
[23;80H [24;1H
[23;80H [24;1HDDR3_PHY_WR_DQS_CS0_BYTE0: 0x00000043
[23;80H [24;1HDDR3_PHY_WR_DQS_CS0_BYTE1: 0x00000044
[23;80H [24;1HDDR3_PHY_WR_DQS_CS0_BYTE2: 0x00000053
[23;80H [24;1HDDR3_PHY_WR_DQS_CS0_BYTE3: 0x00000050
[23;80H [24;1H
[23;80H [24;1HDDR3_PHY_RD_DQS_GATE_CS0_BYTE0: 0x000000E4
[23;80H [24;1HDDR3_PHY_RD_DQS_GATE_CS0_BYTE1: 0x00000111
[23;80H [24;1HDDR3_PHY_RD_DQS_GATE_CS0_BYTE2: 0x00000112
[23;80H [24;1HDDR3_PHY_RD_DQS_GATE_CS0_BYTE3: 0x0000013D
[23;80H [24;1H
[23;80H [24;1HDDR3_PHY_WR_DATA_CS0_BYTE0: 0x00000085
[23;80H [24;1HDDR3_PHY_WR_DATA_CS0_BYTE1: 0x00000083
[23;80H [24;1HDDR3_PHY_WR_DATA_CS0_BYTE2: 0x00000085
[23;80H [24;1HDDR3_PHY_WR_DATA_CS0_BYTE3: 0x0000007F
[23;80H [24;1H
[23;80H [24;1H----------SW LEVEL Info (EMIF 1) -------
[23;80H [24;1HDDR3_PHY_RD_DQS_CS0_BYTE0: 0x0000003A
[23;80H [24;1HDDR3_PHY_RD_DQS_CS0_BYTE1: 0x00000036
[23;80H [24;1HDDR3_PHY_RD_DQS_CS0_BYTE2: 0x00000037
[23;80H [24;1HDDR3_PHY_RD_DQS_CS0_BYTE3: 0x00000033
[23;80H [24;1H
[23;80H [24;1HDDR3_PHY_WR_DQS_CS0_BYTE0: 0x00000049
[23;80H [24;1HDDR3_PHY_WR_DQS_CS0_BYTE1: 0x0000004E
[23;80H [24;1HDDR3_PHY_WR_DQS_CS0_BYTE2: 0x00000054
[23;80H [24;1HDDR3_PHY_WR_DQS_CS0_BYTE3: 0x00000050
[23;80H [24;1H
[23;80H [24;1HDDR3_PHY_RD_DQS_GATE_CS0_BYTE0: 0x000000D3
[23;80H [24;1HDDR3_PHY_RD_DQS_GATE_CS0_BYTE1: 0x000000F7
[23;80H [24;1HDDR3_PHY_RD_DQS_GATE_CS0_BYTE2: 0x00000109
[23;80H [24;1HDDR3_PHY_RD_DQS_GATE_CS0_BYTE3: 0x00000135
[23;80H [24;1H
[23;80H [24;1HDDR3_PHY_WR_DATA_CS0_BYTE0: 0x0000008A
[23;80H [24;1HDDR3_PHY_WR_DATA_CS0_BYTE1: 0x00000080
[23;80H [24;1HDDR3_PHY_WR_DATA_CS0_BYTE2: 0x0000007F
[23;80H [24;1HDDR3_PHY_WR_DATA_CS0_BYTE3: 0x00000085
[23;80H [24;1H
[23;80H [24;1HDRAM:  1 GiB
[23;80H [24;1HNAND:  HW ECC BCH8 Selected
[23;80H [24;1H256 MiB
[23;80H [24;1HUsing default environment
[23;80H [24;1H
[23;80H [24;1HThe 2nd stage U-Boot will now be auto-loaded
[23;80H [24;1HPlease do not interrupt the countdown till TI8148_EVM prompt if 2nd stage is al[24;80H[24;80H[24;80H[24;80H[24;80H[24;80H[24;80H[24;80H[24;80H[24;80H[24;80H[24;80H[24;80H
[23;80Hd[24;1HHit any key to stop autoboot:  3 