
[!p[?3;4l[4l>[0m(B[?1h=[H[2J[?12l[?25h
Welcome to minicom 2.7

OPTIONS: I18n 
Compiled on Jan  1 2014, 17:13:19.
Port /dev/ttyUSB1, 16:01:12

Press CTRL-A Z for help on special keys


root@dm816x:~# reboot
reboot
UBIFS error (pid 92): make_reservation: cannot reserve 58 bytes in jhead 2, erro[12;80Hr[12;80H [12;80H-[12;80H3[12;80H0[12;80H
UBIFS error (pid 92): do_writepage: cannot write page 9 of inode 4957, error -30[13;80H
INIT: INIT: Sending processes the TERM signal
wdg module, UBIFS error (pid 92): make_reservation: cannot reserve 564 bytes in [15;80Hj[15;80Hh[15;80He[15;80Ha[15;80Hd[15;80H [15;80H2[15;80H,[15;80H [15;80He[15;80Hr[15;80Hr[15;80Ho[15;80Hr[15;80H [15;80H-[15;80H3[15;80H0[15;80H
wdg_main_exit_cbUBIFS error (pid 92): do_writepage: cannot write page 3 of inode[16;80H [16;80H4[16;80H9[16;80H6[16;80H0[16;80H,[16;80H [16;80He[16;80Hr[16;80Hr[16;80Ho[16;80Hr[16;80H [16;80H-[16;80H3[16;80H0[16;80H
 , signo = 15,SIUBIFS error (pid 92): make_reservation: cannot reserve 160 bytes[17;80H [17;80Hi[17;80Hn[17;80H [17;80Hj[17;80Hh[17;80He[17;80Ha[17;80Hd[17;80H [17;80H1[17;80H,[17;80H [17;80He[17;80Hr[17;80Hr[17;80Ho[17;80Hr[17;80H [17;80H-[17;80H3[17;80H0[17;80H
GINT = 2,SIGTERMUBIFS error (pid 92): ubifs_write_inode: can't write inode 4963,[18;80H [18;80He[18;80Hr[18;80Hr[18;80Ho[18;80Hr[18;80H [18;80H-[18;80H3[18;80H0[18;80H
 = 15
[main]-193: +++++++++++++++++++++++main,193++++++++++++++++++++++++
[xz_release_timer_list]-346: Have release resource.
root@dm816x:~# Stopping telnet daemon.
Stopping system message bus: dbus.
[main]-199: +++++++++++++++++++++++main,199++++++++++++++++++++++++
[23;80H [24;1H[xz_release_watchdog_service]-724: +++++++++++++++++++++++xz_release_watchdog_s[24;80H[24;80H[24;80H[24;80H[24;80H[24;80H[24;80H[24;80H[24;80H[24;80H[24;80H[24;80H[24;80H[24;80H[24;80H[24;80H[24;80H[24;80H[24;80H[24;80H[24;80H[24;80H[24;80H[24;80H[24;80H[24;80H[24;80H[24;80H[24;80H[24;80H[24;80H[24;80H[24;80H[24;80H
[23;80H+[24;1H[create_wdg_server]-664: +++++++++++++++++++++++create_wdg_server,664++++++++++[24;80H[24;80H[24;80H[24;80H[24;80H[24;80H[24;80H[24;80H[24;80H[24;80H[24;80H[24;80H[24;80H[24;80H
[23;80H+[24;1H[main]-201: +++++++++++++++++++++++main,201++++++++++++++++++++++++
[23;80H [24;1H