
Lockfile is stale. Overriding it..

[!p[?3;4l[4l>[0m(B[?1h=[H[2J[?12l[?25h
Welcome to minicom 2.7

OPTIONS: I18n 
Compiled on Jan  1 2014, 17:13:19.
Port /dev/ttyUSB2, 14:02:16

Press CTRL-A Z for help on special keys


root@xzrs:~#
 
root@xzrs:~#reboot
 reboot

Broadcast message from root@xzrs (ttyO2) (Wed Mar 23 15:03:10 2016):INIT: Sending processes the TERM signal
root@xzrs:~# INIT: Stopping telnet daemon.
Stopping system message bus: dbus.
Stopping syslogd/klogd: stopped syslogd (pid 527)
stopped klogd (pid 529)
done
ALSA: Storing mixer settings...
/usr/sbin/alsactl: save_state:1580: No soundcards found...
Deconfiguring network interfaces... done.
Sending all processes the TERM signal...
[xz_sig_exit_cb]-13: Ctrl +C received---------------------------------
[23;80H [24;1HSIGTERM Signal number = 15, Signal errno = 0
[23;80H [24;1HStream Debug: qid = 65538,Receive msg fail 
[23;80H [24;1Hwdg module, wdg_main_exit_cb , signo = 15,SIGINT = 2,SIGTERM = 15
[23;80H [24;1H[main]-216: +++++++++++++++++++++++main,216++++++++++++++++++++++++
[23;80H [24;1H[xz_sig_exit_cb]-13: Ctrl +C received---------------------------------
[23;80H [24;1HSIGTERM Signal number = 15, Signal errno = 0
[23;80H [24;1H[xz_release_timer_list]-346: Have release resource.
[23;80H [24;1H[main]-222: +++++++++++++++++++++++main,222++++++++++++++++++++++++
[23;80H [24;1H[xz_release_watchdog_service]-729: +++++++++++++++++++++++xz_release_watchdog_s[24;80H[24;80H[24;80H[24;80H[24;80H[24;80H[24;80H[24;80H[24;80H[24;80H[24;80H[24;80H[24;80H[24;80H[24;80H[24;80H[24;80H[24;80H[24;80H[24;80H[24;80H[24;80H[24;80H[24;80H[24;80H[24;80H[24;80H[24;80H[24;80H[24;80H[24;80H[24;80H[24;80H[24;80H
[23;80H+[24;1H-------------Begin exit xz_nvs_exe.bin  ----------------------
[23;80H [24;1H1-------------------------------------------
[23;80H [24;1H[web_msg_module_session]-953: msgnum = 1
[23;80H [24;1H[web_msg_module_session]-954: src = 636
[23;80H [24;1H[web_msg_module_session]-955: cmd = 40
[23;80H [24;1H[web_msg_module_session]-1680: Get message WEBEXIT
[23;80H [24;1H2-------------------------------------------
[23;80H [24;1H3-------------------------------------------
[23;80H [24;1HKill queue id:65538
[23;80H [24;1H
[23;80H [24;1H [host]  9820695: IPC_BITS_IN   : Stop Done !!!
[23;80H [24;1H
[23;80H [24;1H [host] 9820716: IPCBITSIN:Link[3000001a]:
[23;80H [24;1H [host] RECV:245229[24;25HFREE:245224,DROPPED:0,AVGLATENCY:10,AVG_APP_CB_TIME:0
[23;80H [24;1H [host]  9820716: IPC_BITS_IN   : Delete in progress !!!
[23;80H [24;1H
[23;80H [24;1H [host]  9820717: IPC_BITS_IN   : Delete Done !!!
[23;80H [24;1H
[23;80H [24;1H [host] 9820725: IPCBITSIN:Link[3000001b]:
[23;80H [24;1H [host] RECV:479790[24;25HFREE:479776,DROPPED:0,AVGLATENCY:17,AVG_APP_CB_TIME:7
[23;80H [24;1H [host]  9820725: IPC_BITS_IN   : Delete in progress !!!
[23;80H [24;1H
[23;80H [24;1H [host]  9820726: IPC_BITS_IN   : Delete Done !!!
[23;80H [24;1H 9820729: SYSTEM: System Common De-Init in progress !!!
[23;80H [24;1H
[23;80H [24;1H [host] OSA_tskDelete:In progress...
[23;80H [24;1H [host] OSA_tskDelete:In progress...
[23;80H [24;1H [host] OSA_tskDelete:In progress...
[23;80H [24;1H [host] OSA_tskDelete:In progress...
[23;80H [24;1H [host] OSA_tskDelete:In progress...
[23;80H [24;1H [host] OSA_tskDelete:In progress...
[23;80H [24;1H [host] OSA_tskDelete:In progress...
[23;80H [24;1H [host] OSA_tskDelete:In progress...
[23;80H [24;1H [host] OSA_tskDelete:In progress...
[23;80H [24;1H [host] OSA_tskDelete:In progress... 9820734: SYSTEM: IPC de-init in progress ![24;80H[24;80H
[23;80H![24;1H 9820751: SYSTEM: IPC de-init DONE !!!
[23;80H [24;1H 9820751: SYSTEM: System Common De-Init Done !!!
[23;80H [24;1H[xz_app_mgt_thr]-465: file:{xz_enc_priv.c},func:[xz_app_mgt_thr],line:-465.
[23;80H [24;1H4-------------------------------------------
[23;80H [24;1H5-------------------------------------------
[23;80H [24;1H6-------------------------------------------
[23;80H [24;1H7-------------------------------------------
[23;80H [24;1H8-------------------------------------------
[23;80H [24;1H[create_wdg_server]-669: +++++++++++++++++++++++create_wdg_server,669++++++++++[24;80H[24;80H[24;80H[24;80H[24;80H[24;80H[24;80H[24;80H[24;80H[24;80H[24;80H[24;80H[24;80H[24;80H
[23;80H+[24;1H