
[0m(B)0[?1h=[H[J
Welcome to minicom 2.7

OPTIONS: I18n 
Compiled on Jan  1 2014, 17:13:19.
Port /dev/ttyUSB0, 10:11:36

Press CTRL-A Z for help on special keys


 [c6xdsp ] Remote Debug Shared Memory @ 0xbfd00000
 [m3video] Remote Debug Shared Memory @ 0xbfd10820
 [m3vpss ] Remote Debug Shared Memory @ 0xbfd21040
syslink: disagrees about version of symbol module_layout
insmod: error inserting './kermod/syslink.ko': -1 Invalid module format
 Setting DMM priority for [DUCATI  ] to [0] ( 0x4e000624 = 0x08000000 )
 Setting DMM priority for [HDVICP0 ] to [2] ( 0x4e000634 = 0x0000000a )
 Setting DMM priority for [HDVICP1 ] to [2] ( 0x4e000634 = 0x000a0000 )
 Setting DMM priority for [HDVICP2 ] to [2] ( 0x4e000634 = 0x00a00000 )
/home/appconfig database file didn't exist, will create a default database file
/home/backup log4plus configuration file didn't exist, will create a default con[21;80Hf[21;80Hi[21;80Hg[21;80Hu[21;80Hr[21;80Ha[21;80Ht[21;80Hi[21;80Ho[21;80Hn[21;80H [21;80Hf[21;80Hi[21;80Hl[21;80He[21;80H
/home/appconfig log4plus configuration file didn't exist, will create a default [22;80Hc[22;80Ho[22;80Hn[22;80Hf[22;80Hi[22;80Hg[22;80Hu[22;80Hr[22;80Ha[22;80Ht[22;80Hi[22;80Ho[22;80Hn[22;80H [22;80Hf[22;80Hi[22;80Hl[22;80He[22;80H
Dev_pollOpen: Couldn't open /dev/syslinkipc_Osal: No such file or directory
    Please ensure that SysLink's device driver module (syslink.ko) is installed
[23;80H [24;1HOsalDrv driver open: /dev/syslinkipc_Osal: No such file or directory
[23;80H [24;1HOsalDrv driver close: /dev/syslinkipc_Osal: Bad file descriptor
[23;80H [24;1HDev_pollOpen: Couldn't open /dev/syslinkipc_MultiProc: No such file or director[24;80H
[23;80Hy[24;1H    Please ensure that SysLink's device driver module (syslink.ko) is installed
[23;80H [24;1H/dev/syslinkipc_MultiProc: No such file or directory
[23;80H [24;1HMultiProc driver close: : Bad file descriptor
[23;80H [24;1HDev_pollOpen: Couldn't open /dev/syslinkipc_SharedRegion: No such file or direc[24;80H[24;80H[24;80H[24;80H
[23;80Hy[24;1H    Please ensure that SysLink's device driver module (syslink.ko) is installed
[23;80H [24;1HSharedRegion driver open: : No such file or directory
[23;80H [24;1HSharedRegion driver close: : Bad file descriptor
[23;80H [24;1HDev_pollOpen: Couldn't open /dev/syslinkipc_GateMP: No such file or directory
[23;80H [24;1H    Please ensure that SysLink's device driver module (syslink.ko) is installed
[23;80H [24;1H/dev/syslinkipc_GateMP: No such file or directory
[23;80H [24;1HDev_pollOpen: Couldn't open /dev/syslinkipc_MessageQ: No such file or directory
[23;80H [24;1H    Please ensure that SysLink's device driver module (syslink.ko) is installed
[23;80H [24;1HMessageQ driver close: : Bad file descriptor
[23;80H [24;1HDev_pollOpen: Couldn't open /dev/syslinkipc_Notify: No such file or directory
[23;80H [24;1H    Please ensure that SysLink's device driver module (syslink.ko) is installed
[23;80H [24;1HNotify driver close: /dev/syslinkipc_Notify: Bad file descriptor
[23;80H [24;1HDev_pollOpen: Couldn't open /dev/syslinkipc_ProcMgr: No such file or directory
[23;80H [24;1H    Please ensure that SysLink's device driver module (syslink.ko) is installed
[23;80H [24;1HProcMgr driver open: /dev/syslinkipc_ProcMgr: No such file or directory
[23;80H [24;1HProcMgr driver close: /dev/syslinkipc_ProcMgr: Bad file descriptor
[23;80H [24;1HDev_pollOpen: Couldn't open /dev/syslinkipc_HeapBufMP: No such file or director[24;80H
[23;80Hy[24;1H    Please ensure that SysLink's device driver module (syslink.ko) is installed
[23;80H [24;1HDev_pollOpen: Couldn't open /dev/syslinkipc_HeapMemMP: No such file or director[24;80H
[23;80Hy[24;1H    Please ensure that SysLink's device driver module (syslink.ko) is installed
[23;80H [24;1H/dev/syslinkipc_HeapMemMP: No such file or directory
[23;80H [24;1HDev_pollOpen: Couldn't open /dev/syslinkipc_ListMP: No such file or directory
[23;80H [24;1H    Please ensure that SysLink's device driver module (syslink.ko) is installed
[23;80H [24;1H/dev/syslinkipc_ListMP: No such file or directory
[23;80H [24;1HDev_pollOpen: Couldn't open /dev/syslinkipc_RingIO: No such file or directory
[23;80H [24;1H    Please ensure that SysLink's device driver module (syslink.ko) is installed
[23;80H [24;1H/dev/syslinkipc_RingIO: No such file or directory
[23;80H [24;1HRingIO driver close: : Bad file descriptor
[23;80H [24;1HDev_pollOpen: Couldn't open /dev/syslinkipc_RingIOShm: No such file or director[24;80H
[23;80Hy[24;1H    Please ensure that SysLink's device driver module (syslink.ko) is installed
[23;80H [24;1H/dev/syslinkipc_RingIOShm: No such file or directory
[23;80H [24;1HRingIO driver close: : Bad file descriptor
[23;80H [24;1HDev_pollOpen: Couldn't open /dev/syslinkipc_ClientNotifyMgr: No such file or di[24;80H[24;80H[24;80H[24;80H[24;80H[24;80H[24;80H
[23;80Hy[24;1H    Please ensure that SysLink's device driver module (syslink.ko) is installed
[23;80H [24;1H/dev/syslinkipc_ClientNotifyMgr: No such file or directory
[23;80H [24;1HClientNotifyMgr driver close: : Bad file descriptor
[23;80H [24;1HDev_pollOpen: Couldn't open /dev/syslinkipc_FrameQBufMgr: No such file or direc[24;80H[24;80H[24;80H[24;80H
[23;80Hy[24;1H    Please ensure that SysLink's device driver module (syslink.ko) is installed
[23;80H [24;1H/dev/syslinkipc_FrameQBufMgr: No such file or directory
[23;80H [24;1HFrameQBufMgr driver close: : Bad file descriptor
[23;80H [24;1HDev_pollOpen: Couldn't open /dev/syslinkipc_FrameQ: No such file or directory
[23;80H [24;1H    Please ensure that SysLink's device driver module (syslink.ko) is installed
[23;80H [24;1H/dev/syslinkipc_FrameQ: No such file or directory
[23;80H [24;1HFrameQ driver close: : Bad file descriptor
[23;80H [24;1HDev_pollOpen: Couldn't open /dev/syslinkipc_Ipc: No such file or directory
[23;80H [24;1H    Please ensure that SysLink's device driver module (syslink.ko) is installed
[23;80H [24;1HAssertion at Line no: 344 in /home/hsw/xzrs/dvr_rdk/../ti_tools/syslink/syslink[24;80H[24;80H[24;80H[24;80H[24;80H[24;80H[24;80H[24;80H[24;80H[24;80H[24;80H[24;80H[24;80H[24;80H[24;80H[24;80H[24;80H[24;80H[24;80H[24;80H[24;80H[24;80H[24;80H[24;80H[24;80H[24;80H[24;80H[24;80H[24;80H[24;80H[24;80H[24;80H[24;80H[24;80H[24;80H[24;80H[24;80H[24;80H[24;80H[24;80H[24;80H[24;80H[24;80H[24;80H[24;80H[24;80H[24;80H[24;80H[24;80H[24;80H[24;80H[24;80H[24;80H[24;80H[24;80H[24;80H[24;80H[24;80H[24;80H[24;80H[24;80H[24;80H[24;80H[24;80H[24;80H[24;80H[24;80H[24;80H[24;80H[24;80H[24;80H[24;80H[24;80H[24;80H[24;80H[24;80H[24;80H[24;80H[24;80H[24;80H[24;80H[24;80H[24;80H[24;80H[24;80H[24;80H[24;80H[24;80H[24;80H[24;80H[24;80H[24;80H[24;80H[24;80H[24;80H[24;80H[24;80H[24;80H[24;80H[24;80H[24;80H
[23;80Hd[24;1HInvalid <Core name> specified!
[23;80H [24;1HUsage : ./fw_load.out <startup|shutdown> <Core name> [File path]
[23;80H [24;1H
[23;80H [24;1HSupported core names:
[23;80H [24;1HNote: [File path] argument is only required when first argument isDMA: Module i[24;80H[24;80H[24;80H[24;80H[24;80H[24;80H[24;80H[24;80H[24;80H[24;80H[24;80H[24;80H[24;80H[24;80H[24;80H[24;80H[24;80H[24;80H[24;80H[24;80H[24;80H[24;80H[24;80H[24;80H[24;80H[24;80H[24;80H[24;80H[24;80H[24;80H[24;80H[24;80H[24;80H[24;80H[24;80H[24;80H[24;80H[24;80H[24;80H[24;80H[24;80H[24;80H
[23;80H [24;1H 'startup' 
[23;80H [24;1HDRV: Module install successful
[23;80H [24;1HDRV: Module built on Jan 15 2016 02:40:13 
[23;80H [24;1H [c6xdsp ] Remote Debug Shared Memory @ 0xbfd00000
[23;80H [24;1H [m3video] Remote Debug Shared Memory @ 0xbfd10820
[23;80H [24;1H [m3vpss ] Remote Debug Shared Memory @ 0xbfd21040
[23;80H [24;1HDev_pollOpen: Couldn't open /dev/syslinkipc_Osal: No such file or directory
[23;80H [24;1H    Please ensure that SysLink's device driver module (syslink.ko) is installed
[23;80H [24;1HOsalDrv driver open: /dev/syslinkipc_Osal: No such file or directory
[23;80H [24;1HOsalDrv driver close: /dev/syslinkipc_Osal: Bad file descriptor
[23;80H [24;1HDev_pollOpen: Couldn't open /dev/syslinkipc_Osal: No such file or directory
[23;80H [24;1H    Please ensure that SysLink's device driver module (syslink.ko) is installed
[23;80H [24;1HOsalDrv driver open: /dev/syslinkipc_Osal: No such file or directory
[23;80H [24;1HOsalDrv driver close: /dev/syslinkipc_Osal: Bad file descriptor
[23;80H [24;1HDev_pollOpen: Couldn't open /dev/syslinkipc_MultiProc: No such file or director[24;80H
[23;80Hy[24;1H    Please ensure that SysLink's device driver module (syslink.ko) is installed
[23;80H [24;1H/dev/syslinkipc_MultiProc: No such file or directory
[23;80H [24;1HMultiProc driver close: : Bad file descriptor
[23;80H [24;1HDev_pollOpen: Couldn't open /dev/syslinkipc_MultiProc: No such file or director[24;80H
[23;80Hy[24;1H    Please ensure that SysLink's device driver module (syslink.ko) is installed
[23;80H [24;1H/dev/syslinkipc_MultiProc: No such file or directory
[23;80H [24;1HMultiProc driver close: : Bad file descriptor
[23;80H [24;1HDev_pollOpen: Couldn't open /dev/syslinkipc_SharedRegion: No such file or direc[24;80H[24;80H[24;80H[24;80H
[23;80Hy[24;1H    Please ensure that SysLink's device driver module (syslink.ko) is installed
[23;80H [24;1HSharedRegion driver open: : No such file or directory
[23;80H [24;1HSharedRegion driver close: : Bad file descriptor
[23;80H [24;1HDev_pollOpen: Couldn't open /dev/syslinkipc_SharedRegion: No such file or direc[24;80H[24;80H[24;80H[24;80H
[23;80Hy[24;1H    Please ensure that SysLink's device driver module (syslink.ko) is installed
[23;80H [24;1HSharedRegion driver open: : No such file or directory
[23;80H [24;1HSharedRegion driver close: : Bad file descriptor
[23;80H [24;1HDev_pollOpen: Couldn't open /dev/syslinkipc_GateMP: No such file or directory
[23;80H [24;1H    Please ensure that SysLink's device driver module (syslink.ko) is installed
[23;80H [24;1H/dev/syslinkipc_GateMP: No such file or directory
[23;80H [24;1HDev_pollOpen: Couldn't open /dev/syslinkipc_GateMP: No such file or directory
[23;80H [24;1H    Please ensure that SysLink's device driver module (syslink.ko) is installed
[23;80H [24;1H/dev/syslinkipc_GateMP: No such file or directory
[23;80H [24;1HDev_pollOpen: Couldn't open /dev/syslinkipc_MessageQ: No such file or directory
[23;80H [24;1H    Please ensure that SysLink's device driver module (syslink.ko) is installed
[23;80H [24;1HMessageQ driver close: : Bad file descriptor
[23;80H [24;1HDev_pollOpen: Couldn't open /dev/syslinkipc_MessageQ: No such file or directory
[23;80H [24;1H    Please ensure that SysLink's device driver module (syslink.ko) is installed
[23;80H [24;1HMessageQ driver close: : Bad file descriptor
[23;80H [24;1HDev_pollOpen: Couldn't open /dev/syslinkipc_Notify: No such file or directory
[23;80H [24;1H    Please ensure that SysLink's device driver module (syslink.ko) is installed
[23;80H [24;1HNotify driver close: /dev/syslinkipc_Notify: Bad file descriptor
[23;80H [24;1HDev_pollOpen: Couldn't open /dev/syslinkipc_Notify: No such file or directory
[23;80H [24;1H    Please ensure that SysLink's device driver module (syslink.ko) is installed
[23;80H [24;1HNotify driver close: /dev/syslinkipc_Notify: Bad file descriptor
[23;80H [24;1HDev_pollOpen: Couldn't open /dev/syslinkipc_ProcMgr: No such file or directory
[23;80H [24;1H    Please ensure that SysLink's device driver module (syslink.ko) is installed
[23;80H [24;1HProcMgr driver open: /dev/syslinkipc_ProcMgr: No such file or directory
[23;80H [24;1HProcMgr driver close: /dev/syslinkipc_ProcMgr: Bad file descriptor
[23;80H [24;1HDev_pollOpen: Couldn't open /dev/syslinkipc_ProcMgr: No such file or directory
[23;80H [24;1H    Please ensure that SysLink's device driver module (syslink.ko) is installed
[23;80H [24;1HProcMgr driver open: /dev/syslinkipc_ProcMgr: No such file or directory
[23;80H [24;1HProcMgr driver close: /dev/syslinkipc_ProcMgr: Bad file descriptor
[23;80H [24;1HDev_pollOpen: Couldn't open /dev/syslinkipc_HeapBufMP: No such file or director[24;80H
[23;80Hy[24;1H    Please ensure that SysLink's device driver module (syslink.ko) is installed
[23;80H [24;1HDev_pollOpen: Couldn't open /dev/syslinkipc_HeapBufMP: No such file or director[24;80H
[23;80Hy[24;1H    Please ensure that SysLink's device driver module (syslink.ko) is installed
[23;80H [24;1HDev_pollOpen: Couldn't open /dev/syslinkipc_HeapMemMP: No such file or director[24;80H
[23;80Hy[24;1H    Please ensure that SysLink's device driver module (syslink.ko) is installed
[23;80H [24;1H/dev/syslinkipc_HeapMemMP: No such file or directory
[23;80H [24;1HDev_pollOpen: Couldn't open /dev/syslinkipc_HeapMemMP: No such file or director[24;80H
[23;80Hy[24;1H    Please ensure that SysLink's device driver module (syslink.ko) is installed
[23;80H [24;1H/dev/syslinkipc_HeapMemMP: No such file or directory
[23;80H [24;1HDev_pollOpen: Couldn't open /dev/syslinkipc_ListMP: No such file or directory
[23;80H [24;1H    Please ensure that SysLink's device driver module (syslink.ko) is installed
[23;80H [24;1H/dev/syslinkipc_ListMP: No such file or directory
[23;80H [24;1HDev_pollOpen: Couldn't open /dev/syslinkipc_ListMP: No such file or directory
[23;80H [24;1H    Please ensure that SysLink's device driver module (syslink.ko) is installed
[23;80H [24;1H/dev/syslinkipc_ListMP: No such file or directory
[23;80H [24;1HDev_pollOpen: Couldn't open /dev/syslinkipc_RingIO: No such file or directory
[23;80H [24;1H    Please ensure that SysLink's device driver module (syslink.ko) is installed
[23;80H [24;1H/dev/syslinkipc_RingIO: No such file or directory
[23;80H [24;1HRingIO driver close: : Bad file descriptor
[23;80H [24;1HDev_pollOpen: Couldn't open /dev/syslinkipc_RingIO: No such file or directory
[23;80H [24;1H    Please ensure that SysLink's device driver module (syslink.ko) is installed
[23;80H [24;1H/dev/syslinkipc_RingIO: No such file or directory
[23;80H [24;1HRingIO driver close: : Bad file descriptor
[23;80H [24;1HDev_pollOpen: Couldn't open /dev/syslinkipc_RingIOShm: No such file or director[24;80H
[23;80Hy[24;1H    Please ensure that SysLink's device driver module (syslink.ko) is installed
[23;80H [24;1H/dev/syslinkipc_RingIOShm: No such file or directory
[23;80H [24;1HRingIO driver close: : Bad file descriptor
[23;80H [24;1HDev_pollOpen: Couldn't open /dev/syslinkipc_RingIOShm: No such file or director[24;80H
[23;80Hy[24;1H    Please ensure that SysLink's device driver module (syslink.ko) is installed
[23;80H [24;1H/dev/syslinkipc_RingIOShm: No such file or directory
[23;80H [24;1HRingIO driver close: : Bad file descriptor
[23;80H [24;1HDev_pollOpen: Couldn't open /dev/syslinkipc_ClientNotifyMgr: No such file or di[24;80H[24;80H[24;80H[24;80H[24;80H[24;80H[24;80H
[23;80Hy[24;1H    Please ensure that SysLink's device driver module (syslink.ko) is installed
[23;80H [24;1H/dev/syslinkipc_ClientNotifyMgr: No such file or directory
[23;80H [24;1HClientNotifyMgr driver close: : Bad file descriptor
[23;80H [24;1HDev_pollOpen: Couldn't open /dev/syslinkipc_ClientNotifyMgr: No such file or di[24;80H[24;80H[24;80H[24;80H[24;80H[24;80H[24;80H
[23;80Hy[24;1H    Please ensure that SysLink's device driver module (syslink.ko) is installed
[23;80H [24;1H/dev/syslinkipc_ClientNotifyMgr: No such file or directory
[23;80H [24;1HClientNotifyMgr driver close: : Bad file descriptor
[23;80H [24;1HDev_pollOpen: Couldn't open /dev/syslinkipc_FrameQBufMgr: No such file or direc[24;80H[24;80H[24;80H[24;80H
[23;80Hy[24;1H    Please ensure that SysLink's device driver module (syslink.ko) is installed
[23;80H [24;1H/dev/syslinkipc_FrameQBufMgr: No such file or directory
[23;80H [24;1HFrameQBufMgr driver close: : Bad file descriptor
[23;80H [24;1HDev_pollOpen: Couldn't open /dev/syslinkipc_FrameQBufMgr: No such file or direc[24;80H[24;80H[24;80H[24;80H
[23;80Hy[24;1H    Please ensure that SysLink's device driver module (syslink.ko) is installed
[23;80H [24;1H/dev/syslinkipc_FrameQBufMgr: No such file or directory
[23;80H [24;1HFrameQBufMgr driver close: : Bad file descriptor
[23;80H [24;1HDev_pollOpen: Couldn't open /dev/syslinkipc_FrameQ: No such file or directory
[23;80H [24;1H    Please ensure that SysLink's device driver module (syslink.ko) is installed
[23;80H [24;1H/dev/syslinkipc_FrameQ: No such file or directory
[23;80H [24;1HFrameQ driver close: : Bad file descriptor
[23;80H [24;1HDev_pollOpen: Couldn't open /dev/syslinkipc_FrameQ: No such file or directory
[23;80H [24;1H    Please ensure that SysLink's device driver module (syslink.ko) is installed
[23;80H [24;1H/dev/syslinkipc_FrameQ: No such file or directory
[23;80H [24;1HFrameQ driver close: : Bad file descriptor
[23;80H [24;1HDev_pollOpen: Couldn't open /dev/syslinkipc_Ipc: No such file or directory
[23;80H [24;1H    Please ensure that SysLink's device driver module (syslink.ko) is installed
[23;80H [24;1HAssertion at Line no: 344 in /home/hsw/xzrs/dvr_rdk/../ti_tools/syslink/syslink[24;80H[24;80H[24;80H[24;80H[24;80H[24;80H[24;80H[24;80H[24;80H[24;80H[24;80H[24;80H[24;80H[24;80H[24;80H[24;80H[24;80H[24;80H[24;80H[24;80H[24;80H[24;80H[24;80H[24;80H[24;80H[24;80H[24;80H[24;80H[24;80H[24;80H[24;80H[24;80H[24;80H[24;80H[24;80H[24;80H[24;80H[24;80H[24;80H[24;80H[24;80H[24;80H[24;80H[24;80H[24;80H[24;80H[24;80H[24;80H[24;80H[24;80H[24;80H[24;80H[24;80H[24;80H[24;80H[24;80H[24;80H[24;80H[24;80H[24;80H[24;80H[24;80H[24;80H[24;80H[24;80H[24;80H[24;80H[24;80H[24;80H[24;80H[24;80H[24;80H[24;80H[24;80H[24;80H[24;80H[24;80H[24;80H[24;80H[24;80H[24;80H[24;80H[24;80H[24;80H[24;80H[24;80H[24;80H[24;80H[24;80H[24;80H[24;80H[24;80H[24;80H[24;80H[24;80H[24;80H[24;80H[24;80H[24;80H[24;80H[24;80H
[23;80Hd[24;1HInvalid <Core name> specified!
[23;80H [24;1HUsage : ./fw_load.out <startup|shutdown> <Core name> [File path]
[23;80H [24;1H
[23;80H [24;1HSupported core names:
[23;80H [24;1HNote: [File path] argument is only required when first argument is 'startup' 
[23;80H [24;1HDev_pollOpen: Couldn't open /dev/syslinkipc_Ipc: No such file or directory
[23;80H [24;1H    Please ensure that SysLink's device driver module (syslink.ko) is installed
[23;80H [24;1HAssertion at Line no: 344 in /home/hsw/xzrs/dvr_rdk/../ti_tools/syslink/syslink[24;80H[24;80H[24;80H[24;80H[24;80H[24;80H[24;80H[24;80H[24;80H[24;80H[24;80H[24;80H[24;80H[24;80H[24;80H[24;80H[24;80H[24;80H[24;80H[24;80H[24;80H[24;80H[24;80H[24;80H[24;80H[24;80H[24;80H[24;80H[24;80H[24;80H[24;80H[24;80H[24;80H[24;80H[24;80H[24;80H[24;80H[24;80H[24;80H[24;80H[24;80H[24;80H[24;80H[24;80H[24;80H[24;80H[24;80H[24;80H[24;80H[24;80H[24;80H[24;80H[24;80H[24;80H[24;80H[24;80H[24;80H[24;80H[24;80H[24;80H[24;80H[24;80H[24;80H[24;80H[24;80H[24;80H[24;80H[24;80H[24;80H[24;80H[24;80H[24;80H[24;80H[24;80H[24;80H[24;80H[24;80H[24;80H[24;80H[24;80H[24;80H[24;80H[24;80H[24;80H[24;80H[24;80H[24;80H[24;80H[24;80H[24;80H[24;80H[24;80H[24;80H[24;80H[24;80H[24;80H[24;80H[24;80H[24;80H[24;80H[24;80H
[23;80Hd[24;1HInvalid <Core name> specified!
[23;80H [24;1HUsage : ./fw_load.out <startup|shutdown> <Core name> [File path]
[23;80H [24;1H
[23;80H [24;1HSupported core names:
[23;80H [24;1HNote: [File path] argument is only required when first argument is 'startup' 
[23;80H [24;1HPHY: 0:01 - Link is Up - 100/Full
[23;80H [24;1H
[23;80H [24;1H
[23;80H [24;1HU-Boot 2010.06 (Jan 06 2016 - 09:51:51)
[23;80H [24;1H
[23;80H [24;1HCDXZRS-GP rev 1.0
[23;80H [24;1H
[23;80H [24;1HI2C:   ready
[23;80H [24;1HDRAM:  2 GiB
[23;80H [24;1HNAND:  HW ECC BCH8 Selected
[23;80H [24;1H256 MiB
[23;80H [24;1HMMC:   OMAP SD/MMC: 0
[23;80H [24;1H