
[!p[?3;4l[4l>[0m(B[?1h=[H[2J[?12l[?25h
Welcome to minicom 2.7

OPTIONS: I18n 
Compiled on Jan  1 2014, 17:13:19.
Port /dev/ttyUSB0, 11:17:12

Press CTRL-A Z for help on special keys


root@dm816x:~#reboot
 reboot

Broadcast message from root@dm816x (console) (Fri Aug 14 14:01:36 2015):

The system is gINIT: Sending processes the TERM signal
root@dm816x:~# Stopping telnet daemon.
Stopping system message bus: dbus.
VPSS_FVID2: send control with cmd 0x10040018 status 0xfffffff0
VPSS_DCTRL: failed to get node input status
VPSS_GRPX : failed to set grpx0 nodes
ti81xxfb ti81xxfb: fvid2 create failed.
Error opening /dev/fb0: Invalid argument
Stopping syslogd/klogd: stopped syslogd (pid 567)
stopped klogd (pid 569)
[23;80H [24;1Hdone
[23;80H [24;1HALSA: Storing mixer settings...
[23;80H [24;1HDeconfiguring network interfaces... done.
[23;80H [24;1HSending all processes the TERM signal...
[23;80H [24;1HSending all processes the KILL signal...
[23;80H [24;1HUnmounting remote filesystems...
[23;80H [24;1HDeactivating swap...
[23;80H [24;1HUnmounting local filesystems...
[23;80H [24;1HRebooting... 