
[0m(B)0[?1h=[H[J
Welcome to minicom 2.7

OPTIONS: I18n 
Compiled on Jan  1 2014, 17:13:19.
Port /dev/ttyUSB3, 17:43:20

Press CTRL-A Z for help on special keys



U-Boot 2010.06 (Aug 14 2014 - 21:58:33)

TI8168-GP rev 2.1

HDVICP clk     : 533MHz
L3 Fast clk    : 500MHz
HDVPSS clk     : 250MHz
Ducati M3 clk  : 250MHz
DSP clk        : 800MHz
ARM clk        : 987MHz
DDR clk        : 796MHz

I2C:   ready
[23;80H [24;1HDRAM:  2 GiB
[23;80H [24;1HNAND:  HW ECC BCH8 Selected
[23;80H [24;1H256 MiB
[23;80H [24;1HMMC:   OMAP SD/MMC: 0
[23;80H [24;1H                                                                 
[23;80H [24;1H                                                                 
[23;80H [24;1H                   D S P D S P D S P D S                         
[23;80H [24;1H               P D S P D S P D S P D S P D                       
[23;80H [24;1H             S P D S P D S P D S P D S P D                       
[23;80H [24;1H             S P D S P D S P D S P D S P D   S P D               
[23;80H [24;1H               S P D S P D S P D S P D S     P D S P             
[23;80H [24;1H                 D S P D S P D S P D S P   D S P D S P           
[23;80H [24;1H                   D S P D S P D S P D S P D S P D S P           
[23;80H [24;1H                     D S P D S P D S P D S P D S P D S P         
[23;80H [24;1H                     D S P D S P D S P D S P D S P D S P         
[23;80H [24;1H                       D S P D S P D S P D S P D S P D S P       
[23;80H [24;1H                       D S P D S P D S P D S P D S P D S P       
[23;80H [24;1H                       D S P D S P D S P D S P D S P D S P       
[23;80H [24;1H                       D S P D S P D S P D S P D S P D S P       
[23;80H [24;1H                       D S P D S P D S P D S P D S P D S P       
[23;80H [24;1H                       D S P D S P D S P D S P D S P D S P       
[23;80H [24;1H                       D S P D S P D S P D S P D S P D S P       
[23;80H [24;1H                     D S P D S P D S P D S P D S P D S P D       
[23;80H [24;1H                     S P D S P D S         P D S P D S P D       
[23;80H [24;1H                   S P D S P D               S P D S P D         
[23;80H [24;1H                   S P D S P                   D S P D S         
[23;80H [24;1H                 P D S P D                       S P D S         
[23;80H [24;1H                 P D S P                         D S P           
[23;80H [24;1H               D S P D                           S P D           
[23;80H [24;1H             S P D S                             P D             
[23;80H [24;1H             S P D                                               
[23;80H [24;1H             S P D                                               
[23;80H [24;1H                                                                 
[23;80H [24;1H
[23;80H [24;1HNet:   Ethernet PHY: GENERIC @ 0x01
[23;80H [24;1HDaVinci EMAC
[23;80H [24;1HHit any key to stop autoboot:  
3  0 
[23;80H [24;1HYX-UBOOT # 