
Lockfile is stale. Overriding it..

[!p[?3;4l[4l>[0m(B[?1h=[H[2J[?12l[?25h
Welcome to minicom 2.7

OPTIONS: I18n 
Compiled on Jan  1 2014, 17:13:19.
Port /dev/ttyUSB1, 09:45:12

Press CTRL-A Z for help on special keys


TCP: Possible SYN flooding on port 6010. Dropping request.
Unable to handle kernel NULL pointer dereference at virtual address 00000008
pgd = ccb24000
[00000008] *pgd=8caf6031, *pte=00000000, *ppte=00000000
Internal error: Oops: 17 [#2]
last sysfs file: /sys/devices/virtual/TI81XX_HDMI/TI81XX_HDMI/uevent
Modules linked in: gpiorw ti81xxhdmi ti81xxfb vpss osa_kermod syslink
CPU: 0    Tainted: G      D      (2.6.37 #2)
PC is at rb_insert_color+0x1c/0x134
LR is at __vma_link_rb+0x30/0x34
pc : [<c01c8ec8>]    lr : [<c00b9b54>]    psr: 60000013
sp : cd5c9e68  ip : cd5c9e90  fp : cd5c9e8c
r10: cdd39c80  r9 : cdd39c7c  r8 : 00000000
r7 : cd4ac304  r6 : cdd39b1c  r5 : 00000000  r4 : cdd39124
[23;80H [24;1Hr3 : cdd39124  r2 : cdd39b1d  r1 : cd4ac304  r0 : cdd393e4
[23;80H [24;1HFlags: nZCv  IRQs on  FIQs on  Mode SVC_32  ISA ARM  Segment user
[23;80H [24;1HControl: 10c5387d  Table: 8cb24019  DAC: 00000015
[23;80H [24;1HProcess boa (pid: 662, stack limit = 0xcd5c82e8)
[23;80H [24;1HStack: (0xcd5c9e68 to 0xcd5ca000)
[23;80H [24;1H9e60:                   00000000 cd4ac300 cdd393c8 cd4ea478 cdeef900 00000000
[23;80H [24;1H9e80: cd5c9e9c cd5c9e90 c00b9b54 c01c8eb8 cd5c9edc cd5c9ea0 c006fa28 c00b9b30
[23;80H [24;1H9ea0: cdd39c6c cd4ac334 cdeef934 cdd39c60 00000000 cd4422c0 01200011 00000000
[23;80H [24;1H9ec0: cd4423b0 cdf10240 c0511c30 00000000 cd5c9f2c cd5c9ee0 c00701b0 c006f7d8
[23;80H [24;1H9ee0: c00c95a4 c019eed4 cde79908 00000000 cd5c9fb0 be852998 00000000 00000000
[23;80H [24;1H9f00: 00000000 01200011 cd5c9fb0 00000000 00000000 00000000 be852998 00000000
[23;80H [24;1H9f20: cd5c9f8c cd5c9f30 c0070930 c006fbc4 40054068 00000000 00000000 cd5c9f78
[23;80H [24;1H9f40: cd5c9f74 cd5c9f50 c00d0308 c00c6b04 0002ffd0 cde79700 00000004 00000800
[23;80H [24;1H9f60: 00000012 40054068 be852998 00000296 00000078 c0049568 cd5c8000 00000000
[23;80H [24;1H9f80: cd5c9fa4 cd5c9f90 c004cc34 c00707f0 00000000 40054068 00000000 cd5c9fa8
[23;80H [24;1H9fa0: c00493c0 c004cc0c 40054068 cd5c9fb0 01200011 00000000 00000000 00000000
[23;80H [24;1H9fc0: 40054068 be852998 00000296 00000078 4037a000 40054000 00022200 be8529cc
[23;80H [24;1H9fe0: 400544c0 be852998 00000296 402e5ff8 60000010 01200011 00000000 00000000
[23;80H [24;1HBacktrace: 
[23;80H [24;1H[<c01c8eac>] (rb_insert_color+0x0/0x134) from [<c00b9b54>] (__vma_link_rb+0x30/[24;80H[24;80H[24;80H[24;80H[24;80H
[23;80H)[24;1H r8:00000000 r7:cdeef900 r6:cd4ea478 r5:cdd393c8 r4:cd4ac300
[23;80H [24;1Hr3:00000000
[23;80H [24;1H[<c00b9b24>] (__vma_link_rb+0x0/0x34) from [<c006fa28>] (dup_mm+0x25c/0x3ac)
[23;80H [24;1H[<c006f7cc>] (dup_mm+0x0/0x3ac) from [<c00701b0>] (copy_process+0x5f8/0xbf8)
[23;80H [24;1H[<c006fbb8>] (copy_process+0x0/0xbf8) from [<c0070930>] (do_fork+0x14c/0x2b0)
[23;80H [24;1H[<c00707e4>] (do_fork+0x0/0x2b0) from [<c004cc34>] (sys_clone+0x34/0x3c)
[23;80H [24;1H[<c004cc00>] (sys_clone+0x0/0x3c) from [<c00493c0>] (ret_fast_syscall+0x0/0x30)
[23;80H [24;1HCode: e1a06000 e1a07001 ea00003b e3c55003 (e5953008) 
[23;80H [24;1H---[ end trace c9259c8d65a4faa0 ]---
[23;80H [24;1H