
[!p[?3;4l[4l>[0m(B[?1h=[H[2J[?12l[?25h
Welcome to minicom 2.7

OPTIONS: I18n 
Compiled on Jan  1 2014, 17:13:19.
Port /dev/ttyUSB1, 10:30:16

Press CTRL-A Z for help on special keys


bootcmd=if mmc rescan 0; then if run loadbootscript; then run bootscript; else e[11;80Hc[11;80Hh[11;80Ho[11;80H [11;80HI[11;80Hn[11;80H [11;80Hc[11;80Ha[11;80Hs[11;80He[11;80H [11;80HE[11;80HN[11;80HV[11;80H [11;80Ho[11;80Hn[11;80H [11;80HM[11;80HM[11;80HC[11;80H/[11;80HS[11;80HD[11;80H [11;80Hi[11;80Hs[11;80H [11;80Hr[11;80He[11;80Hq[11;80Hu[11;80Hi[11;80Hr[11;80He[11;80Hd[11;80H;[11;80H [11;80He[11;80Hc[11;80Hh[11;80Ho[11;80H [11;80HP[11;80Hl[11;80He[11;80Ha[11;80Hs[11;80He[11;80H [11;80Hp[11;80Hu[11;80Ht[11;80H [11;80Ha[11;80H [11;80Hv[11;80Ha[11;80Hl[11;80Hi[11;80Hd[11;80H [11;80Hs[11;80Hc[11;80Hr[11;80Hi[11;80Hp[11;80Ht[11;80H [11;80Hn[11;80Ha[11;80Hm[11;80He[11;80Hd[11;80H [11;80Hb[11;80Ho[11;80Ho[11;80Ht[11;80H.[11;80Hs[11;80Hc[11;80Hr[11;80H [11;80Ho[11;80Hn[11;80H [11;80Ht[11;80Hh[11;80He[11;80H [11;80Hc[11;80Ha[11;80Hr[11;80Hd[11;80H;[11;80H [11;80He[11;80Hc[11;80Hh[11;80Ho[11;80H [11;80HR[11;80He[11;80Hf[11;80He[11;80Hr[11;80H [11;80Ht[11;80Ho[11;80H [11;80Ht[11;80Hh[11;80He[11;80H [11;80HU[11;80Hs[11;80He[11;80Hr[11;80H [11;80HG[11;80Hu[11;80Hi[11;80Hd[11;80He[11;80H [11;80Ho[11;80Hn[11;80H [11;80Hh[11;80Ho[11;80Hw[11;80H [11;80Ht[11;80Ho[11;80H [11;80Hg[11;80He[11;80Hn[11;80He[11;80Hr[11;80Ha[11;80Ht[11;80He[11;80H [11;80Ht[11;80Hh[11;80He[11;80H [11;80Hi[11;80Hm[11;80Ha[11;80Hg[11;80He[11;80H;[11;80H [11;80Hf[11;80Hi[11;80H;[11;80H [11;80He[11;80Hl[11;80Hs[11;80He[11;80H [11;80He[11;80Hc[11;80Hh[11;80Ho[11;80H [11;80HP[11;80Hl[11;80He[11;80Ha[11;80Hs[11;80He[11;80H [11;80Hs[11;80He[11;80Ht[11;80H [11;80Hb[11;80Ho[11;80Ho[11;80Ht[11;80Ha[11;80Hr[11;80Hg[11;80Hs[11;80H [11;80Ha[11;80Hn[11;80Hd[11;80H [11;80Hb[11;80Ho[11;80Ho[11;80Ht[11;80Hc[11;80Hm[11;80Hd[11;80H [11;80Hb[11;80He[11;80Hf[11;80Ho[11;80Hr[11;80He[11;80H [11;80Hb[11;80Ho[11;80Ho[11;80Ht[11;80Hi[11;80Hn[11;80Hg[11;80H [11;80Ht[11;80Hh[11;80He[11;80H [11;80Hk[11;80He[11;80Hr[11;80Hn[11;80He[11;80Hl[11;80H;[11;80H [11;80He[11;80Hc[11;80Hh[11;80Ho[11;80H [11;80HI[11;80Hf[11;80H [11;80Ht[11;80Hh[11;80Ha[11;80Ht[11;80H [11;80Hh[11;80Ha[11;80Hs[11;80H [11;80Ha[11;80Hl[11;80Hr[11;80He[11;80Ha[11;80Hd[11;80Hy[11;80H [11;80Hb[11;80He[11;80He[11;80Hn[11;80H [11;80Hd[11;80Ho[11;80Hn[11;80He[11;80H [11;80Hp[11;80Hl[11;80He[11;80Ha[11;80Hs[11;80He[11;80H [11;80Hi[11;80Hg[11;80Hn[11;80Ho[11;80Hr[11;80He[11;80H [11;80Ht[11;80Hh[11;80Hi[11;80Hs[11;80H [11;80Hm[11;80He[11;80Hs[11;80Hs[11;80Ha[11;80Hg[11;80He[11;80H;[11;80H [11;80Hf[11;80Hi[11;80H
bootdelay=3
baudrate=115200
autoload=no
verify=yes
bootfile=uImage
ramdisk_file=ramdisk.gz
loadaddr=0x81000000
script_addr=0x80900000
loadbootscript=fatload mmc 0 ${script_addr} boot.scr
bootscript= echo Running bootscript from MMC/SD to set the ENV...; source ${scri[21;80Hp[21;80Ht[21;80H_[21;80Ha[21;80Hd[21;80Hd[21;80Hr[21;80H}[21;80H
stdin=serial
stdout=serial
stderr=serial
[23;80H [24;1Hethaddr=d0:ff:50:ab:1c:4c
[23;80H [24;1Hethact=DaVinci EMAC
[23;80H [24;1Hver=U-Boot 2010.06 (Jul 30 2014 - 21:17:05)
[23;80H [24;1H
[23;80H [24;1HEnvironment size: 783/8188 bytes
[23;80H [24;1HXZ_8168#reset
reset
[23;80H [24;1Hresetting ...
[23;80H [24;1H
[23;80H [24;1H
[23;80H [24;1HU-Boot 2010.06 (Jul 30 2014 - 21:17:05)
[23;80H [24;1H
[23;80H [24;1HTI8168-GP rev 2.1
[23;80H [24;1H
[23;80H [24;1HARM clk: 987MHz
[23;80H [24;1HDDR clk: 796MHz
[23;80H [24;1HHDVICP clk: 600MHz
[23;80H [24;1HL3 Fast clk: 560MHz
[23;80H [24;1HHDVPSS clk: 280MHz
[23;80H [24;1HDucati M3 clk: 280MHz
[23;80H [24;1H
[23;80H [24;1HI2C:   ready
[23;80H [24;1HDRAM:  2 GiB
[23;80H [24;1HNAND:  HW ECC BCH8 Selected
[23;80H [24;1H256 MiB
[23;80H [24;1HMMC:   OMAP SD/MMC: 0
[23;80H [24;1H*** Warning - bad CRC or NAND, using default environment
[23;80H [24;1H
[23;80H [24;1H:,;;:;:;;;;;;;;r;;:,;;:;:;;;;;;;;:,;;:;:;;;;;;;;:,;;:;:;;;;;;;;:;;;;;;;;:,;;:;:
[23;80H [24;1H;,;:::;;;;r;;;rssiSiS552X5252525259GX2X9hX9X9XX2325S55252i5:,;;:;:;;;;;;;;:,;;:
[23;80H [24;1H;:;;;;;;;rrssSsS52S22h52299GGAAMHMM#BBH#B#HMM#HMBA&&XX2255S2S5Si:,;;:;:;;;;;;;;
[23;80H [24;1H;:;;r;;rsrrriiXS5S329&A&MH#BMB#A&9XXA252GXiSXX39AAMMMBB&G22S5i2SSiiiisi:,;;:;:;
[23;80H [24;1H;;;;;r;rr2iisiih393HB#B#AA99i22irrrX3X52AGsisss2Xii2299HBMA&X2S5S5iSiisSsi:,;;:
[23;80H [24;1Hr:r;rrsrsihXSi2&##MHB&Ahh3AGHGA9G9h&#H##@@@##MAMMXXX9SSS29&&HGGX2i5iisiiisisi:,
[23;80H [24;1H;;rrrrsSiiiA&ABH&A9GAGhAhBAMHA9HM@@@@@@@@@@@@@@@@@@@HHhAh2S2SX9&Gh22SSiisiiisii
[23;80H [24;1Hr:rrssisiS2XM##&h3AGAX&3GG3Ssr5H@M#HM2; ;2X&&&MHMB###GBB#B&XXSSs529XX55iSsisisi
[23;80H [24;1Hr;rsrisSi2XHAhX99A3XXG&&XS;:,rH#HGhAS   @@@@3rs2XBM@@A552&&AHA2XiisSS252SSsisSs
[23;80H [24;1Hr;issi5S22&&3iSSX292&hXsr;;:;h@&G339&S9@@@@2@MA&9&HB##Xris29ABMAAX2ir;rsSi5iss5
[23;80H [24;1HrrsSi2XhG&9GXh399&X99i;;;;;;r#H&293H9X#@@@@@@@B&9GhAH@XrrsrsiXABHB&HG2rr;rrSiSi
[23;80H [24;1H;:rsisS599&AA9XG&3A35r;:::;,;BMh&&2iX5A@@@@@@@&392X5GB2;;;r;iSX393A##A&Xi:::rsi
[23;80H [24;1H;:rss552222X553&XHMhir;;::,:,h#HhGSXhG3#@@@@#AXXS2XAHA;::;;;;ss55XShBA3239r:,;;
[23;80H [24;1Hr;ii2S5SSi2i53hirsh2srr::,,,,;MMXX359&Ah3h&Si59SX99A#i:,::::;;sri2,.2r;:SGAr;,:
[23;80H [24;1H;:;rrrrssiriXGSi::shs;;;,,,:,,rBBA9h5s5h5iS5isi2SAHB5:,,,:::;rrs5&SrisSX5Srrr:,
[23;80H [24;1H;,r;;;;rsriSSrrrr;;5Xrr;;,:,,.,;9AA2SsisS5323XXXG9&i:.,,::;;r;;;srrrrrr;;:;::::
[23;80H [24;1H:,;r;r;rrissrrr;:;::;s;;;;,:,,..,r293h222hXXAAGGGX;:,,,:,:,::;:;::,:,,,,...,,,,
[23;80H [24;1H;,;;;;rrrrrrrrirr;,.,,:::::::,,,,.,;SX&ABAB2hhXir:,,.,,.,,:,,,,..,,,..,..,,,..:
[23;80H [24;1H:.:;:;;;:;;;;r;rrs;:.. ,,:::::,:,:,,.::rrsrr;;,,.......,..,....,,,,,,,...,.,,:,
[23;80H [24;1H:.:::,::::::;;r;rrr;:.......,.,.,,:::,,...............,,::.,,,,:,::,,:,:,,,:,;:
[23;80H [24;1H,.::,:,,,,,;;;;;;;;r;;::,..............................;;;:;::::,:::::::,:,:,,,
[23;80H [24;1H: ,,:,,,,,,,,,,,,,:;rrr;;:;,,,,,,,::,.,.:.,.,;s,:;;;;:;:;;;;;::::,:::,:::,:,:,:
[23;80H [24;1H,.,,,,,,,...,,.,,....................................:,............:,,,:,:,,,,,
[23;80H [24;1H
[23;80H [24;1HNet:   <ethaddr> not set. Reading from E-fuse
[23;80H [24;1HDetected MACID:d0:ff:50:ab:1c:4c
[23;80H [24;1HEthernet PHY: GENERIC @ 0x01
[23;80H [24;1HDaVinci EMAC
[23;80H [24;1HHit any key to stop autoboot: 
 3  0 
[23;80H [24;1HXZ_8168#